14-Sep-2016 21:00:47.421 INFO [main] org.apache.catalina.startup.VersionLoggerListener.log Server version:        Apache Tomcat/8.0.28
14-Sep-2016 21:00:47.423 INFO [main] org.apache.catalina.startup.VersionLoggerListener.log Server built:          Oct 7 2015 18:25:21 UTC
14-Sep-2016 21:00:47.424 INFO [main] org.apache.catalina.startup.VersionLoggerListener.log Server number:         8.0.28.0
14-Sep-2016 21:00:47.424 INFO [main] org.apache.catalina.startup.VersionLoggerListener.log OS Name:               Linux
14-Sep-2016 21:00:47.424 INFO [main] org.apache.catalina.startup.VersionLoggerListener.log OS Version:            4.2.0-c9
14-Sep-2016 21:00:47.424 INFO [main] org.apache.catalina.startup.VersionLoggerListener.log Architecture:          amd64
14-Sep-2016 21:00:47.424 INFO [main] org.apache.catalina.startup.VersionLoggerListener.log Java Home:             /usr/lib/jvm/java-7-openjdk-amd64/jre
14-Sep-2016 21:00:47.424 INFO [main] org.apache.catalina.startup.VersionLoggerListener.log JVM Version:           1.7.0_111-b01
14-Sep-2016 21:00:47.425 INFO [main] org.apache.catalina.startup.VersionLoggerListener.log JVM Vendor:            Oracle Corporation
14-Sep-2016 21:00:47.425 INFO [main] org.apache.catalina.startup.VersionLoggerListener.log CATALINA_BASE:         /home/ubuntu/workspace/tomcat-mysql-c9-master/tomcat
14-Sep-2016 21:00:47.425 INFO [main] org.apache.catalina.startup.VersionLoggerListener.log CATALINA_HOME:         /home/ubuntu/workspace/tomcat-mysql-c9-master/tomcat
14-Sep-2016 21:00:47.425 INFO [main] org.apache.catalina.startup.VersionLoggerListener.log Command line argument: -Djava.util.logging.config.file=/home/ubuntu/workspace/tomcat-mysql-c9-master/tomcat/conf/logging.properties
14-Sep-2016 21:00:47.425 INFO [main] org.apache.catalina.startup.VersionLoggerListener.log Command line argument: -Djava.util.logging.manager=org.apache.juli.ClassLoaderLogManager
14-Sep-2016 21:00:47.426 INFO [main] org.apache.catalina.startup.VersionLoggerListener.log Command line argument: -Djava.endorsed.dirs=/home/ubuntu/workspace/tomcat-mysql-c9-master/tomcat/endorsed
14-Sep-2016 21:00:47.426 INFO [main] org.apache.catalina.startup.VersionLoggerListener.log Command line argument: -Dcatalina.base=/home/ubuntu/workspace/tomcat-mysql-c9-master/tomcat
14-Sep-2016 21:00:47.426 INFO [main] org.apache.catalina.startup.VersionLoggerListener.log Command line argument: -Dcatalina.home=/home/ubuntu/workspace/tomcat-mysql-c9-master/tomcat
14-Sep-2016 21:00:47.426 INFO [main] org.apache.catalina.startup.VersionLoggerListener.log Command line argument: -Djava.io.tmpdir=/home/ubuntu/workspace/tomcat-mysql-c9-master/tomcat/temp
14-Sep-2016 21:00:47.426 INFO [main] org.apache.catalina.core.AprLifecycleListener.lifecycleEvent The APR based Apache Tomcat Native library which allows optimal performance in production environments was not found on the java.library.path: ~/.c9/local/lib:/usr/java/packages/lib/amd64:/usr/lib/x86_64-linux-gnu/jni:/lib/x86_64-linux-gnu:/usr/lib/x86_64-linux-gnu:/usr/lib/jni:/lib:/usr/lib
14-Sep-2016 21:00:47.690 INFO [main] org.apache.coyote.AbstractProtocol.init Initializing ProtocolHandler ["http-nio-8080"]
14-Sep-2016 21:00:47.734 INFO [main] org.apache.tomcat.util.net.NioSelectorPool.getSharedSelector Using a shared selector for servlet write/read
14-Sep-2016 21:00:47.738 INFO [main] org.apache.coyote.AbstractProtocol.init Initializing ProtocolHandler ["ajp-nio-8009"]
14-Sep-2016 21:00:47.742 INFO [main] org.apache.tomcat.util.net.NioSelectorPool.getSharedSelector Using a shared selector for servlet write/read
14-Sep-2016 21:00:47.743 INFO [main] org.apache.catalina.startup.Catalina.load Initialization processed in 1265 ms
14-Sep-2016 21:00:47.783 INFO [main] org.apache.catalina.core.StandardService.startInternal Starting service Catalina
14-Sep-2016 21:00:47.783 INFO [main] org.apache.catalina.core.StandardEngine.startInternal Starting Servlet Engine: Apache Tomcat/8.0.28
14-Sep-2016 21:00:47.817 INFO [localhost-startStop-1] org.apache.catalina.startup.HostConfig.deployWAR Deploying web application archive /home/ubuntu/workspace/tomcat-mysql-c9-master/tomcat/webapps/survey.war
14-Sep-2016 21:00:49.003 INFO [localhost-startStop-1] org.apache.jasper.servlet.TldScanner.scanJars At least one JAR was scanned for TLDs yet contained no TLDs. Enable debug logging for this logger for a complete list of JARs that were scanned but no TLDs were found in them. Skipping unneeded JARs during scanning can improve startup time and JSP compilation time.
14-Sep-2016 21:00:50.426 INFO [localhost-startStop-1] org.apache.catalina.startup.HostConfig.deployWAR Deployment of web application archive /home/ubuntu/workspace/tomcat-mysql-c9-master/tomcat/webapps/survey.war has finished in 2,607 ms
14-Sep-2016 21:00:50.427 INFO [localhost-startStop-1] org.apache.catalina.startup.HostConfig.deployDirectory Deploying web application directory /home/ubuntu/workspace/tomcat-mysql-c9-master/tomcat/webapps/manager
14-Sep-2016 21:00:50.492 INFO [localhost-startStop-1] org.apache.catalina.startup.HostConfig.deployDirectory Deployment of web application directory /home/ubuntu/workspace/tomcat-mysql-c9-master/tomcat/webapps/manager has finished in 64 ms
14-Sep-2016 21:00:50.492 INFO [localhost-startStop-1] org.apache.catalina.startup.HostConfig.deployDirectory Deploying web application directory /home/ubuntu/workspace/tomcat-mysql-c9-master/tomcat/webapps/examples
14-Sep-2016 21:00:51.597 INFO [localhost-startStop-1] org.apache.catalina.startup.HostConfig.deployDirectory Deployment of web application directory /home/ubuntu/workspace/tomcat-mysql-c9-master/tomcat/webapps/examples has finished in 1,105 ms
14-Sep-2016 21:00:51.597 INFO [localhost-startStop-1] org.apache.catalina.startup.HostConfig.deployDirectory Deploying web application directory /home/ubuntu/workspace/tomcat-mysql-c9-master/tomcat/webapps/host-manager
14-Sep-2016 21:00:51.647 INFO [localhost-startStop-1] org.apache.catalina.startup.HostConfig.deployDirectory Deployment of web application directory /home/ubuntu/workspace/tomcat-mysql-c9-master/tomcat/webapps/host-manager has finished in 50 ms
14-Sep-2016 21:00:51.647 INFO [localhost-startStop-1] org.apache.catalina.startup.HostConfig.deployDirectory Deploying web application directory /home/ubuntu/workspace/tomcat-mysql-c9-master/tomcat/webapps/ROOT
14-Sep-2016 21:00:51.731 INFO [localhost-startStop-1] org.apache.catalina.startup.HostConfig.deployDirectory Deployment of web application directory /home/ubuntu/workspace/tomcat-mysql-c9-master/tomcat/webapps/ROOT has finished in 84 ms
14-Sep-2016 21:00:51.736 INFO [localhost-startStop-1] org.apache.catalina.startup.HostConfig.deployDirectory Deploying web application directory /home/ubuntu/workspace/tomcat-mysql-c9-master/tomcat/webapps/docs
14-Sep-2016 21:00:51.779 INFO [localhost-startStop-1] org.apache.catalina.startup.HostConfig.deployDirectory Deployment of web application directory /home/ubuntu/workspace/tomcat-mysql-c9-master/tomcat/webapps/docs has finished in 43 ms
14-Sep-2016 21:00:51.787 INFO [main] org.apache.coyote.AbstractProtocol.start Starting ProtocolHandler ["http-nio-8080"]
14-Sep-2016 21:00:51.819 INFO [main] org.apache.coyote.AbstractProtocol.start Starting ProtocolHandler ["ajp-nio-8009"]
14-Sep-2016 21:00:51.821 INFO [main] org.apache.catalina.startup.Catalina.start Server startup in 4077 ms
14-Sep-2016 21:02:48.113 INFO [main] org.apache.catalina.core.StandardServer.await A valid shutdown command was received via the shutdown port. Stopping the Server instance.
14-Sep-2016 21:02:48.352 INFO [main] org.apache.coyote.AbstractProtocol.pause Pausing ProtocolHandler ["http-nio-8080"]
14-Sep-2016 21:02:48.823 INFO [main] org.apache.coyote.AbstractProtocol.pause Pausing ProtocolHandler ["ajp-nio-8009"]
14-Sep-2016 21:02:48.878 INFO [main] org.apache.catalina.core.StandardService.stopInternal Stopping service Catalina
14-Sep-2016 21:02:50.608 INFO [main] org.apache.coyote.AbstractProtocol.stop Stopping ProtocolHandler ["http-nio-8080"]
14-Sep-2016 21:02:50.685 INFO [main] org.apache.coyote.AbstractProtocol.stop Stopping ProtocolHandler ["ajp-nio-8009"]
14-Sep-2016 21:02:50.782 INFO [main] org.apache.coyote.AbstractProtocol.destroy Destroying ProtocolHandler ["http-nio-8080"]
14-Sep-2016 21:02:50.801 INFO [main] org.apache.coyote.AbstractProtocol.destroy Destroying ProtocolHandler ["ajp-nio-8009"]
14-Sep-2016 21:02:58.217 INFO [main] org.apache.catalina.startup.VersionLoggerListener.log Server version:        Apache Tomcat/8.0.28
14-Sep-2016 21:02:58.219 INFO [main] org.apache.catalina.startup.VersionLoggerListener.log Server built:          Oct 7 2015 18:25:21 UTC
14-Sep-2016 21:02:58.219 INFO [main] org.apache.catalina.startup.VersionLoggerListener.log Server number:         8.0.28.0
14-Sep-2016 21:02:58.219 INFO [main] org.apache.catalina.startup.VersionLoggerListener.log OS Name:               Linux
14-Sep-2016 21:02:58.219 INFO [main] org.apache.catalina.startup.VersionLoggerListener.log OS Version:            4.2.0-c9
14-Sep-2016 21:02:58.220 INFO [main] org.apache.catalina.startup.VersionLoggerListener.log Architecture:          amd64
14-Sep-2016 21:02:58.220 INFO [main] org.apache.catalina.startup.VersionLoggerListener.log Java Home:             /usr/lib/jvm/java-7-openjdk-amd64/jre
14-Sep-2016 21:02:58.220 INFO [main] org.apache.catalina.startup.VersionLoggerListener.log JVM Version:           1.7.0_111-b01
14-Sep-2016 21:02:58.220 INFO [main] org.apache.catalina.startup.VersionLoggerListener.log JVM Vendor:            Oracle Corporation
14-Sep-2016 21:02:58.220 INFO [main] org.apache.catalina.startup.VersionLoggerListener.log CATALINA_BASE:         /home/ubuntu/workspace/tomcat-mysql-c9-master/tomcat
14-Sep-2016 21:02:58.220 INFO [main] org.apache.catalina.startup.VersionLoggerListener.log CATALINA_HOME:         /home/ubuntu/workspace/tomcat-mysql-c9-master/tomcat
14-Sep-2016 21:02:58.221 INFO [main] org.apache.catalina.startup.VersionLoggerListener.log Command line argument: -Djava.util.logging.config.file=/home/ubuntu/workspace/tomcat-mysql-c9-master/tomcat/conf/logging.properties
14-Sep-2016 21:02:58.221 INFO [main] org.apache.catalina.startup.VersionLoggerListener.log Command line argument: -Djava.util.logging.manager=org.apache.juli.ClassLoaderLogManager
14-Sep-2016 21:02:58.221 INFO [main] org.apache.catalina.startup.VersionLoggerListener.log Command line argument: -Djava.endorsed.dirs=/home/ubuntu/workspace/tomcat-mysql-c9-master/tomcat/endorsed
14-Sep-2016 21:02:58.221 INFO [main] org.apache.catalina.startup.VersionLoggerListener.log Command line argument: -Dcatalina.base=/home/ubuntu/workspace/tomcat-mysql-c9-master/tomcat
14-Sep-2016 21:02:58.221 INFO [main] org.apache.catalina.startup.VersionLoggerListener.log Command line argument: -Dcatalina.home=/home/ubuntu/workspace/tomcat-mysql-c9-master/tomcat
14-Sep-2016 21:02:58.221 INFO [main] org.apache.catalina.startup.VersionLoggerListener.log Command line argument: -Djava.io.tmpdir=/home/ubuntu/workspace/tomcat-mysql-c9-master/tomcat/temp
14-Sep-2016 21:02:58.222 INFO [main] org.apache.catalina.core.AprLifecycleListener.lifecycleEvent The APR based Apache Tomcat Native library which allows optimal performance in production environments was not found on the java.library.path: ~/.c9/local/lib:/usr/java/packages/lib/amd64:/usr/lib/x86_64-linux-gnu/jni:/lib/x86_64-linux-gnu:/usr/lib/x86_64-linux-gnu:/usr/lib/jni:/lib:/usr/lib
14-Sep-2016 21:02:58.387 INFO [main] org.apache.coyote.AbstractProtocol.init Initializing ProtocolHandler ["http-nio-8080"]
14-Sep-2016 21:02:58.423 INFO [main] org.apache.tomcat.util.net.NioSelectorPool.getSharedSelector Using a shared selector for servlet write/read
14-Sep-2016 21:02:58.427 INFO [main] org.apache.coyote.AbstractProtocol.init Initializing ProtocolHandler ["ajp-nio-8009"]
14-Sep-2016 21:02:58.430 INFO [main] org.apache.tomcat.util.net.NioSelectorPool.getSharedSelector Using a shared selector for servlet write/read
14-Sep-2016 21:02:58.431 INFO [main] org.apache.catalina.startup.Catalina.load Initialization processed in 1063 ms
14-Sep-2016 21:02:58.480 INFO [main] org.apache.catalina.core.StandardService.startInternal Starting service Catalina
14-Sep-2016 21:02:58.481 INFO [main] org.apache.catalina.core.StandardEngine.startInternal Starting Servlet Engine: Apache Tomcat/8.0.28
14-Sep-2016 21:02:58.514 INFO [localhost-startStop-1] org.apache.catalina.startup.HostConfig.deployWAR Deploying web application archive /home/ubuntu/workspace/tomcat-mysql-c9-master/tomcat/webapps/survey.war
14-Sep-2016 21:02:59.568 INFO [localhost-startStop-1] org.apache.jasper.servlet.TldScanner.scanJars At least one JAR was scanned for TLDs yet contained no TLDs. Enable debug logging for this logger for a complete list of JARs that were scanned but no TLDs were found in them. Skipping unneeded JARs during scanning can improve startup time and JSP compilation time.
14-Sep-2016 21:02:59.678 INFO [localhost-startStop-1] org.apache.catalina.startup.HostConfig.deployWAR Deployment of web application archive /home/ubuntu/workspace/tomcat-mysql-c9-master/tomcat/webapps/survey.war has finished in 1,162 ms
14-Sep-2016 21:02:59.679 INFO [localhost-startStop-1] org.apache.catalina.startup.HostConfig.deployDirectory Deploying web application directory /home/ubuntu/workspace/tomcat-mysql-c9-master/tomcat/webapps/manager
14-Sep-2016 21:02:59.750 INFO [localhost-startStop-1] org.apache.catalina.startup.HostConfig.deployDirectory Deployment of web application directory /home/ubuntu/workspace/tomcat-mysql-c9-master/tomcat/webapps/manager has finished in 71 ms
14-Sep-2016 21:02:59.750 INFO [localhost-startStop-1] org.apache.catalina.startup.HostConfig.deployDirectory Deploying web application directory /home/ubuntu/workspace/tomcat-mysql-c9-master/tomcat/webapps/examples
14-Sep-2016 21:03:00.760 INFO [localhost-startStop-1] org.apache.catalina.startup.HostConfig.deployDirectory Deployment of web application directory /home/ubuntu/workspace/tomcat-mysql-c9-master/tomcat/webapps/examples has finished in 1,010 ms
14-Sep-2016 21:03:00.760 INFO [localhost-startStop-1] org.apache.catalina.startup.HostConfig.deployDirectory Deploying web application directory /home/ubuntu/workspace/tomcat-mysql-c9-master/tomcat/webapps/host-manager
14-Sep-2016 21:03:00.900 INFO [localhost-startStop-1] org.apache.catalina.startup.HostConfig.deployDirectory Deployment of web application directory /home/ubuntu/workspace/tomcat-mysql-c9-master/tomcat/webapps/host-manager has finished in 140 ms
14-Sep-2016 21:03:00.901 INFO [localhost-startStop-1] org.apache.catalina.startup.HostConfig.deployDirectory Deploying web application directory /home/ubuntu/workspace/tomcat-mysql-c9-master/tomcat/webapps/ROOT
14-Sep-2016 21:03:00.940 INFO [localhost-startStop-1] org.apache.catalina.startup.HostConfig.deployDirectory Deployment of web application directory /home/ubuntu/workspace/tomcat-mysql-c9-master/tomcat/webapps/ROOT has finished in 39 ms
14-Sep-2016 21:03:00.940 INFO [localhost-startStop-1] org.apache.catalina.startup.HostConfig.deployDirectory Deploying web application directory /home/ubuntu/workspace/tomcat-mysql-c9-master/tomcat/webapps/docs
14-Sep-2016 21:03:00.976 INFO [localhost-startStop-1] org.apache.catalina.startup.HostConfig.deployDirectory Deployment of web application directory /home/ubuntu/workspace/tomcat-mysql-c9-master/tomcat/webapps/docs has finished in 36 ms
14-Sep-2016 21:03:00.980 INFO [main] org.apache.coyote.AbstractProtocol.start Starting ProtocolHandler ["http-nio-8080"]
14-Sep-2016 21:03:01.050 INFO [main] org.apache.coyote.AbstractProtocol.start Starting ProtocolHandler ["ajp-nio-8009"]
14-Sep-2016 21:03:01.051 INFO [main] org.apache.catalina.startup.Catalina.start Server startup in 2620 ms
14-Sep-2016 21:03:10.043 INFO [main] org.apache.catalina.core.StandardServer.await A valid shutdown command was received via the shutdown port. Stopping the Server instance.
14-Sep-2016 21:03:10.044 INFO [main] org.apache.coyote.AbstractProtocol.pause Pausing ProtocolHandler ["http-nio-8080"]
14-Sep-2016 21:03:10.048 INFO [main] org.apache.coyote.AbstractProtocol.pause Pausing ProtocolHandler ["ajp-nio-8009"]
14-Sep-2016 21:03:10.099 INFO [main] org.apache.catalina.core.StandardService.stopInternal Stopping service Catalina
14-Sep-2016 21:03:10.166 INFO [main] org.apache.coyote.AbstractProtocol.stop Stopping ProtocolHandler ["http-nio-8080"]
14-Sep-2016 21:03:10.169 INFO [main] org.apache.coyote.AbstractProtocol.stop Stopping ProtocolHandler ["ajp-nio-8009"]
14-Sep-2016 21:03:10.261 INFO [main] org.apache.coyote.AbstractProtocol.destroy Destroying ProtocolHandler ["http-nio-8080"]
14-Sep-2016 21:03:10.262 INFO [main] org.apache.coyote.AbstractProtocol.destroy Destroying ProtocolHandler ["ajp-nio-8009"]
14-Sep-2016 21:04:10.958 INFO [main] org.apache.catalina.startup.VersionLoggerListener.log Server version:        Apache Tomcat/8.0.28
14-Sep-2016 21:04:10.960 INFO [main] org.apache.catalina.startup.VersionLoggerListener.log Server built:          Oct 7 2015 18:25:21 UTC
14-Sep-2016 21:04:10.960 INFO [main] org.apache.catalina.startup.VersionLoggerListener.log Server number:         8.0.28.0
14-Sep-2016 21:04:10.960 INFO [main] org.apache.catalina.startup.VersionLoggerListener.log OS Name:               Linux
14-Sep-2016 21:04:10.960 INFO [main] org.apache.catalina.startup.VersionLoggerListener.log OS Version:            4.2.0-c9
14-Sep-2016 21:04:10.961 INFO [main] org.apache.catalina.startup.VersionLoggerListener.log Architecture:          amd64
14-Sep-2016 21:04:10.961 INFO [main] org.apache.catalina.startup.VersionLoggerListener.log Java Home:             /usr/lib/jvm/java-7-openjdk-amd64/jre
14-Sep-2016 21:04:10.961 INFO [main] org.apache.catalina.startup.VersionLoggerListener.log JVM Version:           1.7.0_111-b01
14-Sep-2016 21:04:10.961 INFO [main] org.apache.catalina.startup.VersionLoggerListener.log JVM Vendor:            Oracle Corporation
14-Sep-2016 21:04:10.961 INFO [main] org.apache.catalina.startup.VersionLoggerListener.log CATALINA_BASE:         /home/ubuntu/workspace/tomcat-mysql-c9-master/tomcat
14-Sep-2016 21:04:10.961 INFO [main] org.apache.catalina.startup.VersionLoggerListener.log CATALINA_HOME:         /home/ubuntu/workspace/tomcat-mysql-c9-master/tomcat
14-Sep-2016 21:04:10.962 INFO [main] org.apache.catalina.startup.VersionLoggerListener.log Command line argument: -Djava.util.logging.config.file=/home/ubuntu/workspace/tomcat-mysql-c9-master/tomcat/conf/logging.properties
14-Sep-2016 21:04:10.962 INFO [main] org.apache.catalina.startup.VersionLoggerListener.log Command line argument: -Djava.util.logging.manager=org.apache.juli.ClassLoaderLogManager
14-Sep-2016 21:04:10.962 INFO [main] org.apache.catalina.startup.VersionLoggerListener.log Command line argument: -Djava.endorsed.dirs=/home/ubuntu/workspace/tomcat-mysql-c9-master/tomcat/endorsed
14-Sep-2016 21:04:10.962 INFO [main] org.apache.catalina.startup.VersionLoggerListener.log Command line argument: -Dcatalina.base=/home/ubuntu/workspace/tomcat-mysql-c9-master/tomcat
14-Sep-2016 21:04:10.962 INFO [main] org.apache.catalina.startup.VersionLoggerListener.log Command line argument: -Dcatalina.home=/home/ubuntu/workspace/tomcat-mysql-c9-master/tomcat
14-Sep-2016 21:04:10.963 INFO [main] org.apache.catalina.startup.VersionLoggerListener.log Command line argument: -Djava.io.tmpdir=/home/ubuntu/workspace/tomcat-mysql-c9-master/tomcat/temp
14-Sep-2016 21:04:10.963 INFO [main] org.apache.catalina.core.AprLifecycleListener.lifecycleEvent The APR based Apache Tomcat Native library which allows optimal performance in production environments was not found on the java.library.path: ~/.c9/local/lib:/usr/java/packages/lib/amd64:/usr/lib/x86_64-linux-gnu/jni:/lib/x86_64-linux-gnu:/usr/lib/x86_64-linux-gnu:/usr/lib/jni:/lib:/usr/lib
14-Sep-2016 21:04:11.160 INFO [main] org.apache.coyote.AbstractProtocol.init Initializing ProtocolHandler ["http-nio-8080"]
14-Sep-2016 21:04:11.192 INFO [main] org.apache.tomcat.util.net.NioSelectorPool.getSharedSelector Using a shared selector for servlet write/read
14-Sep-2016 21:04:11.196 INFO [main] org.apache.coyote.AbstractProtocol.init Initializing ProtocolHandler ["ajp-nio-8009"]
14-Sep-2016 21:04:11.199 INFO [main] org.apache.tomcat.util.net.NioSelectorPool.getSharedSelector Using a shared selector for servlet write/read
14-Sep-2016 21:04:11.199 INFO [main] org.apache.catalina.startup.Catalina.load Initialization processed in 1356 ms
14-Sep-2016 21:04:11.247 INFO [main] org.apache.catalina.core.StandardService.startInternal Starting service Catalina
14-Sep-2016 21:04:11.247 INFO [main] org.apache.catalina.core.StandardEngine.startInternal Starting Servlet Engine: Apache Tomcat/8.0.28
14-Sep-2016 21:04:11.294 INFO [localhost-startStop-1] org.apache.catalina.startup.HostConfig.deployWAR Deploying web application archive /home/ubuntu/workspace/tomcat-mysql-c9-master/tomcat/webapps/survey.war
14-Sep-2016 21:04:12.503 INFO [localhost-startStop-1] org.apache.jasper.servlet.TldScanner.scanJars At least one JAR was scanned for TLDs yet contained no TLDs. Enable debug logging for this logger for a complete list of JARs that were scanned but no TLDs were found in them. Skipping unneeded JARs during scanning can improve startup time and JSP compilation time.
14-Sep-2016 21:04:12.623 INFO [localhost-startStop-1] org.apache.catalina.startup.HostConfig.deployWAR Deployment of web application archive /home/ubuntu/workspace/tomcat-mysql-c9-master/tomcat/webapps/survey.war has finished in 1,328 ms
14-Sep-2016 21:04:12.625 INFO [localhost-startStop-1] org.apache.catalina.startup.HostConfig.deployDirectory Deploying web application directory /home/ubuntu/workspace/tomcat-mysql-c9-master/tomcat/webapps/manager
14-Sep-2016 21:04:12.754 INFO [localhost-startStop-1] org.apache.catalina.startup.HostConfig.deployDirectory Deployment of web application directory /home/ubuntu/workspace/tomcat-mysql-c9-master/tomcat/webapps/manager has finished in 129 ms
14-Sep-2016 21:04:12.758 INFO [localhost-startStop-1] org.apache.catalina.startup.HostConfig.deployDirectory Deploying web application directory /home/ubuntu/workspace/tomcat-mysql-c9-master/tomcat/webapps/examples
14-Sep-2016 21:04:13.996 INFO [localhost-startStop-1] org.apache.catalina.startup.HostConfig.deployDirectory Deployment of web application directory /home/ubuntu/workspace/tomcat-mysql-c9-master/tomcat/webapps/examples has finished in 1,238 ms
14-Sep-2016 21:04:13.997 INFO [localhost-startStop-1] org.apache.catalina.startup.HostConfig.deployDirectory Deploying web application directory /home/ubuntu/workspace/tomcat-mysql-c9-master/tomcat/webapps/host-manager
14-Sep-2016 21:04:14.152 INFO [localhost-startStop-1] org.apache.catalina.startup.HostConfig.deployDirectory Deployment of web application directory /home/ubuntu/workspace/tomcat-mysql-c9-master/tomcat/webapps/host-manager has finished in 155 ms
14-Sep-2016 21:04:14.153 INFO [localhost-startStop-1] org.apache.catalina.startup.HostConfig.deployDirectory Deploying web application directory /home/ubuntu/workspace/tomcat-mysql-c9-master/tomcat/webapps/ROOT
14-Sep-2016 21:04:14.309 INFO [localhost-startStop-1] org.apache.catalina.startup.HostConfig.deployDirectory Deployment of web application directory /home/ubuntu/workspace/tomcat-mysql-c9-master/tomcat/webapps/ROOT has finished in 156 ms
14-Sep-2016 21:04:14.310 INFO [localhost-startStop-1] org.apache.catalina.startup.HostConfig.deployDirectory Deploying web application directory /home/ubuntu/workspace/tomcat-mysql-c9-master/tomcat/webapps/docs
14-Sep-2016 21:04:14.357 INFO [localhost-startStop-1] org.apache.catalina.startup.HostConfig.deployDirectory Deployment of web application directory /home/ubuntu/workspace/tomcat-mysql-c9-master/tomcat/webapps/docs has finished in 47 ms
14-Sep-2016 21:04:14.365 INFO [main] org.apache.coyote.AbstractProtocol.start Starting ProtocolHandler ["http-nio-8080"]
14-Sep-2016 21:04:14.501 INFO [main] org.apache.coyote.AbstractProtocol.start Starting ProtocolHandler ["ajp-nio-8009"]
14-Sep-2016 21:04:14.503 INFO [main] org.apache.catalina.startup.Catalina.start Server startup in 3302 ms
14-Sep-2016 21:04:34.782 INFO [http-nio-8080-exec-1] org.apache.catalina.startup.HostConfig.deployWAR Deploying web application archive /home/ubuntu/workspace/tomcat-mysql-c9-master/tomcat/webapps/mycontext.war
14-Sep-2016 21:04:35.470 INFO [http-nio-8080-exec-1] org.apache.catalina.startup.HostConfig.deployWAR Deployment of web application archive /home/ubuntu/workspace/tomcat-mysql-c9-master/tomcat/webapps/mycontext.war has finished in 701 ms
14-Sep-2016 22:18:40.073 INFO [main] org.apache.catalina.core.StandardServer.await A valid shutdown command was received via the shutdown port. Stopping the Server instance.
14-Sep-2016 22:18:40.077 INFO [main] org.apache.coyote.AbstractProtocol.pause Pausing ProtocolHandler ["http-nio-8080"]
14-Sep-2016 22:18:40.135 INFO [main] org.apache.coyote.AbstractProtocol.pause Pausing ProtocolHandler ["ajp-nio-8009"]
14-Sep-2016 22:18:40.187 INFO [main] org.apache.catalina.core.StandardService.stopInternal Stopping service Catalina
14-Sep-2016 22:18:40.313 INFO [main] org.apache.coyote.AbstractProtocol.stop Stopping ProtocolHandler ["http-nio-8080"]
14-Sep-2016 22:18:40.317 INFO [main] org.apache.coyote.AbstractProtocol.stop Stopping ProtocolHandler ["ajp-nio-8009"]
14-Sep-2016 22:18:40.318 INFO [main] org.apache.coyote.AbstractProtocol.destroy Destroying ProtocolHandler ["http-nio-8080"]
14-Sep-2016 22:18:40.319 INFO [main] org.apache.coyote.AbstractProtocol.destroy Destroying ProtocolHandler ["ajp-nio-8009"]
14-Sep-2016 22:26:44.183 INFO [main] org.apache.catalina.startup.VersionLoggerListener.log Server version:        Apache Tomcat/8.0.28
14-Sep-2016 22:26:44.185 INFO [main] org.apache.catalina.startup.VersionLoggerListener.log Server built:          Oct 7 2015 18:25:21 UTC
14-Sep-2016 22:26:44.185 INFO [main] org.apache.catalina.startup.VersionLoggerListener.log Server number:         8.0.28.0
14-Sep-2016 22:26:44.185 INFO [main] org.apache.catalina.startup.VersionLoggerListener.log OS Name:               Linux
14-Sep-2016 22:26:44.185 INFO [main] org.apache.catalina.startup.VersionLoggerListener.log OS Version:            4.2.0-c9
14-Sep-2016 22:26:44.185 INFO [main] org.apache.catalina.startup.VersionLoggerListener.log Architecture:          amd64
14-Sep-2016 22:26:44.186 INFO [main] org.apache.catalina.startup.VersionLoggerListener.log Java Home:             /usr/lib/jvm/java-7-openjdk-amd64/jre
14-Sep-2016 22:26:44.186 INFO [main] org.apache.catalina.startup.VersionLoggerListener.log JVM Version:           1.7.0_111-b01
14-Sep-2016 22:26:44.186 INFO [main] org.apache.catalina.startup.VersionLoggerListener.log JVM Vendor:            Oracle Corporation
14-Sep-2016 22:26:44.186 INFO [main] org.apache.catalina.startup.VersionLoggerListener.log CATALINA_BASE:         /home/ubuntu/workspace/tomcat-mysql-c9-master/tomcat
14-Sep-2016 22:26:44.186 INFO [main] org.apache.catalina.startup.VersionLoggerListener.log CATALINA_HOME:         /home/ubuntu/workspace/tomcat-mysql-c9-master/tomcat
14-Sep-2016 22:26:44.187 INFO [main] org.apache.catalina.startup.VersionLoggerListener.log Command line argument: -Djava.util.logging.config.file=/home/ubuntu/workspace/tomcat-mysql-c9-master/tomcat/conf/logging.properties
14-Sep-2016 22:26:44.187 INFO [main] org.apache.catalina.startup.VersionLoggerListener.log Command line argument: -Djava.util.logging.manager=org.apache.juli.ClassLoaderLogManager
14-Sep-2016 22:26:44.187 INFO [main] org.apache.catalina.startup.VersionLoggerListener.log Command line argument: -Djava.endorsed.dirs=/home/ubuntu/workspace/tomcat-mysql-c9-master/tomcat/endorsed
14-Sep-2016 22:26:44.188 INFO [main] org.apache.catalina.startup.VersionLoggerListener.log Command line argument: -Dcatalina.base=/home/ubuntu/workspace/tomcat-mysql-c9-master/tomcat
14-Sep-2016 22:26:44.188 INFO [main] org.apache.catalina.startup.VersionLoggerListener.log Command line argument: -Dcatalina.home=/home/ubuntu/workspace/tomcat-mysql-c9-master/tomcat
14-Sep-2016 22:26:44.188 INFO [main] org.apache.catalina.startup.VersionLoggerListener.log Command line argument: -Djava.io.tmpdir=/home/ubuntu/workspace/tomcat-mysql-c9-master/tomcat/temp
14-Sep-2016 22:26:44.188 INFO [main] org.apache.catalina.core.AprLifecycleListener.lifecycleEvent The APR based Apache Tomcat Native library which allows optimal performance in production environments was not found on the java.library.path: ~/.c9/local/lib:/usr/java/packages/lib/amd64:/usr/lib/x86_64-linux-gnu/jni:/lib/x86_64-linux-gnu:/usr/lib/x86_64-linux-gnu:/usr/lib/jni:/lib:/usr/lib
14-Sep-2016 22:26:44.411 INFO [main] org.apache.coyote.AbstractProtocol.init Initializing ProtocolHandler ["http-nio-8080"]
14-Sep-2016 22:26:44.456 INFO [main] org.apache.tomcat.util.net.NioSelectorPool.getSharedSelector Using a shared selector for servlet write/read
14-Sep-2016 22:26:44.460 INFO [main] org.apache.coyote.AbstractProtocol.init Initializing ProtocolHandler ["ajp-nio-8009"]
14-Sep-2016 22:26:44.463 INFO [main] org.apache.tomcat.util.net.NioSelectorPool.getSharedSelector Using a shared selector for servlet write/read
14-Sep-2016 22:26:44.463 INFO [main] org.apache.catalina.startup.Catalina.load Initialization processed in 1242 ms
14-Sep-2016 22:26:44.509 INFO [main] org.apache.catalina.core.StandardService.startInternal Starting service Catalina
14-Sep-2016 22:26:44.509 INFO [main] org.apache.catalina.core.StandardEngine.startInternal Starting Servlet Engine: Apache Tomcat/8.0.28
14-Sep-2016 22:26:44.548 INFO [localhost-startStop-1] org.apache.catalina.startup.HostConfig.deployWAR Deploying web application archive /home/ubuntu/workspace/tomcat-mysql-c9-master/tomcat/webapps/mycontext.war
14-Sep-2016 22:26:45.389 INFO [localhost-startStop-1] org.apache.catalina.startup.HostConfig.deployWAR Deployment of web application archive /home/ubuntu/workspace/tomcat-mysql-c9-master/tomcat/webapps/mycontext.war has finished in 839 ms
14-Sep-2016 22:26:45.390 INFO [localhost-startStop-1] org.apache.catalina.startup.HostConfig.deployWAR Deploying web application archive /home/ubuntu/workspace/tomcat-mysql-c9-master/tomcat/webapps/survey.war
14-Sep-2016 22:26:45.696 INFO [localhost-startStop-1] org.apache.jasper.servlet.TldScanner.scanJars At least one JAR was scanned for TLDs yet contained no TLDs. Enable debug logging for this logger for a complete list of JARs that were scanned but no TLDs were found in them. Skipping unneeded JARs during scanning can improve startup time and JSP compilation time.
14-Sep-2016 22:26:45.728 INFO [localhost-startStop-1] org.apache.catalina.startup.HostConfig.deployWAR Deployment of web application archive /home/ubuntu/workspace/tomcat-mysql-c9-master/tomcat/webapps/survey.war has finished in 338 ms
14-Sep-2016 22:26:45.730 INFO [localhost-startStop-1] org.apache.catalina.startup.HostConfig.deployDirectory Deploying web application directory /home/ubuntu/workspace/tomcat-mysql-c9-master/tomcat/webapps/manager
14-Sep-2016 22:26:45.807 INFO [localhost-startStop-1] org.apache.catalina.startup.HostConfig.deployDirectory Deployment of web application directory /home/ubuntu/workspace/tomcat-mysql-c9-master/tomcat/webapps/manager has finished in 77 ms
14-Sep-2016 22:26:45.808 INFO [localhost-startStop-1] org.apache.catalina.startup.HostConfig.deployDirectory Deploying web application directory /home/ubuntu/workspace/tomcat-mysql-c9-master/tomcat/webapps/examples
14-Sep-2016 22:26:46.727 INFO [localhost-startStop-1] org.apache.catalina.startup.HostConfig.deployDirectory Deployment of web application directory /home/ubuntu/workspace/tomcat-mysql-c9-master/tomcat/webapps/examples has finished in 919 ms
14-Sep-2016 22:26:46.728 INFO [localhost-startStop-1] org.apache.catalina.startup.HostConfig.deployDirectory Deploying web application directory /home/ubuntu/workspace/tomcat-mysql-c9-master/tomcat/webapps/host-manager
14-Sep-2016 22:26:46.775 INFO [localhost-startStop-1] org.apache.catalina.startup.HostConfig.deployDirectory Deployment of web application directory /home/ubuntu/workspace/tomcat-mysql-c9-master/tomcat/webapps/host-manager has finished in 46 ms
14-Sep-2016 22:26:46.775 INFO [localhost-startStop-1] org.apache.catalina.startup.HostConfig.deployDirectory Deploying web application directory /home/ubuntu/workspace/tomcat-mysql-c9-master/tomcat/webapps/ROOT
14-Sep-2016 22:26:46.924 INFO [localhost-startStop-1] org.apache.catalina.startup.HostConfig.deployDirectory Deployment of web application directory /home/ubuntu/workspace/tomcat-mysql-c9-master/tomcat/webapps/ROOT has finished in 148 ms
14-Sep-2016 22:26:46.924 INFO [localhost-startStop-1] org.apache.catalina.startup.HostConfig.deployDirectory Deploying web application directory /home/ubuntu/workspace/tomcat-mysql-c9-master/tomcat/webapps/docs
14-Sep-2016 22:26:46.953 INFO [localhost-startStop-1] org.apache.catalina.startup.HostConfig.deployDirectory Deployment of web application directory /home/ubuntu/workspace/tomcat-mysql-c9-master/tomcat/webapps/docs has finished in 29 ms
14-Sep-2016 22:26:46.962 INFO [main] org.apache.coyote.AbstractProtocol.start Starting ProtocolHandler ["http-nio-8080"]
14-Sep-2016 22:26:46.969 INFO [main] org.apache.coyote.AbstractProtocol.start Starting ProtocolHandler ["ajp-nio-8009"]
14-Sep-2016 22:26:46.969 INFO [main] org.apache.catalina.startup.Catalina.start Server startup in 2505 ms
