16-Sep-2016 15:56:12.113 INFO [main] org.apache.catalina.startup.VersionLoggerListener.log Server version:        Apache Tomcat/8.0.28
16-Sep-2016 15:56:12.117 INFO [main] org.apache.catalina.startup.VersionLoggerListener.log Server built:          Oct 7 2015 18:25:21 UTC
16-Sep-2016 15:56:12.117 INFO [main] org.apache.catalina.startup.VersionLoggerListener.log Server number:         8.0.28.0
16-Sep-2016 15:56:12.117 INFO [main] org.apache.catalina.startup.VersionLoggerListener.log OS Name:               Linux
16-Sep-2016 15:56:12.118 INFO [main] org.apache.catalina.startup.VersionLoggerListener.log OS Version:            4.2.0-c9
16-Sep-2016 15:56:12.118 INFO [main] org.apache.catalina.startup.VersionLoggerListener.log Architecture:          amd64
16-Sep-2016 15:56:12.118 INFO [main] org.apache.catalina.startup.VersionLoggerListener.log Java Home:             /usr/lib/jvm/java-7-openjdk-amd64/jre
16-Sep-2016 15:56:12.118 INFO [main] org.apache.catalina.startup.VersionLoggerListener.log JVM Version:           1.7.0_111-b01
16-Sep-2016 15:56:12.118 INFO [main] org.apache.catalina.startup.VersionLoggerListener.log JVM Vendor:            Oracle Corporation
16-Sep-2016 15:56:12.118 INFO [main] org.apache.catalina.startup.VersionLoggerListener.log CATALINA_BASE:         /home/ubuntu/workspace/tomcat-mysql-c9-master/tomcat
16-Sep-2016 15:56:12.118 INFO [main] org.apache.catalina.startup.VersionLoggerListener.log CATALINA_HOME:         /home/ubuntu/workspace/tomcat-mysql-c9-master/tomcat
16-Sep-2016 15:56:12.119 INFO [main] org.apache.catalina.startup.VersionLoggerListener.log Command line argument: -Djava.util.logging.config.file=/home/ubuntu/workspace/tomcat-mysql-c9-master/tomcat/conf/logging.properties
16-Sep-2016 15:56:12.119 INFO [main] org.apache.catalina.startup.VersionLoggerListener.log Command line argument: -Djava.util.logging.manager=org.apache.juli.ClassLoaderLogManager
16-Sep-2016 15:56:12.119 INFO [main] org.apache.catalina.startup.VersionLoggerListener.log Command line argument: -Djava.endorsed.dirs=/home/ubuntu/workspace/tomcat-mysql-c9-master/tomcat/endorsed
16-Sep-2016 15:56:12.120 INFO [main] org.apache.catalina.startup.VersionLoggerListener.log Command line argument: -Dcatalina.base=/home/ubuntu/workspace/tomcat-mysql-c9-master/tomcat
16-Sep-2016 15:56:12.120 INFO [main] org.apache.catalina.startup.VersionLoggerListener.log Command line argument: -Dcatalina.home=/home/ubuntu/workspace/tomcat-mysql-c9-master/tomcat
16-Sep-2016 15:56:12.120 INFO [main] org.apache.catalina.startup.VersionLoggerListener.log Command line argument: -Djava.io.tmpdir=/home/ubuntu/workspace/tomcat-mysql-c9-master/tomcat/temp
16-Sep-2016 15:56:12.120 INFO [main] org.apache.catalina.core.AprLifecycleListener.lifecycleEvent The APR based Apache Tomcat Native library which allows optimal performance in production environments was not found on the java.library.path: ~/.c9/local/lib:/usr/java/packages/lib/amd64:/usr/lib/x86_64-linux-gnu/jni:/lib/x86_64-linux-gnu:/usr/lib/x86_64-linux-gnu:/usr/lib/jni:/lib:/usr/lib
16-Sep-2016 15:56:12.361 INFO [main] org.apache.coyote.AbstractProtocol.init Initializing ProtocolHandler ["http-nio-8080"]
16-Sep-2016 15:56:12.405 INFO [main] org.apache.tomcat.util.net.NioSelectorPool.getSharedSelector Using a shared selector for servlet write/read
16-Sep-2016 15:56:12.408 INFO [main] org.apache.coyote.AbstractProtocol.init Initializing ProtocolHandler ["ajp-nio-8009"]
16-Sep-2016 15:56:12.411 INFO [main] org.apache.tomcat.util.net.NioSelectorPool.getSharedSelector Using a shared selector for servlet write/read
16-Sep-2016 15:56:12.412 INFO [main] org.apache.catalina.startup.Catalina.load Initialization processed in 1227 ms
16-Sep-2016 15:56:12.454 INFO [main] org.apache.catalina.core.StandardService.startInternal Starting service Catalina
16-Sep-2016 15:56:12.455 INFO [main] org.apache.catalina.core.StandardEngine.startInternal Starting Servlet Engine: Apache Tomcat/8.0.28
16-Sep-2016 15:56:12.494 INFO [localhost-startStop-1] org.apache.catalina.startup.HostConfig.deployWAR Deploying web application archive /home/ubuntu/workspace/tomcat-mysql-c9-master/tomcat/webapps/mycontext.war
16-Sep-2016 15:56:13.361 INFO [localhost-startStop-1] org.apache.catalina.startup.HostConfig.deployWAR Deployment of web application archive /home/ubuntu/workspace/tomcat-mysql-c9-master/tomcat/webapps/mycontext.war has finished in 865 ms
16-Sep-2016 15:56:13.365 INFO [localhost-startStop-1] org.apache.catalina.startup.HostConfig.deployWAR Deploying web application archive /home/ubuntu/workspace/tomcat-mysql-c9-master/tomcat/webapps/survey.war
16-Sep-2016 15:56:13.668 INFO [localhost-startStop-1] org.apache.jasper.servlet.TldScanner.scanJars At least one JAR was scanned for TLDs yet contained no TLDs. Enable debug logging for this logger for a complete list of JARs that were scanned but no TLDs were found in them. Skipping unneeded JARs during scanning can improve startup time and JSP compilation time.
16-Sep-2016 15:56:13.711 INFO [localhost-startStop-1] org.apache.catalina.startup.HostConfig.deployWAR Deployment of web application archive /home/ubuntu/workspace/tomcat-mysql-c9-master/tomcat/webapps/survey.war has finished in 346 ms
16-Sep-2016 15:56:13.712 INFO [localhost-startStop-1] org.apache.catalina.startup.HostConfig.deployDirectory Deploying web application directory /home/ubuntu/workspace/tomcat-mysql-c9-master/tomcat/webapps/manager
16-Sep-2016 15:56:13.808 INFO [localhost-startStop-1] org.apache.catalina.startup.HostConfig.deployDirectory Deployment of web application directory /home/ubuntu/workspace/tomcat-mysql-c9-master/tomcat/webapps/manager has finished in 96 ms
16-Sep-2016 15:56:13.808 INFO [localhost-startStop-1] org.apache.catalina.startup.HostConfig.deployDirectory Deploying web application directory /home/ubuntu/workspace/tomcat-mysql-c9-master/tomcat/webapps/examples
16-Sep-2016 15:56:14.843 INFO [localhost-startStop-1] org.apache.catalina.startup.HostConfig.deployDirectory Deployment of web application directory /home/ubuntu/workspace/tomcat-mysql-c9-master/tomcat/webapps/examples has finished in 1,034 ms
16-Sep-2016 15:56:14.843 INFO [localhost-startStop-1] org.apache.catalina.startup.HostConfig.deployDirectory Deploying web application directory /home/ubuntu/workspace/tomcat-mysql-c9-master/tomcat/webapps/host-manager
16-Sep-2016 15:56:14.894 INFO [localhost-startStop-1] org.apache.catalina.startup.HostConfig.deployDirectory Deployment of web application directory /home/ubuntu/workspace/tomcat-mysql-c9-master/tomcat/webapps/host-manager has finished in 51 ms
16-Sep-2016 15:56:14.894 INFO [localhost-startStop-1] org.apache.catalina.startup.HostConfig.deployDirectory Deploying web application directory /home/ubuntu/workspace/tomcat-mysql-c9-master/tomcat/webapps/ROOT
16-Sep-2016 15:56:15.015 INFO [localhost-startStop-1] org.apache.catalina.startup.HostConfig.deployDirectory Deployment of web application directory /home/ubuntu/workspace/tomcat-mysql-c9-master/tomcat/webapps/ROOT has finished in 121 ms
16-Sep-2016 15:56:15.015 INFO [localhost-startStop-1] org.apache.catalina.startup.HostConfig.deployDirectory Deploying web application directory /home/ubuntu/workspace/tomcat-mysql-c9-master/tomcat/webapps/docs
16-Sep-2016 15:56:15.050 INFO [localhost-startStop-1] org.apache.catalina.startup.HostConfig.deployDirectory Deployment of web application directory /home/ubuntu/workspace/tomcat-mysql-c9-master/tomcat/webapps/docs has finished in 34 ms
16-Sep-2016 15:56:15.057 INFO [main] org.apache.coyote.AbstractProtocol.start Starting ProtocolHandler ["http-nio-8080"]
16-Sep-2016 15:56:15.064 INFO [main] org.apache.coyote.AbstractProtocol.start Starting ProtocolHandler ["ajp-nio-8009"]
16-Sep-2016 15:56:15.065 INFO [main] org.apache.catalina.startup.Catalina.start Server startup in 2653 ms
16-Sep-2016 16:19:42.035 INFO [http-nio-8080-exec-1] org.apache.catalina.startup.HostConfig.undeploy Undeploying context [/mycontext]
16-Sep-2016 16:19:50.109 INFO [http-nio-8080-exec-10] org.apache.catalina.startup.HostConfig.deployWAR Deploying web application archive /home/ubuntu/workspace/tomcat-mysql-c9-master/tomcat/webapps/mycontext.war
16-Sep-2016 16:19:51.233 INFO [http-nio-8080-exec-10] org.apache.catalina.startup.HostConfig.deployWAR Deployment of web application archive /home/ubuntu/workspace/tomcat-mysql-c9-master/tomcat/webapps/mycontext.war has finished in 1,126 ms
16-Sep-2016 16:40:52.665 INFO [http-nio-8080-exec-11] org.apache.catalina.startup.HostConfig.undeploy Undeploying context [/mycontext]
16-Sep-2016 16:40:55.504 INFO [http-nio-8080-exec-16] org.apache.catalina.startup.HostConfig.deployWAR Deploying web application archive /home/ubuntu/workspace/tomcat-mysql-c9-master/tomcat/webapps/mycontext.war
16-Sep-2016 16:40:56.926 INFO [http-nio-8080-exec-16] org.apache.catalina.startup.HostConfig.deployWAR Deployment of web application archive /home/ubuntu/workspace/tomcat-mysql-c9-master/tomcat/webapps/mycontext.war has finished in 1,422 ms
16-Sep-2016 16:42:11.296 INFO [http-nio-8080-exec-21] org.apache.catalina.startup.HostConfig.undeploy Undeploying context [/mycontext]
16-Sep-2016 16:42:20.643 INFO [http-nio-8080-exec-23] org.apache.catalina.startup.HostConfig.deployWAR Deploying web application archive /home/ubuntu/workspace/tomcat-mysql-c9-master/tomcat/webapps/mycontext.war
16-Sep-2016 16:42:25.889 INFO [http-nio-8080-exec-23] org.apache.catalina.startup.HostConfig.deployWAR Deployment of web application archive /home/ubuntu/workspace/tomcat-mysql-c9-master/tomcat/webapps/mycontext.war has finished in 5,248 ms
16-Sep-2016 16:43:42.724 INFO [http-nio-8080-exec-30] org.apache.catalina.startup.HostConfig.undeploy Undeploying context [/mycontext]
16-Sep-2016 16:43:45.022 INFO [http-nio-8080-exec-27] org.apache.catalina.startup.HostConfig.deployWAR Deploying web application archive /home/ubuntu/workspace/tomcat-mysql-c9-master/tomcat/webapps/mycontext.war
16-Sep-2016 16:43:45.719 INFO [http-nio-8080-exec-27] org.apache.catalina.startup.HostConfig.deployWAR Deployment of web application archive /home/ubuntu/workspace/tomcat-mysql-c9-master/tomcat/webapps/mycontext.war has finished in 697 ms
16-Sep-2016 16:44:39.836 INFO [http-nio-8080-exec-29] org.apache.catalina.startup.HostConfig.undeploy Undeploying context [/mycontext]
16-Sep-2016 16:44:42.320 INFO [http-nio-8080-exec-35] org.apache.catalina.startup.HostConfig.deployWAR Deploying web application archive /home/ubuntu/workspace/tomcat-mysql-c9-master/tomcat/webapps/mycontext.war
16-Sep-2016 16:44:43.103 INFO [http-nio-8080-exec-35] org.apache.catalina.startup.HostConfig.deployWAR Deployment of web application archive /home/ubuntu/workspace/tomcat-mysql-c9-master/tomcat/webapps/mycontext.war has finished in 783 ms
16-Sep-2016 16:53:42.976 INFO [http-nio-8080-exec-38] org.apache.catalina.startup.HostConfig.undeploy Undeploying context [/mycontext]
16-Sep-2016 16:53:54.524 INFO [http-nio-8080-exec-45] org.apache.catalina.startup.HostConfig.deployWAR Deploying web application archive /home/ubuntu/workspace/tomcat-mysql-c9-master/tomcat/webapps/mycontext.war
16-Sep-2016 16:53:55.808 SEVERE [http-nio-8080-exec-45] org.apache.catalina.core.ContainerBase.addChildInternal ContainerBase.addChild: start: 
 org.apache.catalina.LifecycleException: Failed to start component [StandardEngine[Catalina].StandardHost[localhost].StandardContext[/mycontext]]
	at org.apache.catalina.util.LifecycleBase.start(LifecycleBase.java:154)
	at org.apache.catalina.core.ContainerBase.addChildInternal(ContainerBase.java:725)
	at org.apache.catalina.core.ContainerBase.addChild(ContainerBase.java:701)
	at org.apache.catalina.core.StandardHost.addChild(StandardHost.java:717)
	at org.apache.catalina.startup.HostConfig.deployWAR(HostConfig.java:945)
	at org.apache.catalina.startup.HostConfig.deployApps(HostConfig.java:466)
	at org.apache.catalina.startup.HostConfig.check(HostConfig.java:1586)
	at sun.reflect.NativeMethodAccessorImpl.invoke0(Native Method)
	at sun.reflect.NativeMethodAccessorImpl.invoke(NativeMethodAccessorImpl.java:57)
	at sun.reflect.DelegatingMethodAccessorImpl.invoke(DelegatingMethodAccessorImpl.java:43)
	at java.lang.reflect.Method.invoke(Method.java:606)
	at org.apache.tomcat.util.modeler.BaseModelMBean.invoke(BaseModelMBean.java:300)
	at com.sun.jmx.interceptor.DefaultMBeanServerInterceptor.invoke(DefaultMBeanServerInterceptor.java:819)
	at com.sun.jmx.mbeanserver.JmxMBeanServer.invoke(JmxMBeanServer.java:801)
	at org.apache.catalina.manager.ManagerServlet.check(ManagerServlet.java:1460)
	at org.apache.catalina.manager.ManagerServlet.deploy(ManagerServlet.java:733)
	at org.apache.catalina.manager.ManagerServlet.doPut(ManagerServlet.java:432)
	at javax.servlet.http.HttpServlet.service(HttpServlet.java:651)
	at javax.servlet.http.HttpServlet.service(HttpServlet.java:729)
	at org.apache.catalina.core.ApplicationFilterChain.internalDoFilter(ApplicationFilterChain.java:291)
	at org.apache.catalina.core.ApplicationFilterChain.doFilter(ApplicationFilterChain.java:206)
	at org.apache.tomcat.websocket.server.WsFilter.doFilter(WsFilter.java:52)
	at org.apache.catalina.core.ApplicationFilterChain.internalDoFilter(ApplicationFilterChain.java:239)
	at org.apache.catalina.core.ApplicationFilterChain.doFilter(ApplicationFilterChain.java:206)
	at org.apache.catalina.filters.SetCharacterEncodingFilter.doFilter(SetCharacterEncodingFilter.java:108)
	at org.apache.catalina.core.ApplicationFilterChain.internalDoFilter(ApplicationFilterChain.java:239)
	at org.apache.catalina.core.ApplicationFilterChain.doFilter(ApplicationFilterChain.java:206)
	at org.apache.catalina.core.StandardWrapperValve.invoke(StandardWrapperValve.java:217)
	at org.apache.catalina.core.StandardContextValve.invoke(StandardContextValve.java:106)
	at org.apache.catalina.authenticator.AuthenticatorBase.invoke(AuthenticatorBase.java:614)
	at org.apache.catalina.core.StandardHostValve.invoke(StandardHostValve.java:142)
	at org.apache.catalina.valves.ErrorReportValve.invoke(ErrorReportValve.java:79)
	at org.apache.catalina.valves.AbstractAccessLogValve.invoke(AbstractAccessLogValve.java:616)
	at org.apache.catalina.core.StandardEngineValve.invoke(StandardEngineValve.java:88)
	at org.apache.catalina.connector.CoyoteAdapter.service(CoyoteAdapter.java:518)
	at org.apache.coyote.http11.AbstractHttp11Processor.process(AbstractHttp11Processor.java:1091)
	at org.apache.coyote.AbstractProtocol$AbstractConnectionHandler.process(AbstractProtocol.java:673)
	at org.apache.tomcat.util.net.NioEndpoint$SocketProcessor.doRun(NioEndpoint.java:1500)
	at org.apache.tomcat.util.net.NioEndpoint$SocketProcessor.run(NioEndpoint.java:1456)
	at java.util.concurrent.ThreadPoolExecutor.runWorker(ThreadPoolExecutor.java:1145)
	at java.util.concurrent.ThreadPoolExecutor$Worker.run(ThreadPoolExecutor.java:615)
	at org.apache.tomcat.util.threads.TaskThread$WrappingRunnable.run(TaskThread.java:61)
	at java.lang.Thread.run(Thread.java:745)
Caused by: java.lang.IllegalArgumentException: Servlet mapping specifies an unknown servlet name App
	at org.apache.catalina.core.StandardContext.addServletMapping(StandardContext.java:3080)
	at org.apache.catalina.core.StandardContext.addServletMapping(StandardContext.java:3059)
	at org.apache.catalina.startup.ContextConfig.configureContext(ContextConfig.java:1372)
	at org.apache.catalina.startup.ContextConfig.webConfig(ContextConfig.java:1176)
	at org.apache.catalina.startup.ContextConfig.configureStart(ContextConfig.java:771)
	at org.apache.catalina.startup.ContextConfig.lifecycleEvent(ContextConfig.java:305)
	at org.apache.catalina.util.LifecycleSupport.fireLifecycleEvent(LifecycleSupport.java:95)
	at org.apache.catalina.util.LifecycleBase.fireLifecycleEvent(LifecycleBase.java:90)
	at org.apache.catalina.core.StandardContext.startInternal(StandardContext.java:5080)
	at org.apache.catalina.util.LifecycleBase.start(LifecycleBase.java:150)
	... 42 more

16-Sep-2016 16:53:55.837 SEVERE [http-nio-8080-exec-45] org.apache.catalina.startup.HostConfig.deployWAR Error deploying web application archive /home/ubuntu/workspace/tomcat-mysql-c9-master/tomcat/webapps/mycontext.war
 java.lang.IllegalStateException: ContainerBase.addChild: start: org.apache.catalina.LifecycleException: Failed to start component [StandardEngine[Catalina].StandardHost[localhost].StandardContext[/mycontext]]
	at org.apache.catalina.core.ContainerBase.addChildInternal(ContainerBase.java:729)
	at org.apache.catalina.core.ContainerBase.addChild(ContainerBase.java:701)
	at org.apache.catalina.core.StandardHost.addChild(StandardHost.java:717)
	at org.apache.catalina.startup.HostConfig.deployWAR(HostConfig.java:945)
	at org.apache.catalina.startup.HostConfig.deployApps(HostConfig.java:466)
	at org.apache.catalina.startup.HostConfig.check(HostConfig.java:1586)
	at sun.reflect.NativeMethodAccessorImpl.invoke0(Native Method)
	at sun.reflect.NativeMethodAccessorImpl.invoke(NativeMethodAccessorImpl.java:57)
	at sun.reflect.DelegatingMethodAccessorImpl.invoke(DelegatingMethodAccessorImpl.java:43)
	at java.lang.reflect.Method.invoke(Method.java:606)
	at org.apache.tomcat.util.modeler.BaseModelMBean.invoke(BaseModelMBean.java:300)
	at com.sun.jmx.interceptor.DefaultMBeanServerInterceptor.invoke(DefaultMBeanServerInterceptor.java:819)
	at com.sun.jmx.mbeanserver.JmxMBeanServer.invoke(JmxMBeanServer.java:801)
	at org.apache.catalina.manager.ManagerServlet.check(ManagerServlet.java:1460)
	at org.apache.catalina.manager.ManagerServlet.deploy(ManagerServlet.java:733)
	at org.apache.catalina.manager.ManagerServlet.doPut(ManagerServlet.java:432)
	at javax.servlet.http.HttpServlet.service(HttpServlet.java:651)
	at javax.servlet.http.HttpServlet.service(HttpServlet.java:729)
	at org.apache.catalina.core.ApplicationFilterChain.internalDoFilter(ApplicationFilterChain.java:291)
	at org.apache.catalina.core.ApplicationFilterChain.doFilter(ApplicationFilterChain.java:206)
	at org.apache.tomcat.websocket.server.WsFilter.doFilter(WsFilter.java:52)
	at org.apache.catalina.core.ApplicationFilterChain.internalDoFilter(ApplicationFilterChain.java:239)
	at org.apache.catalina.core.ApplicationFilterChain.doFilter(ApplicationFilterChain.java:206)
	at org.apache.catalina.filters.SetCharacterEncodingFilter.doFilter(SetCharacterEncodingFilter.java:108)
	at org.apache.catalina.core.ApplicationFilterChain.internalDoFilter(ApplicationFilterChain.java:239)
	at org.apache.catalina.core.ApplicationFilterChain.doFilter(ApplicationFilterChain.java:206)
	at org.apache.catalina.core.StandardWrapperValve.invoke(StandardWrapperValve.java:217)
	at org.apache.catalina.core.StandardContextValve.invoke(StandardContextValve.java:106)
	at org.apache.catalina.authenticator.AuthenticatorBase.invoke(AuthenticatorBase.java:614)
	at org.apache.catalina.core.StandardHostValve.invoke(StandardHostValve.java:142)
	at org.apache.catalina.valves.ErrorReportValve.invoke(ErrorReportValve.java:79)
	at org.apache.catalina.valves.AbstractAccessLogValve.invoke(AbstractAccessLogValve.java:616)
	at org.apache.catalina.core.StandardEngineValve.invoke(StandardEngineValve.java:88)
	at org.apache.catalina.connector.CoyoteAdapter.service(CoyoteAdapter.java:518)
	at org.apache.coyote.http11.AbstractHttp11Processor.process(AbstractHttp11Processor.java:1091)
	at org.apache.coyote.AbstractProtocol$AbstractConnectionHandler.process(AbstractProtocol.java:673)
	at org.apache.tomcat.util.net.NioEndpoint$SocketProcessor.doRun(NioEndpoint.java:1500)
	at org.apache.tomcat.util.net.NioEndpoint$SocketProcessor.run(NioEndpoint.java:1456)
	at java.util.concurrent.ThreadPoolExecutor.runWorker(ThreadPoolExecutor.java:1145)
	at java.util.concurrent.ThreadPoolExecutor$Worker.run(ThreadPoolExecutor.java:615)
	at org.apache.tomcat.util.threads.TaskThread$WrappingRunnable.run(TaskThread.java:61)
	at java.lang.Thread.run(Thread.java:745)

16-Sep-2016 16:53:55.854 INFO [http-nio-8080-exec-45] org.apache.catalina.startup.HostConfig.deployWAR Deployment of web application archive /home/ubuntu/workspace/tomcat-mysql-c9-master/tomcat/webapps/mycontext.war has finished in 1,333 ms
16-Sep-2016 17:07:28.414 INFO [http-nio-8080-exec-48] org.apache.catalina.startup.HostConfig.undeploy Undeploying context [/mycontext]
16-Sep-2016 17:07:31.691 INFO [http-nio-8080-exec-57] org.apache.catalina.startup.HostConfig.deployWAR Deploying web application archive /home/ubuntu/workspace/tomcat-mysql-c9-master/tomcat/webapps/mycontext.war
16-Sep-2016 17:07:32.986 SEVERE [http-nio-8080-exec-57] org.apache.catalina.core.ContainerBase.addChildInternal ContainerBase.addChild: start: 
 org.apache.catalina.LifecycleException: Failed to start component [StandardEngine[Catalina].StandardHost[localhost].StandardContext[/mycontext]]
	at org.apache.catalina.util.LifecycleBase.start(LifecycleBase.java:154)
	at org.apache.catalina.core.ContainerBase.addChildInternal(ContainerBase.java:725)
	at org.apache.catalina.core.ContainerBase.addChild(ContainerBase.java:701)
	at org.apache.catalina.core.StandardHost.addChild(StandardHost.java:717)
	at org.apache.catalina.startup.HostConfig.deployWAR(HostConfig.java:945)
	at org.apache.catalina.startup.HostConfig.deployApps(HostConfig.java:466)
	at org.apache.catalina.startup.HostConfig.check(HostConfig.java:1586)
	at sun.reflect.NativeMethodAccessorImpl.invoke0(Native Method)
	at sun.reflect.NativeMethodAccessorImpl.invoke(NativeMethodAccessorImpl.java:57)
	at sun.reflect.DelegatingMethodAccessorImpl.invoke(DelegatingMethodAccessorImpl.java:43)
	at java.lang.reflect.Method.invoke(Method.java:606)
	at org.apache.tomcat.util.modeler.BaseModelMBean.invoke(BaseModelMBean.java:300)
	at com.sun.jmx.interceptor.DefaultMBeanServerInterceptor.invoke(DefaultMBeanServerInterceptor.java:819)
	at com.sun.jmx.mbeanserver.JmxMBeanServer.invoke(JmxMBeanServer.java:801)
	at org.apache.catalina.manager.ManagerServlet.check(ManagerServlet.java:1460)
	at org.apache.catalina.manager.ManagerServlet.deploy(ManagerServlet.java:733)
	at org.apache.catalina.manager.ManagerServlet.doPut(ManagerServlet.java:432)
	at javax.servlet.http.HttpServlet.service(HttpServlet.java:651)
	at javax.servlet.http.HttpServlet.service(HttpServlet.java:729)
	at org.apache.catalina.core.ApplicationFilterChain.internalDoFilter(ApplicationFilterChain.java:291)
	at org.apache.catalina.core.ApplicationFilterChain.doFilter(ApplicationFilterChain.java:206)
	at org.apache.tomcat.websocket.server.WsFilter.doFilter(WsFilter.java:52)
	at org.apache.catalina.core.ApplicationFilterChain.internalDoFilter(ApplicationFilterChain.java:239)
	at org.apache.catalina.core.ApplicationFilterChain.doFilter(ApplicationFilterChain.java:206)
	at org.apache.catalina.filters.SetCharacterEncodingFilter.doFilter(SetCharacterEncodingFilter.java:108)
	at org.apache.catalina.core.ApplicationFilterChain.internalDoFilter(ApplicationFilterChain.java:239)
	at org.apache.catalina.core.ApplicationFilterChain.doFilter(ApplicationFilterChain.java:206)
	at org.apache.catalina.core.StandardWrapperValve.invoke(StandardWrapperValve.java:217)
	at org.apache.catalina.core.StandardContextValve.invoke(StandardContextValve.java:106)
	at org.apache.catalina.authenticator.AuthenticatorBase.invoke(AuthenticatorBase.java:614)
	at org.apache.catalina.core.StandardHostValve.invoke(StandardHostValve.java:142)
	at org.apache.catalina.valves.ErrorReportValve.invoke(ErrorReportValve.java:79)
	at org.apache.catalina.valves.AbstractAccessLogValve.invoke(AbstractAccessLogValve.java:616)
	at org.apache.catalina.core.StandardEngineValve.invoke(StandardEngineValve.java:88)
	at org.apache.catalina.connector.CoyoteAdapter.service(CoyoteAdapter.java:518)
	at org.apache.coyote.http11.AbstractHttp11Processor.process(AbstractHttp11Processor.java:1091)
	at org.apache.coyote.AbstractProtocol$AbstractConnectionHandler.process(AbstractProtocol.java:673)
	at org.apache.tomcat.util.net.NioEndpoint$SocketProcessor.doRun(NioEndpoint.java:1500)
	at org.apache.tomcat.util.net.NioEndpoint$SocketProcessor.run(NioEndpoint.java:1456)
	at java.util.concurrent.ThreadPoolExecutor.runWorker(ThreadPoolExecutor.java:1145)
	at java.util.concurrent.ThreadPoolExecutor$Worker.run(ThreadPoolExecutor.java:615)
	at org.apache.tomcat.util.threads.TaskThread$WrappingRunnable.run(TaskThread.java:61)
	at java.lang.Thread.run(Thread.java:745)
Caused by: java.lang.IllegalArgumentException: Invalid <url-pattern> main/resources/testServerlet/testServerlet in servlet mapping
	at org.apache.catalina.core.StandardContext.addServletMapping(StandardContext.java:3084)
	at org.apache.catalina.core.StandardContext.addServletMapping(StandardContext.java:3059)
	at org.apache.catalina.startup.ContextConfig.configureContext(ContextConfig.java:1372)
	at org.apache.catalina.startup.ContextConfig.webConfig(ContextConfig.java:1176)
	at org.apache.catalina.startup.ContextConfig.configureStart(ContextConfig.java:771)
	at org.apache.catalina.startup.ContextConfig.lifecycleEvent(ContextConfig.java:305)
	at org.apache.catalina.util.LifecycleSupport.fireLifecycleEvent(LifecycleSupport.java:95)
	at org.apache.catalina.util.LifecycleBase.fireLifecycleEvent(LifecycleBase.java:90)
	at org.apache.catalina.core.StandardContext.startInternal(StandardContext.java:5080)
	at org.apache.catalina.util.LifecycleBase.start(LifecycleBase.java:150)
	... 42 more

16-Sep-2016 17:07:33.190 SEVERE [http-nio-8080-exec-57] org.apache.catalina.startup.HostConfig.deployWAR Error deploying web application archive /home/ubuntu/workspace/tomcat-mysql-c9-master/tomcat/webapps/mycontext.war
 java.lang.IllegalStateException: ContainerBase.addChild: start: org.apache.catalina.LifecycleException: Failed to start component [StandardEngine[Catalina].StandardHost[localhost].StandardContext[/mycontext]]
	at org.apache.catalina.core.ContainerBase.addChildInternal(ContainerBase.java:729)
	at org.apache.catalina.core.ContainerBase.addChild(ContainerBase.java:701)
	at org.apache.catalina.core.StandardHost.addChild(StandardHost.java:717)
	at org.apache.catalina.startup.HostConfig.deployWAR(HostConfig.java:945)
	at org.apache.catalina.startup.HostConfig.deployApps(HostConfig.java:466)
	at org.apache.catalina.startup.HostConfig.check(HostConfig.java:1586)
	at sun.reflect.NativeMethodAccessorImpl.invoke0(Native Method)
	at sun.reflect.NativeMethodAccessorImpl.invoke(NativeMethodAccessorImpl.java:57)
	at sun.reflect.DelegatingMethodAccessorImpl.invoke(DelegatingMethodAccessorImpl.java:43)
	at java.lang.reflect.Method.invoke(Method.java:606)
	at org.apache.tomcat.util.modeler.BaseModelMBean.invoke(BaseModelMBean.java:300)
	at com.sun.jmx.interceptor.DefaultMBeanServerInterceptor.invoke(DefaultMBeanServerInterceptor.java:819)
	at com.sun.jmx.mbeanserver.JmxMBeanServer.invoke(JmxMBeanServer.java:801)
	at org.apache.catalina.manager.ManagerServlet.check(ManagerServlet.java:1460)
	at org.apache.catalina.manager.ManagerServlet.deploy(ManagerServlet.java:733)
	at org.apache.catalina.manager.ManagerServlet.doPut(ManagerServlet.java:432)
	at javax.servlet.http.HttpServlet.service(HttpServlet.java:651)
	at javax.servlet.http.HttpServlet.service(HttpServlet.java:729)
	at org.apache.catalina.core.ApplicationFilterChain.internalDoFilter(ApplicationFilterChain.java:291)
	at org.apache.catalina.core.ApplicationFilterChain.doFilter(ApplicationFilterChain.java:206)
	at org.apache.tomcat.websocket.server.WsFilter.doFilter(WsFilter.java:52)
	at org.apache.catalina.core.ApplicationFilterChain.internalDoFilter(ApplicationFilterChain.java:239)
	at org.apache.catalina.core.ApplicationFilterChain.doFilter(ApplicationFilterChain.java:206)
	at org.apache.catalina.filters.SetCharacterEncodingFilter.doFilter(SetCharacterEncodingFilter.java:108)
	at org.apache.catalina.core.ApplicationFilterChain.internalDoFilter(ApplicationFilterChain.java:239)
	at org.apache.catalina.core.ApplicationFilterChain.doFilter(ApplicationFilterChain.java:206)
	at org.apache.catalina.core.StandardWrapperValve.invoke(StandardWrapperValve.java:217)
	at org.apache.catalina.core.StandardContextValve.invoke(StandardContextValve.java:106)
	at org.apache.catalina.authenticator.AuthenticatorBase.invoke(AuthenticatorBase.java:614)
	at org.apache.catalina.core.StandardHostValve.invoke(StandardHostValve.java:142)
	at org.apache.catalina.valves.ErrorReportValve.invoke(ErrorReportValve.java:79)
	at org.apache.catalina.valves.AbstractAccessLogValve.invoke(AbstractAccessLogValve.java:616)
	at org.apache.catalina.core.StandardEngineValve.invoke(StandardEngineValve.java:88)
	at org.apache.catalina.connector.CoyoteAdapter.service(CoyoteAdapter.java:518)
	at org.apache.coyote.http11.AbstractHttp11Processor.process(AbstractHttp11Processor.java:1091)
	at org.apache.coyote.AbstractProtocol$AbstractConnectionHandler.process(AbstractProtocol.java:673)
	at org.apache.tomcat.util.net.NioEndpoint$SocketProcessor.doRun(NioEndpoint.java:1500)
	at org.apache.tomcat.util.net.NioEndpoint$SocketProcessor.run(NioEndpoint.java:1456)
	at java.util.concurrent.ThreadPoolExecutor.runWorker(ThreadPoolExecutor.java:1145)
	at java.util.concurrent.ThreadPoolExecutor$Worker.run(ThreadPoolExecutor.java:615)
	at org.apache.tomcat.util.threads.TaskThread$WrappingRunnable.run(TaskThread.java:61)
	at java.lang.Thread.run(Thread.java:745)

16-Sep-2016 17:07:33.442 INFO [http-nio-8080-exec-57] org.apache.catalina.startup.HostConfig.deployWAR Deployment of web application archive /home/ubuntu/workspace/tomcat-mysql-c9-master/tomcat/webapps/mycontext.war has finished in 1,691 ms
16-Sep-2016 17:22:12.699 INFO [http-nio-8080-exec-64] org.apache.catalina.startup.HostConfig.undeploy Undeploying context [/mycontext]
16-Sep-2016 17:26:18.988 INFO [http-nio-8080-exec-70] org.apache.catalina.startup.HostConfig.deployWAR Deploying web application archive /home/ubuntu/workspace/tomcat-mysql-c9-master/tomcat/webapps/mycontext.war
16-Sep-2016 17:26:21.096 INFO [http-nio-8080-exec-70] org.apache.catalina.startup.HostConfig.deployWAR Deployment of web application archive /home/ubuntu/workspace/tomcat-mysql-c9-master/tomcat/webapps/mycontext.war has finished in 2,114 ms
16-Sep-2016 17:32:41.228 INFO [http-nio-8080-exec-73] org.apache.catalina.startup.HostConfig.undeploy Undeploying context [/mycontext]
16-Sep-2016 17:45:51.402 INFO [http-nio-8080-exec-81] org.apache.catalina.startup.HostConfig.deployWAR Deploying web application archive /home/ubuntu/workspace/tomcat-mysql-c9-master/tomcat/webapps/mycontext.war
16-Sep-2016 17:45:53.502 INFO [http-nio-8080-exec-81] org.apache.catalina.startup.HostConfig.deployWAR Deployment of web application archive /home/ubuntu/workspace/tomcat-mysql-c9-master/tomcat/webapps/mycontext.war has finished in 2,116 ms
16-Sep-2016 17:46:33.855 INFO [http-nio-8080-exec-79] org.apache.catalina.startup.HostConfig.undeploy Undeploying context [/mycontext]
16-Sep-2016 17:47:57.909 INFO [http-nio-8080-exec-89] org.apache.catalina.startup.HostConfig.deployWAR Deploying web application archive /home/ubuntu/workspace/tomcat-mysql-c9-master/tomcat/webapps/mycontext.war
16-Sep-2016 17:48:04.772 INFO [http-nio-8080-exec-89] org.apache.catalina.startup.HostConfig.deployWAR Deployment of web application archive /home/ubuntu/workspace/tomcat-mysql-c9-master/tomcat/webapps/mycontext.war has finished in 6,198 ms
16-Sep-2016 20:27:40.629 INFO [http-nio-8080-exec-95] org.apache.catalina.startup.HostConfig.undeploy Undeploying context [/mycontext]
16-Sep-2016 20:27:55.274 INFO [http-nio-8080-exec-96] org.apache.catalina.startup.HostConfig.deployWAR Deploying web application archive /home/ubuntu/workspace/tomcat-mysql-c9-master/tomcat/webapps/mycontext.war
16-Sep-2016 20:28:05.835 INFO [http-nio-8080-exec-96] org.apache.catalina.startup.HostConfig.deployWAR Deployment of web application archive /home/ubuntu/workspace/tomcat-mysql-c9-master/tomcat/webapps/mycontext.war has finished in 10,575 ms
16-Sep-2016 20:31:16.441 INFO [http-nio-8080-exec-103] org.apache.catalina.startup.HostConfig.undeploy Undeploying context [/mycontext]
16-Sep-2016 20:31:30.895 INFO [http-nio-8080-exec-101] org.apache.catalina.startup.HostConfig.deployWAR Deploying web application archive /home/ubuntu/workspace/tomcat-mysql-c9-master/tomcat/webapps/mycontext.war
16-Sep-2016 20:31:36.030 INFO [http-nio-8080-exec-101] org.apache.catalina.startup.HostConfig.deployWAR Deployment of web application archive /home/ubuntu/workspace/tomcat-mysql-c9-master/tomcat/webapps/mycontext.war has finished in 5,133 ms
16-Sep-2016 20:34:31.866 INFO [http-nio-8080-exec-106] org.apache.catalina.startup.HostConfig.undeploy Undeploying context [/mycontext]
16-Sep-2016 20:34:36.119 INFO [http-nio-8080-exec-109] org.apache.catalina.startup.HostConfig.deployWAR Deploying web application archive /home/ubuntu/workspace/tomcat-mysql-c9-master/tomcat/webapps/mycontext.war
16-Sep-2016 20:34:38.918 INFO [http-nio-8080-exec-109] org.apache.catalina.startup.HostConfig.deployWAR Deployment of web application archive /home/ubuntu/workspace/tomcat-mysql-c9-master/tomcat/webapps/mycontext.war has finished in 2,798 ms
16-Sep-2016 20:36:03.354 INFO [http-nio-8080-exec-114] org.apache.catalina.startup.HostConfig.undeploy Undeploying context [/mycontext]
16-Sep-2016 20:36:07.652 INFO [http-nio-8080-exec-118] org.apache.catalina.startup.HostConfig.deployWAR Deploying web application archive /home/ubuntu/workspace/tomcat-mysql-c9-master/tomcat/webapps/mycontext.war
16-Sep-2016 20:36:10.582 INFO [http-nio-8080-exec-118] org.apache.catalina.startup.HostConfig.deployWAR Deployment of web application archive /home/ubuntu/workspace/tomcat-mysql-c9-master/tomcat/webapps/mycontext.war has finished in 2,930 ms
16-Sep-2016 20:36:39.904 INFO [http-nio-8080-exec-116] org.apache.catalina.startup.HostConfig.undeploy Undeploying context [/mycontext]
16-Sep-2016 20:36:43.865 INFO [http-nio-8080-exec-124] org.apache.catalina.startup.HostConfig.deployWAR Deploying web application archive /home/ubuntu/workspace/tomcat-mysql-c9-master/tomcat/webapps/mycontext.war
16-Sep-2016 20:36:46.444 INFO [http-nio-8080-exec-124] org.apache.catalina.startup.HostConfig.deployWAR Deployment of web application archive /home/ubuntu/workspace/tomcat-mysql-c9-master/tomcat/webapps/mycontext.war has finished in 2,581 ms
16-Sep-2016 20:44:28.708 INFO [http-nio-8080-exec-127] org.apache.catalina.startup.HostConfig.undeploy Undeploying context [/mycontext]
16-Sep-2016 20:44:34.131 INFO [http-nio-8080-exec-131] org.apache.catalina.startup.HostConfig.deployWAR Deploying web application archive /home/ubuntu/workspace/tomcat-mysql-c9-master/tomcat/webapps/mycontext.war
16-Sep-2016 20:44:36.875 INFO [http-nio-8080-exec-131] org.apache.catalina.startup.HostConfig.deployWAR Deployment of web application archive /home/ubuntu/workspace/tomcat-mysql-c9-master/tomcat/webapps/mycontext.war has finished in 2,743 ms
16-Sep-2016 20:45:05.132 INFO [http-nio-8080-exec-128] org.apache.catalina.startup.HostConfig.undeploy Undeploying context [/mycontext]
16-Sep-2016 20:45:09.043 INFO [http-nio-8080-exec-136] org.apache.catalina.startup.HostConfig.deployWAR Deploying web application archive /home/ubuntu/workspace/tomcat-mysql-c9-master/tomcat/webapps/mycontext.war
16-Sep-2016 20:45:12.184 INFO [http-nio-8080-exec-136] org.apache.catalina.startup.HostConfig.deployWAR Deployment of web application archive /home/ubuntu/workspace/tomcat-mysql-c9-master/tomcat/webapps/mycontext.war has finished in 3,139 ms
16-Sep-2016 20:48:50.340 INFO [http-nio-8080-exec-143] org.apache.catalina.startup.HostConfig.undeploy Undeploying context [/mycontext]
16-Sep-2016 20:49:00.365 INFO [http-nio-8080-exec-141] org.apache.catalina.startup.HostConfig.deployWAR Deploying web application archive /home/ubuntu/workspace/tomcat-mysql-c9-master/tomcat/webapps/mycontext.war
16-Sep-2016 20:49:03.327 INFO [http-nio-8080-exec-141] org.apache.catalina.startup.HostConfig.deployWAR Deployment of web application archive /home/ubuntu/workspace/tomcat-mysql-c9-master/tomcat/webapps/mycontext.war has finished in 2,961 ms
16-Sep-2016 20:55:16.695 INFO [http-nio-8080-exec-152] org.apache.catalina.startup.HostConfig.undeploy Undeploying context [/mycontext]
16-Sep-2016 20:55:28.428 INFO [http-nio-8080-exec-160] org.apache.catalina.startup.HostConfig.deployWAR Deploying web application archive /home/ubuntu/workspace/tomcat-mysql-c9-master/tomcat/webapps/mycontext.war
16-Sep-2016 20:55:30.919 INFO [http-nio-8080-exec-160] org.apache.catalina.startup.HostConfig.deployWAR Deployment of web application archive /home/ubuntu/workspace/tomcat-mysql-c9-master/tomcat/webapps/mycontext.war has finished in 2,486 ms
16-Sep-2016 20:56:13.928 INFO [http-nio-8080-exec-154] org.apache.catalina.startup.HostConfig.undeploy Undeploying context [/mycontext]
16-Sep-2016 20:56:28.749 INFO [http-nio-8080-exec-166] org.apache.catalina.startup.HostConfig.deployWAR Deploying web application archive /home/ubuntu/workspace/tomcat-mysql-c9-master/tomcat/webapps/mycontext.war
16-Sep-2016 20:56:33.043 INFO [http-nio-8080-exec-166] org.apache.catalina.startup.HostConfig.deployWAR Deployment of web application archive /home/ubuntu/workspace/tomcat-mysql-c9-master/tomcat/webapps/mycontext.war has finished in 4,290 ms
16-Sep-2016 21:17:22.395 INFO [http-nio-8080-exec-174] org.apache.catalina.startup.HostConfig.undeploy Undeploying context [/mycontext]
16-Sep-2016 21:29:57.818 INFO [http-nio-8080-exec-186] org.apache.catalina.startup.HostConfig.deployWAR Deploying web application archive /home/ubuntu/workspace/tomcat-mysql-c9-master/tomcat/webapps/mycontext.war
16-Sep-2016 21:30:02.961 INFO [http-nio-8080-exec-186] org.apache.catalina.startup.HostConfig.deployWAR Deployment of web application archive /home/ubuntu/workspace/tomcat-mysql-c9-master/tomcat/webapps/mycontext.war has finished in 5,160 ms
16-Sep-2016 21:31:41.044 INFO [http-nio-8080-exec-187] org.apache.catalina.startup.HostConfig.undeploy Undeploying context [/mycontext]
16-Sep-2016 21:31:45.267 INFO [http-nio-8080-exec-186] org.apache.catalina.startup.HostConfig.deployWAR Deploying web application archive /home/ubuntu/workspace/tomcat-mysql-c9-master/tomcat/webapps/mycontext.war
16-Sep-2016 21:31:47.984 INFO [http-nio-8080-exec-186] org.apache.catalina.startup.HostConfig.deployWAR Deployment of web application archive /home/ubuntu/workspace/tomcat-mysql-c9-master/tomcat/webapps/mycontext.war has finished in 2,717 ms
16-Sep-2016 21:43:05.387 INFO [http-nio-8080-exec-188] org.apache.catalina.startup.HostConfig.undeploy Undeploying context [/mycontext]
16-Sep-2016 21:44:10.197 INFO [http-nio-8080-exec-199] org.apache.catalina.startup.HostConfig.deployWAR Deploying web application archive /home/ubuntu/workspace/tomcat-mysql-c9-master/tomcat/webapps/mycontext.war
16-Sep-2016 21:44:15.876 INFO [http-nio-8080-exec-199] org.apache.catalina.startup.HostConfig.deployWAR Deployment of web application archive /home/ubuntu/workspace/tomcat-mysql-c9-master/tomcat/webapps/mycontext.war has finished in 5,672 ms
16-Sep-2016 22:29:26.095 INFO [http-nio-8080-exec-201] org.apache.catalina.startup.HostConfig.undeploy Undeploying context [/mycontext]
16-Sep-2016 22:41:07.964 INFO [http-nio-8080-exec-214] org.apache.catalina.startup.HostConfig.deployWAR Deploying web application archive /home/ubuntu/workspace/tomcat-mysql-c9-master/tomcat/webapps/mycontext.war
16-Sep-2016 22:41:11.760 INFO [http-nio-8080-exec-214] org.apache.catalina.startup.HostConfig.deployWAR Deployment of web application archive /home/ubuntu/workspace/tomcat-mysql-c9-master/tomcat/webapps/mycontext.war has finished in 3,800 ms
16-Sep-2016 22:41:22.900 SEVERE [http-nio-8080-exec-216] com.sun.jersey.api.client.ClientResponse.getEntity A message body reader for Java class org.sonatype.mavenbook.web.UserEntity, and Java type class org.sonatype.mavenbook.web.UserEntity, and MIME media type application/json; charset=utf-8 was not found
16-Sep-2016 22:41:22.903 SEVERE [http-nio-8080-exec-216] com.sun.jersey.api.client.ClientResponse.getEntity The registered message body readers compatible with the MIME media type are:
*/* ->
  com.sun.jersey.core.impl.provider.entity.FormProvider
  com.sun.jersey.core.impl.provider.entity.StringProvider
  com.sun.jersey.core.impl.provider.entity.ByteArrayProvider
  com.sun.jersey.core.impl.provider.entity.FileProvider
  com.sun.jersey.core.impl.provider.entity.InputStreamProvider
  com.sun.jersey.core.impl.provider.entity.DataSourceProvider
  com.sun.jersey.core.impl.provider.entity.XMLJAXBElementProvider$General
  com.sun.jersey.core.impl.provider.entity.ReaderProvider
  com.sun.jersey.core.impl.provider.entity.DocumentProvider
  com.sun.jersey.core.impl.provider.entity.SourceProvider$StreamSourceReader
  com.sun.jersey.core.impl.provider.entity.SourceProvider$SAXSourceReader
  com.sun.jersey.core.impl.provider.entity.SourceProvider$DOMSourceReader
  com.sun.jersey.core.impl.provider.entity.XMLRootElementProvider$General
  com.sun.jersey.core.impl.provider.entity.XMLListElementProvider$General
  com.sun.jersey.core.impl.provider.entity.XMLRootObjectProvider$General
  com.sun.jersey.core.impl.provider.entity.EntityHolderReader

16-Sep-2016 22:50:17.312 INFO [http-nio-8080-exec-210] org.apache.catalina.startup.HostConfig.undeploy Undeploying context [/mycontext]
16-Sep-2016 23:16:46.050 INFO [http-nio-8080-exec-222] org.apache.catalina.startup.HostConfig.deployWAR Deploying web application archive /home/ubuntu/workspace/tomcat-mysql-c9-master/tomcat/webapps/mycontext.war
16-Sep-2016 23:16:51.759 INFO [http-nio-8080-exec-222] org.apache.catalina.startup.HostConfig.deployWAR Deployment of web application archive /home/ubuntu/workspace/tomcat-mysql-c9-master/tomcat/webapps/mycontext.war has finished in 5,712 ms
16-Sep-2016 23:17:21.042 SEVERE [http-nio-8080-exec-226] com.sun.jersey.api.client.ClientResponse.getEntity A message body reader for Java class org.sonatype.mavenbook.web.UserEntity, and Java type class org.sonatype.mavenbook.web.UserEntity, and MIME media type application/json; charset=utf-8 was not found
16-Sep-2016 23:17:21.049 SEVERE [http-nio-8080-exec-226] com.sun.jersey.api.client.ClientResponse.getEntity The registered message body readers compatible with the MIME media type are:
*/* ->
  com.sun.jersey.core.impl.provider.entity.FormProvider
  com.sun.jersey.core.impl.provider.entity.StringProvider
  com.sun.jersey.core.impl.provider.entity.ByteArrayProvider
  com.sun.jersey.core.impl.provider.entity.FileProvider
  com.sun.jersey.core.impl.provider.entity.InputStreamProvider
  com.sun.jersey.core.impl.provider.entity.DataSourceProvider
  com.sun.jersey.core.impl.provider.entity.XMLJAXBElementProvider$General
  com.sun.jersey.core.impl.provider.entity.ReaderProvider
  com.sun.jersey.core.impl.provider.entity.DocumentProvider
  com.sun.jersey.core.impl.provider.entity.SourceProvider$StreamSourceReader
  com.sun.jersey.core.impl.provider.entity.SourceProvider$SAXSourceReader
  com.sun.jersey.core.impl.provider.entity.SourceProvider$DOMSourceReader
  com.sun.jersey.core.impl.provider.entity.XMLRootElementProvider$General
  com.sun.jersey.core.impl.provider.entity.XMLListElementProvider$General
  com.sun.jersey.core.impl.provider.entity.XMLRootObjectProvider$General
  com.sun.jersey.core.impl.provider.entity.EntityHolderReader

16-Sep-2016 23:19:55.044 INFO [http-nio-8080-exec-218] org.apache.catalina.startup.HostConfig.undeploy Undeploying context [/mycontext]
16-Sep-2016 23:26:54.051 INFO [http-nio-8080-exec-230] org.apache.catalina.startup.HostConfig.deployWAR Deploying web application archive /home/ubuntu/workspace/tomcat-mysql-c9-master/tomcat/webapps/mycontext.war
16-Sep-2016 23:26:57.661 INFO [http-nio-8080-exec-230] org.apache.catalina.startup.HostConfig.deployWAR Deployment of web application archive /home/ubuntu/workspace/tomcat-mysql-c9-master/tomcat/webapps/mycontext.war has finished in 3,619 ms
16-Sep-2016 23:27:04.582 SEVERE [http-nio-8080-exec-234] com.sun.jersey.api.client.ClientResponse.getEntity A message body reader for Java class java.util.List, and Java type java.util.List<org.sonatype.mavenbook.web.UserEntity>, and MIME media type application/json; charset=utf-8 was not found
16-Sep-2016 23:27:04.585 SEVERE [http-nio-8080-exec-234] com.sun.jersey.api.client.ClientResponse.getEntity The registered message body readers compatible with the MIME media type are:
*/* ->
  com.sun.jersey.core.impl.provider.entity.FormProvider
  com.sun.jersey.core.impl.provider.entity.StringProvider
  com.sun.jersey.core.impl.provider.entity.ByteArrayProvider
  com.sun.jersey.core.impl.provider.entity.FileProvider
  com.sun.jersey.core.impl.provider.entity.InputStreamProvider
  com.sun.jersey.core.impl.provider.entity.DataSourceProvider
  com.sun.jersey.core.impl.provider.entity.XMLJAXBElementProvider$General
  com.sun.jersey.core.impl.provider.entity.ReaderProvider
  com.sun.jersey.core.impl.provider.entity.DocumentProvider
  com.sun.jersey.core.impl.provider.entity.SourceProvider$StreamSourceReader
  com.sun.jersey.core.impl.provider.entity.SourceProvider$SAXSourceReader
  com.sun.jersey.core.impl.provider.entity.SourceProvider$DOMSourceReader
  com.sun.jersey.core.impl.provider.entity.XMLRootElementProvider$General
  com.sun.jersey.core.impl.provider.entity.XMLListElementProvider$General
  com.sun.jersey.core.impl.provider.entity.XMLRootObjectProvider$General
  com.sun.jersey.core.impl.provider.entity.EntityHolderReader

16-Sep-2016 23:29:36.341 INFO [http-nio-8080-exec-231] org.apache.catalina.startup.HostConfig.undeploy Undeploying context [/mycontext]
16-Sep-2016 23:29:41.103 INFO [http-nio-8080-exec-228] org.apache.catalina.startup.HostConfig.deployWAR Deploying web application archive /home/ubuntu/workspace/tomcat-mysql-c9-master/tomcat/webapps/mycontext.war
16-Sep-2016 23:29:48.085 INFO [http-nio-8080-exec-228] org.apache.catalina.startup.HostConfig.deployWAR Deployment of web application archive /home/ubuntu/workspace/tomcat-mysql-c9-master/tomcat/webapps/mycontext.war has finished in 6,983 ms
16-Sep-2016 23:29:54.014 SEVERE [http-nio-8080-exec-234] com.sun.jersey.api.client.ClientResponse.getEntity A message body reader for Java class java.util.List, and Java type java.util.List<org.sonatype.mavenbook.web.UserEntity>, and MIME media type application/json; charset=utf-8 was not found
16-Sep-2016 23:29:54.016 SEVERE [http-nio-8080-exec-234] com.sun.jersey.api.client.ClientResponse.getEntity The registered message body readers compatible with the MIME media type are:
*/* ->
  com.sun.jersey.core.impl.provider.entity.FormProvider
  com.sun.jersey.core.impl.provider.entity.StringProvider
  com.sun.jersey.core.impl.provider.entity.ByteArrayProvider
  com.sun.jersey.core.impl.provider.entity.FileProvider
  com.sun.jersey.core.impl.provider.entity.InputStreamProvider
  com.sun.jersey.core.impl.provider.entity.DataSourceProvider
  com.sun.jersey.core.impl.provider.entity.XMLJAXBElementProvider$General
  com.sun.jersey.core.impl.provider.entity.ReaderProvider
  com.sun.jersey.core.impl.provider.entity.DocumentProvider
  com.sun.jersey.core.impl.provider.entity.SourceProvider$StreamSourceReader
  com.sun.jersey.core.impl.provider.entity.SourceProvider$SAXSourceReader
  com.sun.jersey.core.impl.provider.entity.SourceProvider$DOMSourceReader
  com.sun.jersey.core.impl.provider.entity.XMLRootElementProvider$General
  com.sun.jersey.core.impl.provider.entity.XMLListElementProvider$General
  com.sun.jersey.core.impl.provider.entity.XMLRootObjectProvider$General
  com.sun.jersey.core.impl.provider.entity.EntityHolderReader

16-Sep-2016 23:30:46.094 SEVERE [http-nio-8080-exec-238] com.sun.jersey.api.client.ClientResponse.getEntity A message body reader for Java class java.util.List, and Java type java.util.List<org.sonatype.mavenbook.web.UserEntity>, and MIME media type application/json; charset=utf-8 was not found
16-Sep-2016 23:30:46.095 SEVERE [http-nio-8080-exec-238] com.sun.jersey.api.client.ClientResponse.getEntity The registered message body readers compatible with the MIME media type are:
*/* ->
  com.sun.jersey.core.impl.provider.entity.FormProvider
  com.sun.jersey.core.impl.provider.entity.StringProvider
  com.sun.jersey.core.impl.provider.entity.ByteArrayProvider
  com.sun.jersey.core.impl.provider.entity.FileProvider
  com.sun.jersey.core.impl.provider.entity.InputStreamProvider
  com.sun.jersey.core.impl.provider.entity.DataSourceProvider
  com.sun.jersey.core.impl.provider.entity.XMLJAXBElementProvider$General
  com.sun.jersey.core.impl.provider.entity.ReaderProvider
  com.sun.jersey.core.impl.provider.entity.DocumentProvider
  com.sun.jersey.core.impl.provider.entity.SourceProvider$StreamSourceReader
  com.sun.jersey.core.impl.provider.entity.SourceProvider$SAXSourceReader
  com.sun.jersey.core.impl.provider.entity.SourceProvider$DOMSourceReader
  com.sun.jersey.core.impl.provider.entity.XMLRootElementProvider$General
  com.sun.jersey.core.impl.provider.entity.XMLListElementProvider$General
  com.sun.jersey.core.impl.provider.entity.XMLRootObjectProvider$General
  com.sun.jersey.core.impl.provider.entity.EntityHolderReader

16-Sep-2016 23:30:58.066 INFO [http-nio-8080-exec-240] org.apache.catalina.startup.HostConfig.undeploy Undeploying context [/mycontext]
16-Sep-2016 23:31:08.248 INFO [http-nio-8080-exec-230] org.apache.catalina.startup.HostConfig.deployWAR Deploying web application archive /home/ubuntu/workspace/tomcat-mysql-c9-master/tomcat/webapps/mycontext.war
16-Sep-2016 23:31:12.667 INFO [http-nio-8080-exec-230] org.apache.catalina.startup.HostConfig.deployWAR Deployment of web application archive /home/ubuntu/workspace/tomcat-mysql-c9-master/tomcat/webapps/mycontext.war has finished in 4,410 ms
16-Sep-2016 23:31:18.832 SEVERE [http-nio-8080-exec-232] com.sun.jersey.api.client.ClientResponse.getEntity A message body reader for Java class java.util.List, and Java type java.util.List<org.sonatype.mavenbook.web.UserEntity>, and MIME media type application/json; charset=utf-8 was not found
16-Sep-2016 23:31:18.836 SEVERE [http-nio-8080-exec-232] com.sun.jersey.api.client.ClientResponse.getEntity The registered message body readers compatible with the MIME media type are:
*/* ->
  com.sun.jersey.core.impl.provider.entity.FormProvider
  com.sun.jersey.core.impl.provider.entity.StringProvider
  com.sun.jersey.core.impl.provider.entity.ByteArrayProvider
  com.sun.jersey.core.impl.provider.entity.FileProvider
  com.sun.jersey.core.impl.provider.entity.InputStreamProvider
  com.sun.jersey.core.impl.provider.entity.DataSourceProvider
  com.sun.jersey.core.impl.provider.entity.XMLJAXBElementProvider$General
  com.sun.jersey.core.impl.provider.entity.ReaderProvider
  com.sun.jersey.core.impl.provider.entity.DocumentProvider
  com.sun.jersey.core.impl.provider.entity.SourceProvider$StreamSourceReader
  com.sun.jersey.core.impl.provider.entity.SourceProvider$SAXSourceReader
  com.sun.jersey.core.impl.provider.entity.SourceProvider$DOMSourceReader
  com.sun.jersey.core.impl.provider.entity.XMLRootElementProvider$General
  com.sun.jersey.core.impl.provider.entity.XMLListElementProvider$General
  com.sun.jersey.core.impl.provider.entity.XMLRootObjectProvider$General
  com.sun.jersey.core.impl.provider.entity.EntityHolderReader

16-Sep-2016 23:34:32.328 INFO [http-nio-8080-exec-244] org.apache.catalina.startup.HostConfig.undeploy Undeploying context [/mycontext]
16-Sep-2016 23:34:36.020 INFO [http-nio-8080-exec-246] org.apache.catalina.startup.HostConfig.deployWAR Deploying web application archive /home/ubuntu/workspace/tomcat-mysql-c9-master/tomcat/webapps/mycontext.war
16-Sep-2016 23:34:38.412 INFO [http-nio-8080-exec-246] org.apache.catalina.startup.HostConfig.deployWAR Deployment of web application archive /home/ubuntu/workspace/tomcat-mysql-c9-master/tomcat/webapps/mycontext.war has finished in 2,391 ms
16-Sep-2016 23:35:32.829 INFO [http-nio-8080-exec-253] org.apache.catalina.startup.HostConfig.undeploy Undeploying context [/mycontext]
16-Sep-2016 23:35:38.396 INFO [http-nio-8080-exec-257] org.apache.catalina.startup.HostConfig.deployWAR Deploying web application archive /home/ubuntu/workspace/tomcat-mysql-c9-master/tomcat/webapps/mycontext.war
16-Sep-2016 23:35:41.517 INFO [http-nio-8080-exec-257] org.apache.catalina.startup.HostConfig.deployWAR Deployment of web application archive /home/ubuntu/workspace/tomcat-mysql-c9-master/tomcat/webapps/mycontext.war has finished in 3,119 ms
