19-Sep-2016 14:56:00.647 INFO [main] org.apache.catalina.startup.VersionLoggerListener.log Server version:        Apache Tomcat/8.0.28
19-Sep-2016 14:56:00.648 INFO [main] org.apache.catalina.startup.VersionLoggerListener.log Server built:          Oct 7 2015 18:25:21 UTC
19-Sep-2016 14:56:00.649 INFO [main] org.apache.catalina.startup.VersionLoggerListener.log Server number:         8.0.28.0
19-Sep-2016 14:56:00.649 INFO [main] org.apache.catalina.startup.VersionLoggerListener.log OS Name:               Linux
19-Sep-2016 14:56:00.649 INFO [main] org.apache.catalina.startup.VersionLoggerListener.log OS Version:            4.2.0-c9
19-Sep-2016 14:56:00.649 INFO [main] org.apache.catalina.startup.VersionLoggerListener.log Architecture:          amd64
19-Sep-2016 14:56:00.649 INFO [main] org.apache.catalina.startup.VersionLoggerListener.log Java Home:             /usr/lib/jvm/java-7-openjdk-amd64/jre
19-Sep-2016 14:56:00.649 INFO [main] org.apache.catalina.startup.VersionLoggerListener.log JVM Version:           1.7.0_111-b01
19-Sep-2016 14:56:00.649 INFO [main] org.apache.catalina.startup.VersionLoggerListener.log JVM Vendor:            Oracle Corporation
19-Sep-2016 14:56:00.650 INFO [main] org.apache.catalina.startup.VersionLoggerListener.log CATALINA_BASE:         /home/ubuntu/workspace/tomcat-mysql-c9-master/tomcat
19-Sep-2016 14:56:00.650 INFO [main] org.apache.catalina.startup.VersionLoggerListener.log CATALINA_HOME:         /home/ubuntu/workspace/tomcat-mysql-c9-master/tomcat
19-Sep-2016 14:56:00.650 INFO [main] org.apache.catalina.startup.VersionLoggerListener.log Command line argument: -Djava.util.logging.config.file=/home/ubuntu/workspace/tomcat-mysql-c9-master/tomcat/conf/logging.properties
19-Sep-2016 14:56:00.650 INFO [main] org.apache.catalina.startup.VersionLoggerListener.log Command line argument: -Djava.util.logging.manager=org.apache.juli.ClassLoaderLogManager
19-Sep-2016 14:56:00.651 INFO [main] org.apache.catalina.startup.VersionLoggerListener.log Command line argument: -Djava.endorsed.dirs=/home/ubuntu/workspace/tomcat-mysql-c9-master/tomcat/endorsed
19-Sep-2016 14:56:00.651 INFO [main] org.apache.catalina.startup.VersionLoggerListener.log Command line argument: -Dcatalina.base=/home/ubuntu/workspace/tomcat-mysql-c9-master/tomcat
19-Sep-2016 14:56:00.651 INFO [main] org.apache.catalina.startup.VersionLoggerListener.log Command line argument: -Dcatalina.home=/home/ubuntu/workspace/tomcat-mysql-c9-master/tomcat
19-Sep-2016 14:56:00.651 INFO [main] org.apache.catalina.startup.VersionLoggerListener.log Command line argument: -Djava.io.tmpdir=/home/ubuntu/workspace/tomcat-mysql-c9-master/tomcat/temp
19-Sep-2016 14:56:00.651 INFO [main] org.apache.catalina.core.AprLifecycleListener.lifecycleEvent The APR based Apache Tomcat Native library which allows optimal performance in production environments was not found on the java.library.path: ~/.c9/local/lib:/usr/java/packages/lib/amd64:/usr/lib/x86_64-linux-gnu/jni:/lib/x86_64-linux-gnu:/usr/lib/x86_64-linux-gnu:/usr/lib/jni:/lib:/usr/lib
19-Sep-2016 14:56:00.906 INFO [main] org.apache.coyote.AbstractProtocol.init Initializing ProtocolHandler ["http-nio-8080"]
19-Sep-2016 14:56:00.953 INFO [main] org.apache.tomcat.util.net.NioSelectorPool.getSharedSelector Using a shared selector for servlet write/read
19-Sep-2016 14:56:00.957 INFO [main] org.apache.coyote.AbstractProtocol.init Initializing ProtocolHandler ["ajp-nio-8009"]
19-Sep-2016 14:56:00.961 INFO [main] org.apache.tomcat.util.net.NioSelectorPool.getSharedSelector Using a shared selector for servlet write/read
19-Sep-2016 14:56:00.961 INFO [main] org.apache.catalina.startup.Catalina.load Initialization processed in 1107 ms
19-Sep-2016 14:56:01.007 INFO [main] org.apache.catalina.core.StandardService.startInternal Starting service Catalina
19-Sep-2016 14:56:01.008 INFO [main] org.apache.catalina.core.StandardEngine.startInternal Starting Servlet Engine: Apache Tomcat/8.0.28
19-Sep-2016 14:56:01.046 INFO [localhost-startStop-1] org.apache.catalina.startup.HostConfig.deployWAR Deploying web application archive /home/ubuntu/workspace/tomcat-mysql-c9-master/tomcat/webapps/mycontext.war
19-Sep-2016 14:56:02.680 INFO [localhost-startStop-1] org.apache.jasper.servlet.TldScanner.scanJars At least one JAR was scanned for TLDs yet contained no TLDs. Enable debug logging for this logger for a complete list of JARs that were scanned but no TLDs were found in them. Skipping unneeded JARs during scanning can improve startup time and JSP compilation time.
19-Sep-2016 14:56:02.856 INFO [localhost-startStop-1] org.apache.catalina.startup.HostConfig.deployWAR Deployment of web application archive /home/ubuntu/workspace/tomcat-mysql-c9-master/tomcat/webapps/mycontext.war has finished in 1,807 ms
19-Sep-2016 14:56:02.857 INFO [localhost-startStop-1] org.apache.catalina.startup.HostConfig.deployWAR Deploying web application archive /home/ubuntu/workspace/tomcat-mysql-c9-master/tomcat/webapps/survey.war
19-Sep-2016 14:56:03.029 INFO [localhost-startStop-1] org.apache.jasper.servlet.TldScanner.scanJars At least one JAR was scanned for TLDs yet contained no TLDs. Enable debug logging for this logger for a complete list of JARs that were scanned but no TLDs were found in them. Skipping unneeded JARs during scanning can improve startup time and JSP compilation time.
19-Sep-2016 14:56:03.055 INFO [localhost-startStop-1] org.apache.catalina.startup.HostConfig.deployWAR Deployment of web application archive /home/ubuntu/workspace/tomcat-mysql-c9-master/tomcat/webapps/survey.war has finished in 198 ms
19-Sep-2016 14:56:03.056 INFO [localhost-startStop-1] org.apache.catalina.startup.HostConfig.deployDirectory Deploying web application directory /home/ubuntu/workspace/tomcat-mysql-c9-master/tomcat/webapps/manager
19-Sep-2016 14:56:03.101 INFO [localhost-startStop-1] org.apache.catalina.startup.HostConfig.deployDirectory Deployment of web application directory /home/ubuntu/workspace/tomcat-mysql-c9-master/tomcat/webapps/manager has finished in 45 ms
19-Sep-2016 14:56:03.101 INFO [localhost-startStop-1] org.apache.catalina.startup.HostConfig.deployDirectory Deploying web application directory /home/ubuntu/workspace/tomcat-mysql-c9-master/tomcat/webapps/host-manager
19-Sep-2016 14:56:03.136 INFO [localhost-startStop-1] org.apache.catalina.startup.HostConfig.deployDirectory Deployment of web application directory /home/ubuntu/workspace/tomcat-mysql-c9-master/tomcat/webapps/host-manager has finished in 35 ms
19-Sep-2016 14:56:03.137 INFO [localhost-startStop-1] org.apache.catalina.startup.HostConfig.deployDirectory Deploying web application directory /home/ubuntu/workspace/tomcat-mysql-c9-master/tomcat/webapps/docs
19-Sep-2016 14:56:03.220 INFO [localhost-startStop-1] org.apache.catalina.startup.HostConfig.deployDirectory Deployment of web application directory /home/ubuntu/workspace/tomcat-mysql-c9-master/tomcat/webapps/docs has finished in 83 ms
19-Sep-2016 14:56:03.220 INFO [localhost-startStop-1] org.apache.catalina.startup.HostConfig.deployDirectory Deploying web application directory /home/ubuntu/workspace/tomcat-mysql-c9-master/tomcat/webapps/ROOT
19-Sep-2016 14:56:03.252 INFO [localhost-startStop-1] org.apache.catalina.startup.HostConfig.deployDirectory Deployment of web application directory /home/ubuntu/workspace/tomcat-mysql-c9-master/tomcat/webapps/ROOT has finished in 31 ms
19-Sep-2016 14:56:03.252 INFO [localhost-startStop-1] org.apache.catalina.startup.HostConfig.deployDirectory Deploying web application directory /home/ubuntu/workspace/tomcat-mysql-c9-master/tomcat/webapps/examples
19-Sep-2016 14:56:03.868 INFO [localhost-startStop-1] org.apache.catalina.startup.HostConfig.deployDirectory Deployment of web application directory /home/ubuntu/workspace/tomcat-mysql-c9-master/tomcat/webapps/examples has finished in 616 ms
19-Sep-2016 14:56:03.877 INFO [main] org.apache.coyote.AbstractProtocol.start Starting ProtocolHandler ["http-nio-8080"]
19-Sep-2016 14:56:03.884 INFO [main] org.apache.coyote.AbstractProtocol.start Starting ProtocolHandler ["ajp-nio-8009"]
19-Sep-2016 14:56:03.885 INFO [main] org.apache.catalina.startup.Catalina.start Server startup in 2923 ms
19-Sep-2016 16:02:23.852 INFO [main] org.apache.catalina.startup.VersionLoggerListener.log Server version:        Apache Tomcat/8.0.28
19-Sep-2016 16:02:23.855 INFO [main] org.apache.catalina.startup.VersionLoggerListener.log Server built:          Oct 7 2015 18:25:21 UTC
19-Sep-2016 16:02:23.856 INFO [main] org.apache.catalina.startup.VersionLoggerListener.log Server number:         8.0.28.0
19-Sep-2016 16:02:23.856 INFO [main] org.apache.catalina.startup.VersionLoggerListener.log OS Name:               Linux
19-Sep-2016 16:02:23.856 INFO [main] org.apache.catalina.startup.VersionLoggerListener.log OS Version:            4.2.0-c9
19-Sep-2016 16:02:23.856 INFO [main] org.apache.catalina.startup.VersionLoggerListener.log Architecture:          amd64
19-Sep-2016 16:02:23.856 INFO [main] org.apache.catalina.startup.VersionLoggerListener.log Java Home:             /usr/lib/jvm/java-7-openjdk-amd64/jre
19-Sep-2016 16:02:23.856 INFO [main] org.apache.catalina.startup.VersionLoggerListener.log JVM Version:           1.7.0_111-b01
19-Sep-2016 16:02:23.857 INFO [main] org.apache.catalina.startup.VersionLoggerListener.log JVM Vendor:            Oracle Corporation
19-Sep-2016 16:02:23.858 INFO [main] org.apache.catalina.startup.VersionLoggerListener.log CATALINA_BASE:         /home/ubuntu/workspace/tomcat-mysql-c9-master/tomcat
19-Sep-2016 16:02:23.858 INFO [main] org.apache.catalina.startup.VersionLoggerListener.log CATALINA_HOME:         /home/ubuntu/workspace/tomcat-mysql-c9-master/tomcat
19-Sep-2016 16:02:23.859 INFO [main] org.apache.catalina.startup.VersionLoggerListener.log Command line argument: -Djava.util.logging.config.file=/home/ubuntu/workspace/tomcat-mysql-c9-master/tomcat/conf/logging.properties
19-Sep-2016 16:02:23.859 INFO [main] org.apache.catalina.startup.VersionLoggerListener.log Command line argument: -Djava.util.logging.manager=org.apache.juli.ClassLoaderLogManager
19-Sep-2016 16:02:23.859 INFO [main] org.apache.catalina.startup.VersionLoggerListener.log Command line argument: -Djava.endorsed.dirs=/home/ubuntu/workspace/tomcat-mysql-c9-master/tomcat/endorsed
19-Sep-2016 16:02:23.859 INFO [main] org.apache.catalina.startup.VersionLoggerListener.log Command line argument: -Dcatalina.base=/home/ubuntu/workspace/tomcat-mysql-c9-master/tomcat
19-Sep-2016 16:02:23.860 INFO [main] org.apache.catalina.startup.VersionLoggerListener.log Command line argument: -Dcatalina.home=/home/ubuntu/workspace/tomcat-mysql-c9-master/tomcat
19-Sep-2016 16:02:23.860 INFO [main] org.apache.catalina.startup.VersionLoggerListener.log Command line argument: -Djava.io.tmpdir=/home/ubuntu/workspace/tomcat-mysql-c9-master/tomcat/temp
19-Sep-2016 16:02:23.860 INFO [main] org.apache.catalina.core.AprLifecycleListener.lifecycleEvent The APR based Apache Tomcat Native library which allows optimal performance in production environments was not found on the java.library.path: ~/.c9/local/lib:/usr/java/packages/lib/amd64:/usr/lib/x86_64-linux-gnu/jni:/lib/x86_64-linux-gnu:/usr/lib/x86_64-linux-gnu:/usr/lib/jni:/lib:/usr/lib
19-Sep-2016 16:02:24.356 INFO [main] org.apache.coyote.AbstractProtocol.init Initializing ProtocolHandler ["http-nio-8080"]
19-Sep-2016 16:02:24.431 SEVERE [main] org.apache.coyote.AbstractProtocol.init Failed to initialize end point associated with ProtocolHandler ["http-nio-8080"]
 java.net.BindException: Address already in use
	at sun.nio.ch.Net.bind0(Native Method)
	at sun.nio.ch.Net.bind(Net.java:463)
	at sun.nio.ch.Net.bind(Net.java:455)
	at sun.nio.ch.ServerSocketChannelImpl.bind(ServerSocketChannelImpl.java:223)
	at sun.nio.ch.ServerSocketAdaptor.bind(ServerSocketAdaptor.java:74)
	at org.apache.tomcat.util.net.NioEndpoint.bind(NioEndpoint.java:340)
	at org.apache.tomcat.util.net.AbstractEndpoint.init(AbstractEndpoint.java:742)
	at org.apache.coyote.AbstractProtocol.init(AbstractProtocol.java:457)
	at org.apache.coyote.http11.AbstractHttp11JsseProtocol.init(AbstractHttp11JsseProtocol.java:120)
	at org.apache.catalina.connector.Connector.initInternal(Connector.java:960)
	at org.apache.catalina.util.LifecycleBase.init(LifecycleBase.java:102)
	at org.apache.catalina.core.StandardService.initInternal(StandardService.java:567)
	at org.apache.catalina.util.LifecycleBase.init(LifecycleBase.java:102)
	at org.apache.catalina.core.StandardServer.initInternal(StandardServer.java:851)
	at org.apache.catalina.util.LifecycleBase.init(LifecycleBase.java:102)
	at org.apache.catalina.startup.Catalina.load(Catalina.java:576)
	at org.apache.catalina.startup.Catalina.load(Catalina.java:599)
	at sun.reflect.NativeMethodAccessorImpl.invoke0(Native Method)
	at sun.reflect.NativeMethodAccessorImpl.invoke(NativeMethodAccessorImpl.java:57)
	at sun.reflect.DelegatingMethodAccessorImpl.invoke(DelegatingMethodAccessorImpl.java:43)
	at java.lang.reflect.Method.invoke(Method.java:606)
	at org.apache.catalina.startup.Bootstrap.load(Bootstrap.java:310)
	at org.apache.catalina.startup.Bootstrap.main(Bootstrap.java:484)

19-Sep-2016 16:02:24.437 SEVERE [main] org.apache.catalina.core.StandardService.initInternal Failed to initialize connector [Connector[HTTP/1.1-8080]]
 org.apache.catalina.LifecycleException: Failed to initialize component [Connector[HTTP/1.1-8080]]
	at org.apache.catalina.util.LifecycleBase.init(LifecycleBase.java:106)
	at org.apache.catalina.core.StandardService.initInternal(StandardService.java:567)
	at org.apache.catalina.util.LifecycleBase.init(LifecycleBase.java:102)
	at org.apache.catalina.core.StandardServer.initInternal(StandardServer.java:851)
	at org.apache.catalina.util.LifecycleBase.init(LifecycleBase.java:102)
	at org.apache.catalina.startup.Catalina.load(Catalina.java:576)
	at org.apache.catalina.startup.Catalina.load(Catalina.java:599)
	at sun.reflect.NativeMethodAccessorImpl.invoke0(Native Method)
	at sun.reflect.NativeMethodAccessorImpl.invoke(NativeMethodAccessorImpl.java:57)
	at sun.reflect.DelegatingMethodAccessorImpl.invoke(DelegatingMethodAccessorImpl.java:43)
	at java.lang.reflect.Method.invoke(Method.java:606)
	at org.apache.catalina.startup.Bootstrap.load(Bootstrap.java:310)
	at org.apache.catalina.startup.Bootstrap.main(Bootstrap.java:484)
Caused by: org.apache.catalina.LifecycleException: Protocol handler initialization failed
	at org.apache.catalina.connector.Connector.initInternal(Connector.java:962)
	at org.apache.catalina.util.LifecycleBase.init(LifecycleBase.java:102)
	... 12 more
Caused by: java.net.BindException: Address already in use
	at sun.nio.ch.Net.bind0(Native Method)
	at sun.nio.ch.Net.bind(Net.java:463)
	at sun.nio.ch.Net.bind(Net.java:455)
	at sun.nio.ch.ServerSocketChannelImpl.bind(ServerSocketChannelImpl.java:223)
	at sun.nio.ch.ServerSocketAdaptor.bind(ServerSocketAdaptor.java:74)
	at org.apache.tomcat.util.net.NioEndpoint.bind(NioEndpoint.java:340)
	at org.apache.tomcat.util.net.AbstractEndpoint.init(AbstractEndpoint.java:742)
	at org.apache.coyote.AbstractProtocol.init(AbstractProtocol.java:457)
	at org.apache.coyote.http11.AbstractHttp11JsseProtocol.init(AbstractHttp11JsseProtocol.java:120)
	at org.apache.catalina.connector.Connector.initInternal(Connector.java:960)
	... 13 more

19-Sep-2016 16:02:24.438 INFO [main] org.apache.coyote.AbstractProtocol.init Initializing ProtocolHandler ["ajp-nio-8009"]
19-Sep-2016 16:02:24.441 SEVERE [main] org.apache.coyote.AbstractProtocol.init Failed to initialize end point associated with ProtocolHandler ["ajp-nio-8009"]
 java.net.BindException: Address already in use
	at sun.nio.ch.Net.bind0(Native Method)
	at sun.nio.ch.Net.bind(Net.java:463)
	at sun.nio.ch.Net.bind(Net.java:455)
	at sun.nio.ch.ServerSocketChannelImpl.bind(ServerSocketChannelImpl.java:223)
	at sun.nio.ch.ServerSocketAdaptor.bind(ServerSocketAdaptor.java:74)
	at org.apache.tomcat.util.net.NioEndpoint.bind(NioEndpoint.java:340)
	at org.apache.tomcat.util.net.AbstractEndpoint.init(AbstractEndpoint.java:742)
	at org.apache.coyote.AbstractProtocol.init(AbstractProtocol.java:457)
	at org.apache.catalina.connector.Connector.initInternal(Connector.java:960)
	at org.apache.catalina.util.LifecycleBase.init(LifecycleBase.java:102)
	at org.apache.catalina.core.StandardService.initInternal(StandardService.java:567)
	at org.apache.catalina.util.LifecycleBase.init(LifecycleBase.java:102)
	at org.apache.catalina.core.StandardServer.initInternal(StandardServer.java:851)
	at org.apache.catalina.util.LifecycleBase.init(LifecycleBase.java:102)
	at org.apache.catalina.startup.Catalina.load(Catalina.java:576)
	at org.apache.catalina.startup.Catalina.load(Catalina.java:599)
	at sun.reflect.NativeMethodAccessorImpl.invoke0(Native Method)
	at sun.reflect.NativeMethodAccessorImpl.invoke(NativeMethodAccessorImpl.java:57)
	at sun.reflect.DelegatingMethodAccessorImpl.invoke(DelegatingMethodAccessorImpl.java:43)
	at java.lang.reflect.Method.invoke(Method.java:606)
	at org.apache.catalina.startup.Bootstrap.load(Bootstrap.java:310)
	at org.apache.catalina.startup.Bootstrap.main(Bootstrap.java:484)

19-Sep-2016 16:02:24.442 SEVERE [main] org.apache.catalina.core.StandardService.initInternal Failed to initialize connector [Connector[AJP/1.3-8009]]
 org.apache.catalina.LifecycleException: Failed to initialize component [Connector[AJP/1.3-8009]]
	at org.apache.catalina.util.LifecycleBase.init(LifecycleBase.java:106)
	at org.apache.catalina.core.StandardService.initInternal(StandardService.java:567)
	at org.apache.catalina.util.LifecycleBase.init(LifecycleBase.java:102)
	at org.apache.catalina.core.StandardServer.initInternal(StandardServer.java:851)
	at org.apache.catalina.util.LifecycleBase.init(LifecycleBase.java:102)
	at org.apache.catalina.startup.Catalina.load(Catalina.java:576)
	at org.apache.catalina.startup.Catalina.load(Catalina.java:599)
	at sun.reflect.NativeMethodAccessorImpl.invoke0(Native Method)
	at sun.reflect.NativeMethodAccessorImpl.invoke(NativeMethodAccessorImpl.java:57)
	at sun.reflect.DelegatingMethodAccessorImpl.invoke(DelegatingMethodAccessorImpl.java:43)
	at java.lang.reflect.Method.invoke(Method.java:606)
	at org.apache.catalina.startup.Bootstrap.load(Bootstrap.java:310)
	at org.apache.catalina.startup.Bootstrap.main(Bootstrap.java:484)
Caused by: org.apache.catalina.LifecycleException: Protocol handler initialization failed
	at org.apache.catalina.connector.Connector.initInternal(Connector.java:962)
	at org.apache.catalina.util.LifecycleBase.init(LifecycleBase.java:102)
	... 12 more
Caused by: java.net.BindException: Address already in use
	at sun.nio.ch.Net.bind0(Native Method)
	at sun.nio.ch.Net.bind(Net.java:463)
	at sun.nio.ch.Net.bind(Net.java:455)
	at sun.nio.ch.ServerSocketChannelImpl.bind(ServerSocketChannelImpl.java:223)
	at sun.nio.ch.ServerSocketAdaptor.bind(ServerSocketAdaptor.java:74)
	at org.apache.tomcat.util.net.NioEndpoint.bind(NioEndpoint.java:340)
	at org.apache.tomcat.util.net.AbstractEndpoint.init(AbstractEndpoint.java:742)
	at org.apache.coyote.AbstractProtocol.init(AbstractProtocol.java:457)
	at org.apache.catalina.connector.Connector.initInternal(Connector.java:960)
	... 13 more

19-Sep-2016 16:02:24.443 INFO [main] org.apache.catalina.startup.Catalina.load Initialization processed in 1890 ms
19-Sep-2016 16:02:24.527 INFO [main] org.apache.catalina.core.StandardService.startInternal Starting service Catalina
19-Sep-2016 16:02:24.528 INFO [main] org.apache.catalina.core.StandardEngine.startInternal Starting Servlet Engine: Apache Tomcat/8.0.28
19-Sep-2016 16:02:24.624 INFO [localhost-startStop-1] org.apache.catalina.startup.HostConfig.deployWAR Deploying web application archive /home/ubuntu/workspace/tomcat-mysql-c9-master/tomcat/webapps/mycontext.war
19-Sep-2016 16:02:45.262 INFO [localhost-startStop-1] org.apache.jasper.servlet.TldScanner.scanJars At least one JAR was scanned for TLDs yet contained no TLDs. Enable debug logging for this logger for a complete list of JARs that were scanned but no TLDs were found in them. Skipping unneeded JARs during scanning can improve startup time and JSP compilation time.
19-Sep-2016 16:02:45.453 INFO [main] org.apache.catalina.core.StandardServer.await A valid shutdown command was received via the shutdown port. Stopping the Server instance.
19-Sep-2016 16:02:45.535 INFO [localhost-startStop-1] org.apache.catalina.startup.HostConfig.deployWAR Deployment of web application archive /home/ubuntu/workspace/tomcat-mysql-c9-master/tomcat/webapps/mycontext.war has finished in 20,898 ms
19-Sep-2016 16:02:45.538 INFO [localhost-startStop-1] org.apache.catalina.startup.HostConfig.deployWAR Deploying web application archive /home/ubuntu/workspace/tomcat-mysql-c9-master/tomcat/webapps/survey.war
19-Sep-2016 16:02:45.588 INFO [main] org.apache.coyote.AbstractProtocol.pause Pausing ProtocolHandler ["http-nio-8080"]
19-Sep-2016 16:02:45.863 INFO [localhost-startStop-1] org.apache.jasper.servlet.TldScanner.scanJars At least one JAR was scanned for TLDs yet contained no TLDs. Enable debug logging for this logger for a complete list of JARs that were scanned but no TLDs were found in them. Skipping unneeded JARs during scanning can improve startup time and JSP compilation time.
19-Sep-2016 16:02:45.892 INFO [main] org.apache.coyote.AbstractProtocol.pause Pausing ProtocolHandler ["ajp-nio-8009"]
19-Sep-2016 16:02:45.912 INFO [localhost-startStop-1] org.apache.catalina.startup.HostConfig.deployWAR Deployment of web application archive /home/ubuntu/workspace/tomcat-mysql-c9-master/tomcat/webapps/survey.war has finished in 374 ms
19-Sep-2016 16:02:45.913 INFO [localhost-startStop-1] org.apache.catalina.startup.HostConfig.deployDirectory Deploying web application directory /home/ubuntu/workspace/tomcat-mysql-c9-master/tomcat/webapps/manager
19-Sep-2016 16:02:45.954 INFO [main] org.apache.catalina.core.StandardService.stopInternal Stopping service Catalina
19-Sep-2016 16:02:45.987 INFO [localhost-startStop-1] org.apache.catalina.startup.HostConfig.deployDirectory Deployment of web application directory /home/ubuntu/workspace/tomcat-mysql-c9-master/tomcat/webapps/manager has finished in 74 ms
19-Sep-2016 16:02:45.987 INFO [localhost-startStop-1] org.apache.catalina.startup.HostConfig.deployDirectory Deploying web application directory /home/ubuntu/workspace/tomcat-mysql-c9-master/tomcat/webapps/host-manager
19-Sep-2016 16:02:46.042 INFO [localhost-startStop-1] org.apache.catalina.startup.HostConfig.deployDirectory Deployment of web application directory /home/ubuntu/workspace/tomcat-mysql-c9-master/tomcat/webapps/host-manager has finished in 55 ms
19-Sep-2016 16:02:46.042 INFO [localhost-startStop-1] org.apache.catalina.startup.HostConfig.deployDirectory Deploying web application directory /home/ubuntu/workspace/tomcat-mysql-c9-master/tomcat/webapps/docs
19-Sep-2016 16:02:46.082 INFO [localhost-startStop-1] org.apache.catalina.startup.HostConfig.deployDirectory Deployment of web application directory /home/ubuntu/workspace/tomcat-mysql-c9-master/tomcat/webapps/docs has finished in 40 ms
19-Sep-2016 16:02:46.083 INFO [localhost-startStop-1] org.apache.catalina.startup.HostConfig.deployDirectory Deploying web application directory /home/ubuntu/workspace/tomcat-mysql-c9-master/tomcat/webapps/ROOT
19-Sep-2016 16:02:46.167 INFO [localhost-startStop-1] org.apache.catalina.startup.HostConfig.deployDirectory Deployment of web application directory /home/ubuntu/workspace/tomcat-mysql-c9-master/tomcat/webapps/ROOT has finished in 84 ms
19-Sep-2016 16:02:46.168 INFO [localhost-startStop-1] org.apache.catalina.startup.HostConfig.deployDirectory Deploying web application directory /home/ubuntu/workspace/tomcat-mysql-c9-master/tomcat/webapps/examples
19-Sep-2016 16:02:47.104 INFO [main] org.apache.coyote.AbstractProtocol.stop Stopping ProtocolHandler ["http-nio-8080"]
19-Sep-2016 16:02:47.215 INFO [main] org.apache.coyote.AbstractProtocol.stop Stopping ProtocolHandler ["ajp-nio-8009"]
19-Sep-2016 16:02:47.245 INFO [localhost-startStop-1] org.apache.catalina.startup.HostConfig.deployDirectory Deployment of web application directory /home/ubuntu/workspace/tomcat-mysql-c9-master/tomcat/webapps/examples has finished in 1,077 ms
19-Sep-2016 16:02:47.263 INFO [main] org.apache.catalina.startup.Catalina.start Server startup in 22819 ms
19-Sep-2016 16:02:47.313 INFO [main] org.apache.coyote.AbstractProtocol.destroy Destroying ProtocolHandler ["http-nio-8080"]
19-Sep-2016 16:02:47.317 INFO [main] org.apache.coyote.AbstractProtocol.destroy Destroying ProtocolHandler ["ajp-nio-8009"]
19-Sep-2016 16:02:53.877 INFO [main] org.apache.catalina.startup.VersionLoggerListener.log Server version:        Apache Tomcat/8.0.28
19-Sep-2016 16:02:53.879 INFO [main] org.apache.catalina.startup.VersionLoggerListener.log Server built:          Oct 7 2015 18:25:21 UTC
19-Sep-2016 16:02:53.879 INFO [main] org.apache.catalina.startup.VersionLoggerListener.log Server number:         8.0.28.0
19-Sep-2016 16:02:53.879 INFO [main] org.apache.catalina.startup.VersionLoggerListener.log OS Name:               Linux
19-Sep-2016 16:02:53.879 INFO [main] org.apache.catalina.startup.VersionLoggerListener.log OS Version:            4.2.0-c9
19-Sep-2016 16:02:53.879 INFO [main] org.apache.catalina.startup.VersionLoggerListener.log Architecture:          amd64
19-Sep-2016 16:02:53.880 INFO [main] org.apache.catalina.startup.VersionLoggerListener.log Java Home:             /usr/lib/jvm/java-7-openjdk-amd64/jre
19-Sep-2016 16:02:53.880 INFO [main] org.apache.catalina.startup.VersionLoggerListener.log JVM Version:           1.7.0_111-b01
19-Sep-2016 16:02:53.880 INFO [main] org.apache.catalina.startup.VersionLoggerListener.log JVM Vendor:            Oracle Corporation
19-Sep-2016 16:02:53.880 INFO [main] org.apache.catalina.startup.VersionLoggerListener.log CATALINA_BASE:         /home/ubuntu/workspace/tomcat-mysql-c9-master/tomcat
19-Sep-2016 16:02:53.880 INFO [main] org.apache.catalina.startup.VersionLoggerListener.log CATALINA_HOME:         /home/ubuntu/workspace/tomcat-mysql-c9-master/tomcat
19-Sep-2016 16:02:53.881 INFO [main] org.apache.catalina.startup.VersionLoggerListener.log Command line argument: -Djava.util.logging.config.file=/home/ubuntu/workspace/tomcat-mysql-c9-master/tomcat/conf/logging.properties
19-Sep-2016 16:02:53.881 INFO [main] org.apache.catalina.startup.VersionLoggerListener.log Command line argument: -Djava.util.logging.manager=org.apache.juli.ClassLoaderLogManager
19-Sep-2016 16:02:53.881 INFO [main] org.apache.catalina.startup.VersionLoggerListener.log Command line argument: -Djava.endorsed.dirs=/home/ubuntu/workspace/tomcat-mysql-c9-master/tomcat/endorsed
19-Sep-2016 16:02:53.882 INFO [main] org.apache.catalina.startup.VersionLoggerListener.log Command line argument: -Dcatalina.base=/home/ubuntu/workspace/tomcat-mysql-c9-master/tomcat
19-Sep-2016 16:02:53.882 INFO [main] org.apache.catalina.startup.VersionLoggerListener.log Command line argument: -Dcatalina.home=/home/ubuntu/workspace/tomcat-mysql-c9-master/tomcat
19-Sep-2016 16:02:53.882 INFO [main] org.apache.catalina.startup.VersionLoggerListener.log Command line argument: -Djava.io.tmpdir=/home/ubuntu/workspace/tomcat-mysql-c9-master/tomcat/temp
19-Sep-2016 16:02:53.882 INFO [main] org.apache.catalina.core.AprLifecycleListener.lifecycleEvent The APR based Apache Tomcat Native library which allows optimal performance in production environments was not found on the java.library.path: ~/.c9/local/lib:/usr/java/packages/lib/amd64:/usr/lib/x86_64-linux-gnu/jni:/lib/x86_64-linux-gnu:/usr/lib/x86_64-linux-gnu:/usr/lib/jni:/lib:/usr/lib
19-Sep-2016 16:02:54.204 INFO [main] org.apache.coyote.AbstractProtocol.init Initializing ProtocolHandler ["http-nio-8080"]
19-Sep-2016 16:02:54.257 INFO [main] org.apache.tomcat.util.net.NioSelectorPool.getSharedSelector Using a shared selector for servlet write/read
19-Sep-2016 16:02:54.261 INFO [main] org.apache.coyote.AbstractProtocol.init Initializing ProtocolHandler ["ajp-nio-8009"]
19-Sep-2016 16:02:54.264 INFO [main] org.apache.tomcat.util.net.NioSelectorPool.getSharedSelector Using a shared selector for servlet write/read
19-Sep-2016 16:02:54.265 INFO [main] org.apache.catalina.startup.Catalina.load Initialization processed in 1570 ms
19-Sep-2016 16:02:54.317 INFO [main] org.apache.catalina.core.StandardService.startInternal Starting service Catalina
19-Sep-2016 16:02:54.317 INFO [main] org.apache.catalina.core.StandardEngine.startInternal Starting Servlet Engine: Apache Tomcat/8.0.28
19-Sep-2016 16:02:54.411 INFO [localhost-startStop-1] org.apache.catalina.startup.HostConfig.deployWAR Deploying web application archive /home/ubuntu/workspace/tomcat-mysql-c9-master/tomcat/webapps/mycontext.war
19-Sep-2016 16:02:56.862 INFO [localhost-startStop-1] org.apache.jasper.servlet.TldScanner.scanJars At least one JAR was scanned for TLDs yet contained no TLDs. Enable debug logging for this logger for a complete list of JARs that were scanned but no TLDs were found in them. Skipping unneeded JARs during scanning can improve startup time and JSP compilation time.
19-Sep-2016 16:02:57.073 INFO [localhost-startStop-1] org.apache.catalina.startup.HostConfig.deployWAR Deployment of web application archive /home/ubuntu/workspace/tomcat-mysql-c9-master/tomcat/webapps/mycontext.war has finished in 2,661 ms
19-Sep-2016 16:02:57.075 INFO [localhost-startStop-1] org.apache.catalina.startup.HostConfig.deployWAR Deploying web application archive /home/ubuntu/workspace/tomcat-mysql-c9-master/tomcat/webapps/survey.war
19-Sep-2016 16:02:57.506 INFO [localhost-startStop-1] org.apache.jasper.servlet.TldScanner.scanJars At least one JAR was scanned for TLDs yet contained no TLDs. Enable debug logging for this logger for a complete list of JARs that were scanned but no TLDs were found in them. Skipping unneeded JARs during scanning can improve startup time and JSP compilation time.
19-Sep-2016 16:02:57.634 INFO [localhost-startStop-1] org.apache.catalina.startup.HostConfig.deployWAR Deployment of web application archive /home/ubuntu/workspace/tomcat-mysql-c9-master/tomcat/webapps/survey.war has finished in 559 ms
19-Sep-2016 16:02:57.635 INFO [localhost-startStop-1] org.apache.catalina.startup.HostConfig.deployDirectory Deploying web application directory /home/ubuntu/workspace/tomcat-mysql-c9-master/tomcat/webapps/manager
19-Sep-2016 16:02:57.822 INFO [localhost-startStop-1] org.apache.catalina.startup.HostConfig.deployDirectory Deployment of web application directory /home/ubuntu/workspace/tomcat-mysql-c9-master/tomcat/webapps/manager has finished in 187 ms
19-Sep-2016 16:02:57.822 INFO [localhost-startStop-1] org.apache.catalina.startup.HostConfig.deployDirectory Deploying web application directory /home/ubuntu/workspace/tomcat-mysql-c9-master/tomcat/webapps/host-manager
19-Sep-2016 16:02:57.880 INFO [localhost-startStop-1] org.apache.catalina.startup.HostConfig.deployDirectory Deployment of web application directory /home/ubuntu/workspace/tomcat-mysql-c9-master/tomcat/webapps/host-manager has finished in 58 ms
19-Sep-2016 16:02:57.880 INFO [localhost-startStop-1] org.apache.catalina.startup.HostConfig.deployDirectory Deploying web application directory /home/ubuntu/workspace/tomcat-mysql-c9-master/tomcat/webapps/docs
19-Sep-2016 16:02:58.036 INFO [localhost-startStop-1] org.apache.catalina.startup.HostConfig.deployDirectory Deployment of web application directory /home/ubuntu/workspace/tomcat-mysql-c9-master/tomcat/webapps/docs has finished in 156 ms
19-Sep-2016 16:02:58.036 INFO [localhost-startStop-1] org.apache.catalina.startup.HostConfig.deployDirectory Deploying web application directory /home/ubuntu/workspace/tomcat-mysql-c9-master/tomcat/webapps/ROOT
19-Sep-2016 16:02:58.206 INFO [localhost-startStop-1] org.apache.catalina.startup.HostConfig.deployDirectory Deployment of web application directory /home/ubuntu/workspace/tomcat-mysql-c9-master/tomcat/webapps/ROOT has finished in 170 ms
19-Sep-2016 16:02:58.206 INFO [localhost-startStop-1] org.apache.catalina.startup.HostConfig.deployDirectory Deploying web application directory /home/ubuntu/workspace/tomcat-mysql-c9-master/tomcat/webapps/examples
19-Sep-2016 16:02:59.678 INFO [localhost-startStop-1] org.apache.catalina.startup.HostConfig.deployDirectory Deployment of web application directory /home/ubuntu/workspace/tomcat-mysql-c9-master/tomcat/webapps/examples has finished in 1,472 ms
19-Sep-2016 16:02:59.802 INFO [main] org.apache.coyote.AbstractProtocol.start Starting ProtocolHandler ["http-nio-8080"]
19-Sep-2016 16:02:59.811 INFO [main] org.apache.coyote.AbstractProtocol.start Starting ProtocolHandler ["ajp-nio-8009"]
19-Sep-2016 16:02:59.813 INFO [main] org.apache.catalina.startup.Catalina.start Server startup in 5547 ms
19-Sep-2016 16:02:59.817 SEVERE [main] org.apache.catalina.core.StandardServer.await StandardServer.await: create[localhost:8005]: 
 java.net.BindException: Address already in use
	at java.net.PlainSocketImpl.socketBind(Native Method)
	at java.net.AbstractPlainSocketImpl.bind(AbstractPlainSocketImpl.java:376)
	at java.net.ServerSocket.bind(ServerSocket.java:376)
	at java.net.ServerSocket.<init>(ServerSocket.java:237)
	at org.apache.catalina.core.StandardServer.await(StandardServer.java:420)
	at org.apache.catalina.startup.Catalina.await(Catalina.java:713)
	at org.apache.catalina.startup.Catalina.start(Catalina.java:659)
	at sun.reflect.NativeMethodAccessorImpl.invoke0(Native Method)
	at sun.reflect.NativeMethodAccessorImpl.invoke(NativeMethodAccessorImpl.java:57)
	at sun.reflect.DelegatingMethodAccessorImpl.invoke(DelegatingMethodAccessorImpl.java:43)
	at java.lang.reflect.Method.invoke(Method.java:606)
	at org.apache.catalina.startup.Bootstrap.start(Bootstrap.java:351)
	at org.apache.catalina.startup.Bootstrap.main(Bootstrap.java:485)

19-Sep-2016 16:02:59.819 INFO [main] org.apache.coyote.AbstractProtocol.pause Pausing ProtocolHandler ["http-nio-8080"]
19-Sep-2016 16:02:59.874 INFO [main] org.apache.coyote.AbstractProtocol.pause Pausing ProtocolHandler ["ajp-nio-8009"]
19-Sep-2016 16:02:59.926 INFO [main] org.apache.catalina.core.StandardService.stopInternal Stopping service Catalina
19-Sep-2016 16:03:00.220 INFO [main] org.apache.coyote.AbstractProtocol.stop Stopping ProtocolHandler ["http-nio-8080"]
19-Sep-2016 16:03:00.221 INFO [main] org.apache.coyote.AbstractProtocol.stop Stopping ProtocolHandler ["ajp-nio-8009"]
19-Sep-2016 16:03:00.222 INFO [main] org.apache.coyote.AbstractProtocol.destroy Destroying ProtocolHandler ["http-nio-8080"]
19-Sep-2016 16:03:00.223 INFO [main] org.apache.coyote.AbstractProtocol.destroy Destroying ProtocolHandler ["ajp-nio-8009"]
19-Sep-2016 16:08:44.155 INFO [ContainerBackgroundProcessor[StandardEngine[Catalina]]] org.apache.catalina.startup.HostConfig.undeploy Undeploying context [/mycontext]
19-Sep-2016 16:08:46.938 INFO [localhost-startStop-2] org.apache.catalina.startup.HostConfig.deployWAR Deploying web application archive /home/ubuntu/workspace/tomcat-mysql-c9-master/tomcat/webapps/mycontext.war
19-Sep-2016 16:08:53.734 INFO [localhost-startStop-2] org.apache.catalina.startup.HostConfig.deployWAR Deployment of web application archive /home/ubuntu/workspace/tomcat-mysql-c9-master/tomcat/webapps/mycontext.war has finished in 6,804 ms
19-Sep-2016 16:10:55.534 INFO [main] org.apache.catalina.core.StandardServer.await A valid shutdown command was received via the shutdown port. Stopping the Server instance.
19-Sep-2016 16:10:55.804 INFO [main] org.apache.coyote.AbstractProtocol.pause Pausing ProtocolHandler ["http-nio-8080"]
19-Sep-2016 16:10:55.813 INFO [main] org.apache.coyote.AbstractProtocol.pause Pausing ProtocolHandler ["ajp-nio-8009"]
19-Sep-2016 16:10:55.815 INFO [main] org.apache.catalina.core.StandardService.stopInternal Stopping service Catalina
19-Sep-2016 16:10:57.948 INFO [main] org.apache.coyote.AbstractProtocol.stop Stopping ProtocolHandler ["http-nio-8080"]
19-Sep-2016 16:10:57.953 INFO [main] org.apache.coyote.AbstractProtocol.destroy Destroying ProtocolHandler ["http-nio-8080"]
19-Sep-2016 16:10:57.960 INFO [main] org.apache.coyote.AbstractProtocol.stop Stopping ProtocolHandler ["ajp-nio-8009"]
19-Sep-2016 16:10:57.960 INFO [main] org.apache.coyote.AbstractProtocol.destroy Destroying ProtocolHandler ["ajp-nio-8009"]
19-Sep-2016 16:11:10.169 INFO [main] org.apache.catalina.startup.VersionLoggerListener.log Server version:        Apache Tomcat/8.0.28
19-Sep-2016 16:11:10.175 INFO [main] org.apache.catalina.startup.VersionLoggerListener.log Server built:          Oct 7 2015 18:25:21 UTC
19-Sep-2016 16:11:10.176 INFO [main] org.apache.catalina.startup.VersionLoggerListener.log Server number:         8.0.28.0
19-Sep-2016 16:11:10.177 INFO [main] org.apache.catalina.startup.VersionLoggerListener.log OS Name:               Linux
19-Sep-2016 16:11:10.178 INFO [main] org.apache.catalina.startup.VersionLoggerListener.log OS Version:            4.2.0-c9
19-Sep-2016 16:11:10.179 INFO [main] org.apache.catalina.startup.VersionLoggerListener.log Architecture:          amd64
19-Sep-2016 16:11:10.179 INFO [main] org.apache.catalina.startup.VersionLoggerListener.log Java Home:             /usr/lib/jvm/java-7-openjdk-amd64/jre
19-Sep-2016 16:11:10.180 INFO [main] org.apache.catalina.startup.VersionLoggerListener.log JVM Version:           1.7.0_111-b01
19-Sep-2016 16:11:10.180 INFO [main] org.apache.catalina.startup.VersionLoggerListener.log JVM Vendor:            Oracle Corporation
19-Sep-2016 16:11:10.181 INFO [main] org.apache.catalina.startup.VersionLoggerListener.log CATALINA_BASE:         /home/ubuntu/workspace/tomcat-mysql-c9-master/tomcat
19-Sep-2016 16:11:10.183 INFO [main] org.apache.catalina.startup.VersionLoggerListener.log CATALINA_HOME:         /home/ubuntu/workspace/tomcat-mysql-c9-master/tomcat
19-Sep-2016 16:11:10.185 INFO [main] org.apache.catalina.startup.VersionLoggerListener.log Command line argument: -Djava.util.logging.config.file=/home/ubuntu/workspace/tomcat-mysql-c9-master/tomcat/conf/logging.properties
19-Sep-2016 16:11:10.185 INFO [main] org.apache.catalina.startup.VersionLoggerListener.log Command line argument: -Djava.util.logging.manager=org.apache.juli.ClassLoaderLogManager
19-Sep-2016 16:11:10.187 INFO [main] org.apache.catalina.startup.VersionLoggerListener.log Command line argument: -Djava.endorsed.dirs=/home/ubuntu/workspace/tomcat-mysql-c9-master/tomcat/endorsed
19-Sep-2016 16:11:10.188 INFO [main] org.apache.catalina.startup.VersionLoggerListener.log Command line argument: -Dcatalina.base=/home/ubuntu/workspace/tomcat-mysql-c9-master/tomcat
19-Sep-2016 16:11:10.190 INFO [main] org.apache.catalina.startup.VersionLoggerListener.log Command line argument: -Dcatalina.home=/home/ubuntu/workspace/tomcat-mysql-c9-master/tomcat
19-Sep-2016 16:11:10.190 INFO [main] org.apache.catalina.startup.VersionLoggerListener.log Command line argument: -Djava.io.tmpdir=/home/ubuntu/workspace/tomcat-mysql-c9-master/tomcat/temp
19-Sep-2016 16:11:10.191 INFO [main] org.apache.catalina.core.AprLifecycleListener.lifecycleEvent The APR based Apache Tomcat Native library which allows optimal performance in production environments was not found on the java.library.path: ~/.c9/local/lib:/usr/java/packages/lib/amd64:/usr/lib/x86_64-linux-gnu/jni:/lib/x86_64-linux-gnu:/usr/lib/x86_64-linux-gnu:/usr/lib/jni:/lib:/usr/lib
19-Sep-2016 16:11:10.692 INFO [main] org.apache.coyote.AbstractProtocol.init Initializing ProtocolHandler ["http-nio-8080"]
19-Sep-2016 16:11:10.764 INFO [main] org.apache.tomcat.util.net.NioSelectorPool.getSharedSelector Using a shared selector for servlet write/read
19-Sep-2016 16:11:10.770 INFO [main] org.apache.coyote.AbstractProtocol.init Initializing ProtocolHandler ["ajp-nio-8009"]
19-Sep-2016 16:11:10.779 INFO [main] org.apache.tomcat.util.net.NioSelectorPool.getSharedSelector Using a shared selector for servlet write/read
19-Sep-2016 16:11:10.784 INFO [main] org.apache.catalina.startup.Catalina.load Initialization processed in 2293 ms
19-Sep-2016 16:11:10.882 INFO [main] org.apache.catalina.core.StandardService.startInternal Starting service Catalina
19-Sep-2016 16:11:10.884 INFO [main] org.apache.catalina.core.StandardEngine.startInternal Starting Servlet Engine: Apache Tomcat/8.0.28
19-Sep-2016 16:11:10.963 INFO [localhost-startStop-1] org.apache.catalina.startup.HostConfig.deployWAR Deploying web application archive /home/ubuntu/workspace/tomcat-mysql-c9-master/tomcat/webapps/mycontext.war
19-Sep-2016 16:11:13.883 INFO [localhost-startStop-1] org.apache.jasper.servlet.TldScanner.scanJars At least one JAR was scanned for TLDs yet contained no TLDs. Enable debug logging for this logger for a complete list of JARs that were scanned but no TLDs were found in them. Skipping unneeded JARs during scanning can improve startup time and JSP compilation time.
19-Sep-2016 16:11:14.056 INFO [localhost-startStop-1] org.apache.catalina.startup.HostConfig.deployWAR Deployment of web application archive /home/ubuntu/workspace/tomcat-mysql-c9-master/tomcat/webapps/mycontext.war has finished in 3,088 ms
19-Sep-2016 16:11:14.057 INFO [localhost-startStop-1] org.apache.catalina.startup.HostConfig.deployWAR Deploying web application archive /home/ubuntu/workspace/tomcat-mysql-c9-master/tomcat/webapps/survey.war
19-Sep-2016 16:11:14.369 INFO [localhost-startStop-1] org.apache.jasper.servlet.TldScanner.scanJars At least one JAR was scanned for TLDs yet contained no TLDs. Enable debug logging for this logger for a complete list of JARs that were scanned but no TLDs were found in them. Skipping unneeded JARs during scanning can improve startup time and JSP compilation time.
19-Sep-2016 16:11:14.419 INFO [localhost-startStop-1] org.apache.catalina.startup.HostConfig.deployWAR Deployment of web application archive /home/ubuntu/workspace/tomcat-mysql-c9-master/tomcat/webapps/survey.war has finished in 362 ms
19-Sep-2016 16:11:14.420 INFO [localhost-startStop-1] org.apache.catalina.startup.HostConfig.deployDirectory Deploying web application directory /home/ubuntu/workspace/tomcat-mysql-c9-master/tomcat/webapps/manager
19-Sep-2016 16:11:14.484 INFO [localhost-startStop-1] org.apache.catalina.startup.HostConfig.deployDirectory Deployment of web application directory /home/ubuntu/workspace/tomcat-mysql-c9-master/tomcat/webapps/manager has finished in 64 ms
19-Sep-2016 16:11:14.484 INFO [localhost-startStop-1] org.apache.catalina.startup.HostConfig.deployDirectory Deploying web application directory /home/ubuntu/workspace/tomcat-mysql-c9-master/tomcat/webapps/host-manager
19-Sep-2016 16:11:14.537 INFO [localhost-startStop-1] org.apache.catalina.startup.HostConfig.deployDirectory Deployment of web application directory /home/ubuntu/workspace/tomcat-mysql-c9-master/tomcat/webapps/host-manager has finished in 53 ms
19-Sep-2016 16:11:14.537 INFO [localhost-startStop-1] org.apache.catalina.startup.HostConfig.deployDirectory Deploying web application directory /home/ubuntu/workspace/tomcat-mysql-c9-master/tomcat/webapps/docs
19-Sep-2016 16:11:14.582 INFO [localhost-startStop-1] org.apache.catalina.startup.HostConfig.deployDirectory Deployment of web application directory /home/ubuntu/workspace/tomcat-mysql-c9-master/tomcat/webapps/docs has finished in 44 ms
19-Sep-2016 16:11:14.582 INFO [localhost-startStop-1] org.apache.catalina.startup.HostConfig.deployDirectory Deploying web application directory /home/ubuntu/workspace/tomcat-mysql-c9-master/tomcat/webapps/ROOT
19-Sep-2016 16:11:14.625 INFO [localhost-startStop-1] org.apache.catalina.startup.HostConfig.deployDirectory Deployment of web application directory /home/ubuntu/workspace/tomcat-mysql-c9-master/tomcat/webapps/ROOT has finished in 43 ms
19-Sep-2016 16:11:14.625 INFO [localhost-startStop-1] org.apache.catalina.startup.HostConfig.deployDirectory Deploying web application directory /home/ubuntu/workspace/tomcat-mysql-c9-master/tomcat/webapps/examples
19-Sep-2016 16:11:15.453 INFO [localhost-startStop-1] org.apache.catalina.startup.HostConfig.deployDirectory Deployment of web application directory /home/ubuntu/workspace/tomcat-mysql-c9-master/tomcat/webapps/examples has finished in 828 ms
19-Sep-2016 16:11:15.470 INFO [main] org.apache.coyote.AbstractProtocol.start Starting ProtocolHandler ["http-nio-8080"]
19-Sep-2016 16:11:15.483 INFO [main] org.apache.coyote.AbstractProtocol.start Starting ProtocolHandler ["ajp-nio-8009"]
19-Sep-2016 16:11:15.486 INFO [main] org.apache.catalina.startup.Catalina.start Server startup in 4701 ms
19-Sep-2016 16:14:14.845 INFO [main] org.apache.catalina.startup.VersionLoggerListener.log Server version:        Apache Tomcat/8.0.28
19-Sep-2016 16:14:14.847 INFO [main] org.apache.catalina.startup.VersionLoggerListener.log Server built:          Oct 7 2015 18:25:21 UTC
19-Sep-2016 16:14:14.848 INFO [main] org.apache.catalina.startup.VersionLoggerListener.log Server number:         8.0.28.0
19-Sep-2016 16:14:14.848 INFO [main] org.apache.catalina.startup.VersionLoggerListener.log OS Name:               Linux
19-Sep-2016 16:14:14.848 INFO [main] org.apache.catalina.startup.VersionLoggerListener.log OS Version:            4.2.0-c9
19-Sep-2016 16:14:14.848 INFO [main] org.apache.catalina.startup.VersionLoggerListener.log Architecture:          amd64
19-Sep-2016 16:14:14.848 INFO [main] org.apache.catalina.startup.VersionLoggerListener.log Java Home:             /usr/lib/jvm/java-7-openjdk-amd64/jre
19-Sep-2016 16:14:14.848 INFO [main] org.apache.catalina.startup.VersionLoggerListener.log JVM Version:           1.7.0_111-b01
19-Sep-2016 16:14:14.849 INFO [main] org.apache.catalina.startup.VersionLoggerListener.log JVM Vendor:            Oracle Corporation
19-Sep-2016 16:14:14.849 INFO [main] org.apache.catalina.startup.VersionLoggerListener.log CATALINA_BASE:         /home/ubuntu/workspace/tomcat-mysql-c9-master/tomcat
19-Sep-2016 16:14:14.849 INFO [main] org.apache.catalina.startup.VersionLoggerListener.log CATALINA_HOME:         /home/ubuntu/workspace/tomcat-mysql-c9-master/tomcat
19-Sep-2016 16:14:14.850 INFO [main] org.apache.catalina.startup.VersionLoggerListener.log Command line argument: -Djava.util.logging.config.file=/home/ubuntu/workspace/tomcat-mysql-c9-master/tomcat/conf/logging.properties
19-Sep-2016 16:14:14.850 INFO [main] org.apache.catalina.startup.VersionLoggerListener.log Command line argument: -Djava.util.logging.manager=org.apache.juli.ClassLoaderLogManager
19-Sep-2016 16:14:14.850 INFO [main] org.apache.catalina.startup.VersionLoggerListener.log Command line argument: -Djava.endorsed.dirs=/home/ubuntu/workspace/tomcat-mysql-c9-master/tomcat/endorsed
19-Sep-2016 16:14:14.850 INFO [main] org.apache.catalina.startup.VersionLoggerListener.log Command line argument: -Dcatalina.base=/home/ubuntu/workspace/tomcat-mysql-c9-master/tomcat
19-Sep-2016 16:14:14.851 INFO [main] org.apache.catalina.startup.VersionLoggerListener.log Command line argument: -Dcatalina.home=/home/ubuntu/workspace/tomcat-mysql-c9-master/tomcat
19-Sep-2016 16:14:14.851 INFO [main] org.apache.catalina.startup.VersionLoggerListener.log Command line argument: -Djava.io.tmpdir=/home/ubuntu/workspace/tomcat-mysql-c9-master/tomcat/temp
19-Sep-2016 16:14:14.851 INFO [main] org.apache.catalina.core.AprLifecycleListener.lifecycleEvent The APR based Apache Tomcat Native library which allows optimal performance in production environments was not found on the java.library.path: ~/.c9/local/lib:/usr/java/packages/lib/amd64:/usr/lib/x86_64-linux-gnu/jni:/lib/x86_64-linux-gnu:/usr/lib/x86_64-linux-gnu:/usr/lib/jni:/lib:/usr/lib
19-Sep-2016 16:14:15.209 INFO [main] org.apache.coyote.AbstractProtocol.init Initializing ProtocolHandler ["http-nio-8080"]
19-Sep-2016 16:14:15.266 INFO [main] org.apache.tomcat.util.net.NioSelectorPool.getSharedSelector Using a shared selector for servlet write/read
19-Sep-2016 16:14:15.270 INFO [main] org.apache.coyote.AbstractProtocol.init Initializing ProtocolHandler ["ajp-nio-8009"]
19-Sep-2016 16:14:15.275 INFO [main] org.apache.tomcat.util.net.NioSelectorPool.getSharedSelector Using a shared selector for servlet write/read
19-Sep-2016 16:14:15.275 INFO [main] org.apache.catalina.startup.Catalina.load Initialization processed in 1713 ms
19-Sep-2016 16:14:15.352 INFO [main] org.apache.catalina.core.StandardService.startInternal Starting service Catalina
19-Sep-2016 16:14:15.353 INFO [main] org.apache.catalina.core.StandardEngine.startInternal Starting Servlet Engine: Apache Tomcat/8.0.28
19-Sep-2016 16:14:15.409 INFO [localhost-startStop-1] org.apache.catalina.startup.HostConfig.deployWAR Deploying web application archive /home/ubuntu/workspace/tomcat-mysql-c9-master/tomcat/webapps/mycontext.war
19-Sep-2016 16:14:18.098 INFO [localhost-startStop-1] org.apache.jasper.servlet.TldScanner.scanJars At least one JAR was scanned for TLDs yet contained no TLDs. Enable debug logging for this logger for a complete list of JARs that were scanned but no TLDs were found in them. Skipping unneeded JARs during scanning can improve startup time and JSP compilation time.
19-Sep-2016 16:14:18.265 INFO [localhost-startStop-1] org.apache.catalina.startup.HostConfig.deployWAR Deployment of web application archive /home/ubuntu/workspace/tomcat-mysql-c9-master/tomcat/webapps/mycontext.war has finished in 2,854 ms
19-Sep-2016 16:14:18.270 INFO [localhost-startStop-1] org.apache.catalina.startup.HostConfig.deployWAR Deploying web application archive /home/ubuntu/workspace/tomcat-mysql-c9-master/tomcat/webapps/survey.war
19-Sep-2016 16:14:18.601 INFO [localhost-startStop-1] org.apache.jasper.servlet.TldScanner.scanJars At least one JAR was scanned for TLDs yet contained no TLDs. Enable debug logging for this logger for a complete list of JARs that were scanned but no TLDs were found in them. Skipping unneeded JARs during scanning can improve startup time and JSP compilation time.
19-Sep-2016 16:14:18.650 INFO [localhost-startStop-1] org.apache.catalina.startup.HostConfig.deployWAR Deployment of web application archive /home/ubuntu/workspace/tomcat-mysql-c9-master/tomcat/webapps/survey.war has finished in 379 ms
19-Sep-2016 16:14:18.655 INFO [localhost-startStop-1] org.apache.catalina.startup.HostConfig.deployDirectory Deploying web application directory /home/ubuntu/workspace/tomcat-mysql-c9-master/tomcat/webapps/manager
19-Sep-2016 16:14:18.746 INFO [localhost-startStop-1] org.apache.catalina.startup.HostConfig.deployDirectory Deployment of web application directory /home/ubuntu/workspace/tomcat-mysql-c9-master/tomcat/webapps/manager has finished in 91 ms
19-Sep-2016 16:14:18.746 INFO [localhost-startStop-1] org.apache.catalina.startup.HostConfig.deployDirectory Deploying web application directory /home/ubuntu/workspace/tomcat-mysql-c9-master/tomcat/webapps/host-manager
19-Sep-2016 16:14:18.861 INFO [localhost-startStop-1] org.apache.catalina.startup.HostConfig.deployDirectory Deployment of web application directory /home/ubuntu/workspace/tomcat-mysql-c9-master/tomcat/webapps/host-manager has finished in 114 ms
19-Sep-2016 16:14:18.861 INFO [localhost-startStop-1] org.apache.catalina.startup.HostConfig.deployDirectory Deploying web application directory /home/ubuntu/workspace/tomcat-mysql-c9-master/tomcat/webapps/docs
19-Sep-2016 16:14:18.920 INFO [localhost-startStop-1] org.apache.catalina.startup.HostConfig.deployDirectory Deployment of web application directory /home/ubuntu/workspace/tomcat-mysql-c9-master/tomcat/webapps/docs has finished in 58 ms
19-Sep-2016 16:14:18.920 INFO [localhost-startStop-1] org.apache.catalina.startup.HostConfig.deployDirectory Deploying web application directory /home/ubuntu/workspace/tomcat-mysql-c9-master/tomcat/webapps/ROOT
19-Sep-2016 16:14:19.007 INFO [localhost-startStop-1] org.apache.catalina.startup.HostConfig.deployDirectory Deployment of web application directory /home/ubuntu/workspace/tomcat-mysql-c9-master/tomcat/webapps/ROOT has finished in 87 ms
19-Sep-2016 16:14:19.008 INFO [localhost-startStop-1] org.apache.catalina.startup.HostConfig.deployDirectory Deploying web application directory /home/ubuntu/workspace/tomcat-mysql-c9-master/tomcat/webapps/examples
19-Sep-2016 16:14:19.824 INFO [localhost-startStop-1] org.apache.catalina.startup.HostConfig.deployDirectory Deployment of web application directory /home/ubuntu/workspace/tomcat-mysql-c9-master/tomcat/webapps/examples has finished in 816 ms
19-Sep-2016 16:14:19.832 INFO [main] org.apache.coyote.AbstractProtocol.start Starting ProtocolHandler ["http-nio-8080"]
19-Sep-2016 16:14:19.844 INFO [main] org.apache.coyote.AbstractProtocol.start Starting ProtocolHandler ["ajp-nio-8009"]
19-Sep-2016 16:14:19.846 INFO [main] org.apache.catalina.startup.Catalina.start Server startup in 4569 ms
19-Sep-2016 16:22:00.464 INFO [http-nio-8080-exec-3] org.apache.catalina.startup.HostConfig.undeploy Undeploying context [/mycontext]
19-Sep-2016 16:23:12.477 INFO [http-nio-8080-exec-7] org.apache.catalina.startup.HostConfig.deployWAR Deploying web application archive /home/ubuntu/workspace/tomcat-mysql-c9-master/tomcat/webapps/mycontext.war
19-Sep-2016 16:23:26.011 INFO [http-nio-8080-exec-7] org.apache.catalina.startup.HostConfig.deployWAR Deployment of web application archive /home/ubuntu/workspace/tomcat-mysql-c9-master/tomcat/webapps/mycontext.war has finished in 13,535 ms
19-Sep-2016 16:24:06.144 INFO [http-nio-8080-exec-12] org.apache.catalina.startup.HostConfig.undeploy Undeploying context [/mycontext]
19-Sep-2016 16:24:09.751 INFO [http-nio-8080-exec-4] org.apache.catalina.startup.HostConfig.deployWAR Deploying web application archive /home/ubuntu/workspace/tomcat-mysql-c9-master/tomcat/webapps/mycontext.war
19-Sep-2016 16:24:12.695 INFO [http-nio-8080-exec-4] org.apache.catalina.startup.HostConfig.deployWAR Deployment of web application archive /home/ubuntu/workspace/tomcat-mysql-c9-master/tomcat/webapps/mycontext.war has finished in 2,937 ms
19-Sep-2016 16:27:10.358 INFO [http-nio-8080-exec-17] org.apache.catalina.startup.HostConfig.undeploy Undeploying context [/mycontext]
19-Sep-2016 16:27:14.083 INFO [http-nio-8080-exec-20] org.apache.catalina.startup.HostConfig.deployWAR Deploying web application archive /home/ubuntu/workspace/tomcat-mysql-c9-master/tomcat/webapps/mycontext.war
19-Sep-2016 16:27:18.123 INFO [http-nio-8080-exec-20] org.apache.catalina.startup.HostConfig.deployWAR Deployment of web application archive /home/ubuntu/workspace/tomcat-mysql-c9-master/tomcat/webapps/mycontext.war has finished in 4,040 ms
19-Sep-2016 16:28:59.686 INFO [http-nio-8080-exec-22] org.apache.catalina.startup.HostConfig.undeploy Undeploying context [/mycontext]
19-Sep-2016 16:29:00.508 INFO [http-nio-8080-exec-22] org.apache.catalina.startup.HostConfig.deployWAR Deploying web application archive /home/ubuntu/workspace/tomcat-mysql-c9-master/tomcat/webapps/mycontext.war
19-Sep-2016 16:29:04.910 INFO [http-nio-8080-exec-22] org.apache.catalina.startup.HostConfig.deployWAR Deployment of web application archive /home/ubuntu/workspace/tomcat-mysql-c9-master/tomcat/webapps/mycontext.war has finished in 4,399 ms
19-Sep-2016 16:30:51.731 INFO [http-nio-8080-exec-6] org.apache.catalina.startup.HostConfig.undeploy Undeploying context [/mycontext]
19-Sep-2016 16:30:52.415 INFO [http-nio-8080-exec-6] org.apache.catalina.startup.HostConfig.deployWAR Deploying web application archive /home/ubuntu/workspace/tomcat-mysql-c9-master/tomcat/webapps/mycontext.war
19-Sep-2016 16:30:57.193 INFO [http-nio-8080-exec-6] org.apache.catalina.startup.HostConfig.deployWAR Deployment of web application archive /home/ubuntu/workspace/tomcat-mysql-c9-master/tomcat/webapps/mycontext.war has finished in 4,771 ms
19-Sep-2016 16:32:58.017 INFO [http-nio-8080-exec-37] org.apache.catalina.startup.HostConfig.undeploy Undeploying context [/mycontext]
19-Sep-2016 16:32:58.091 INFO [http-nio-8080-exec-37] org.apache.catalina.startup.HostConfig.deployWAR Deploying web application archive /home/ubuntu/workspace/tomcat-mysql-c9-master/tomcat/webapps/mycontext.war
19-Sep-2016 16:33:00.792 INFO [http-nio-8080-exec-37] org.apache.catalina.startup.HostConfig.deployWAR Deployment of web application archive /home/ubuntu/workspace/tomcat-mysql-c9-master/tomcat/webapps/mycontext.war has finished in 2,701 ms
19-Sep-2016 16:35:22.418 INFO [http-nio-8080-exec-43] org.apache.catalina.startup.HostConfig.undeploy Undeploying context [/mycontext]
19-Sep-2016 16:35:23.358 INFO [http-nio-8080-exec-43] org.apache.catalina.startup.HostConfig.deployWAR Deploying web application archive /home/ubuntu/workspace/tomcat-mysql-c9-master/tomcat/webapps/mycontext.war
19-Sep-2016 16:35:25.958 INFO [http-nio-8080-exec-43] org.apache.catalina.startup.HostConfig.deployWAR Deployment of web application archive /home/ubuntu/workspace/tomcat-mysql-c9-master/tomcat/webapps/mycontext.war has finished in 2,598 ms
19-Sep-2016 16:37:25.741 INFO [http-nio-8080-exec-49] org.apache.catalina.startup.HostConfig.undeploy Undeploying context [/mycontext]
19-Sep-2016 16:37:25.998 INFO [http-nio-8080-exec-49] org.apache.catalina.startup.HostConfig.deployWAR Deploying web application archive /home/ubuntu/workspace/tomcat-mysql-c9-master/tomcat/webapps/mycontext.war
19-Sep-2016 16:37:28.036 INFO [http-nio-8080-exec-49] org.apache.catalina.startup.HostConfig.deployWAR Deployment of web application archive /home/ubuntu/workspace/tomcat-mysql-c9-master/tomcat/webapps/mycontext.war has finished in 2,040 ms
19-Sep-2016 16:37:34.211 SEVERE [http-nio-8080-exec-50] com.sun.jersey.api.client.ClientResponse.getEntity A message body reader for Java class java.util.List, and Java type java.util.List<java.lang.String>, and MIME media type application/json; charset=utf-8 was not found
19-Sep-2016 16:37:34.212 SEVERE [http-nio-8080-exec-50] com.sun.jersey.api.client.ClientResponse.getEntity The registered message body readers compatible with the MIME media type are:
*/* ->
  com.sun.jersey.core.impl.provider.entity.FormProvider
  com.sun.jersey.core.impl.provider.entity.StringProvider
  com.sun.jersey.core.impl.provider.entity.ByteArrayProvider
  com.sun.jersey.core.impl.provider.entity.FileProvider
  com.sun.jersey.core.impl.provider.entity.InputStreamProvider
  com.sun.jersey.core.impl.provider.entity.DataSourceProvider
  com.sun.jersey.core.impl.provider.entity.XMLJAXBElementProvider$General
  com.sun.jersey.core.impl.provider.entity.ReaderProvider
  com.sun.jersey.core.impl.provider.entity.DocumentProvider
  com.sun.jersey.core.impl.provider.entity.SourceProvider$StreamSourceReader
  com.sun.jersey.core.impl.provider.entity.SourceProvider$SAXSourceReader
  com.sun.jersey.core.impl.provider.entity.SourceProvider$DOMSourceReader
  com.sun.jersey.core.impl.provider.entity.XMLRootElementProvider$General
  com.sun.jersey.core.impl.provider.entity.XMLListElementProvider$General
  com.sun.jersey.core.impl.provider.entity.XMLRootObjectProvider$General
  com.sun.jersey.core.impl.provider.entity.EntityHolderReader

19-Sep-2016 16:38:11.595 INFO [http-nio-8080-exec-51] org.apache.catalina.startup.HostConfig.undeploy Undeploying context [/mycontext]
19-Sep-2016 16:38:12.298 INFO [http-nio-8080-exec-51] org.apache.catalina.startup.HostConfig.deployWAR Deploying web application archive /home/ubuntu/workspace/tomcat-mysql-c9-master/tomcat/webapps/mycontext.war
19-Sep-2016 16:38:14.403 INFO [http-nio-8080-exec-51] org.apache.catalina.startup.HostConfig.deployWAR Deployment of web application archive /home/ubuntu/workspace/tomcat-mysql-c9-master/tomcat/webapps/mycontext.war has finished in 2,106 ms
19-Sep-2016 16:39:03.677 SEVERE [http-nio-8080-exec-55] com.sun.jersey.api.client.ClientResponse.getEntity A message body reader for Java class java.util.List, and Java type java.util.List<java.lang.String>, and MIME media type application/json; charset=utf-8 was not found
19-Sep-2016 16:39:03.683 SEVERE [http-nio-8080-exec-55] com.sun.jersey.api.client.ClientResponse.getEntity The registered message body readers compatible with the MIME media type are:
*/* ->
  com.sun.jersey.core.impl.provider.entity.FormProvider
  com.sun.jersey.core.impl.provider.entity.StringProvider
  com.sun.jersey.core.impl.provider.entity.ByteArrayProvider
  com.sun.jersey.core.impl.provider.entity.FileProvider
  com.sun.jersey.core.impl.provider.entity.InputStreamProvider
  com.sun.jersey.core.impl.provider.entity.DataSourceProvider
  com.sun.jersey.core.impl.provider.entity.XMLJAXBElementProvider$General
  com.sun.jersey.core.impl.provider.entity.ReaderProvider
  com.sun.jersey.core.impl.provider.entity.DocumentProvider
  com.sun.jersey.core.impl.provider.entity.SourceProvider$StreamSourceReader
  com.sun.jersey.core.impl.provider.entity.SourceProvider$SAXSourceReader
  com.sun.jersey.core.impl.provider.entity.SourceProvider$DOMSourceReader
  com.sun.jersey.core.impl.provider.entity.XMLRootElementProvider$General
  com.sun.jersey.core.impl.provider.entity.XMLListElementProvider$General
  com.sun.jersey.core.impl.provider.entity.XMLRootObjectProvider$General
  com.sun.jersey.core.impl.provider.entity.EntityHolderReader

19-Sep-2016 16:42:10.788 INFO [http-nio-8080-exec-56] org.apache.catalina.startup.HostConfig.undeploy Undeploying context [/mycontext]
19-Sep-2016 16:42:12.279 INFO [http-nio-8080-exec-56] org.apache.catalina.startup.HostConfig.deployWAR Deploying web application archive /home/ubuntu/workspace/tomcat-mysql-c9-master/tomcat/webapps/mycontext.war
19-Sep-2016 16:42:22.234 INFO [http-nio-8080-exec-56] org.apache.catalina.startup.HostConfig.deployWAR Deployment of web application archive /home/ubuntu/workspace/tomcat-mysql-c9-master/tomcat/webapps/mycontext.war has finished in 9,951 ms
19-Sep-2016 16:42:29.926 SEVERE [http-nio-8080-exec-58] com.sun.jersey.api.client.ClientResponse.getEntity A message body reader for Java class java.util.List, and Java type java.util.List<java.lang.String>, and MIME media type application/json; charset=utf-8 was not found
19-Sep-2016 16:42:29.931 SEVERE [http-nio-8080-exec-58] com.sun.jersey.api.client.ClientResponse.getEntity The registered message body readers compatible with the MIME media type are:
*/* ->
  com.sun.jersey.core.impl.provider.entity.FormProvider
  com.sun.jersey.core.impl.provider.entity.StringProvider
  com.sun.jersey.core.impl.provider.entity.ByteArrayProvider
  com.sun.jersey.core.impl.provider.entity.FileProvider
  com.sun.jersey.core.impl.provider.entity.InputStreamProvider
  com.sun.jersey.core.impl.provider.entity.DataSourceProvider
  com.sun.jersey.core.impl.provider.entity.XMLJAXBElementProvider$General
  com.sun.jersey.core.impl.provider.entity.ReaderProvider
  com.sun.jersey.core.impl.provider.entity.DocumentProvider
  com.sun.jersey.core.impl.provider.entity.SourceProvider$StreamSourceReader
  com.sun.jersey.core.impl.provider.entity.SourceProvider$SAXSourceReader
  com.sun.jersey.core.impl.provider.entity.SourceProvider$DOMSourceReader
  com.sun.jersey.core.impl.provider.entity.XMLRootElementProvider$General
  com.sun.jersey.core.impl.provider.entity.XMLListElementProvider$General
  com.sun.jersey.core.impl.provider.entity.XMLRootObjectProvider$General
  com.sun.jersey.core.impl.provider.entity.EntityHolderReader

19-Sep-2016 17:49:35.695 SEVERE [http-nio-8080-exec-68] com.sun.jersey.api.client.ClientResponse.getEntity A message body reader for Java class java.util.List, and Java type java.util.List<java.lang.String>, and MIME media type application/json; charset=utf-8 was not found
19-Sep-2016 17:49:35.698 SEVERE [http-nio-8080-exec-68] com.sun.jersey.api.client.ClientResponse.getEntity The registered message body readers compatible with the MIME media type are:
*/* ->
  com.sun.jersey.core.impl.provider.entity.FormProvider
  com.sun.jersey.core.impl.provider.entity.StringProvider
  com.sun.jersey.core.impl.provider.entity.ByteArrayProvider
  com.sun.jersey.core.impl.provider.entity.FileProvider
  com.sun.jersey.core.impl.provider.entity.InputStreamProvider
  com.sun.jersey.core.impl.provider.entity.DataSourceProvider
  com.sun.jersey.core.impl.provider.entity.XMLJAXBElementProvider$General
  com.sun.jersey.core.impl.provider.entity.ReaderProvider
  com.sun.jersey.core.impl.provider.entity.DocumentProvider
  com.sun.jersey.core.impl.provider.entity.SourceProvider$StreamSourceReader
  com.sun.jersey.core.impl.provider.entity.SourceProvider$SAXSourceReader
  com.sun.jersey.core.impl.provider.entity.SourceProvider$DOMSourceReader
  com.sun.jersey.core.impl.provider.entity.XMLRootElementProvider$General
  com.sun.jersey.core.impl.provider.entity.XMLListElementProvider$General
  com.sun.jersey.core.impl.provider.entity.XMLRootObjectProvider$General
  com.sun.jersey.core.impl.provider.entity.EntityHolderReader

19-Sep-2016 18:00:43.941 INFO [http-nio-8080-exec-62] org.apache.catalina.startup.HostConfig.undeploy Undeploying context [/mycontext]
19-Sep-2016 18:00:45.113 INFO [http-nio-8080-exec-62] org.apache.catalina.startup.HostConfig.deployWAR Deploying web application archive /home/ubuntu/workspace/tomcat-mysql-c9-master/tomcat/webapps/mycontext.war
19-Sep-2016 18:00:54.293 INFO [http-nio-8080-exec-62] org.apache.catalina.startup.HostConfig.deployWAR Deployment of web application archive /home/ubuntu/workspace/tomcat-mysql-c9-master/tomcat/webapps/mycontext.war has finished in 9,168 ms
19-Sep-2016 18:01:00.074 SEVERE [http-nio-8080-exec-67] com.sun.jersey.api.client.ClientResponse.getEntity A message body reader for Java class java.util.List, and Java type java.util.List<java.lang.String>, and MIME media type application/json; charset=utf-8 was not found
19-Sep-2016 18:01:00.080 SEVERE [http-nio-8080-exec-67] com.sun.jersey.api.client.ClientResponse.getEntity The registered message body readers compatible with the MIME media type are:
*/* ->
  com.sun.jersey.core.impl.provider.entity.FormProvider
  com.sun.jersey.core.impl.provider.entity.StringProvider
  com.sun.jersey.core.impl.provider.entity.ByteArrayProvider
  com.sun.jersey.core.impl.provider.entity.FileProvider
  com.sun.jersey.core.impl.provider.entity.InputStreamProvider
  com.sun.jersey.core.impl.provider.entity.DataSourceProvider
  com.sun.jersey.core.impl.provider.entity.XMLJAXBElementProvider$General
  com.sun.jersey.core.impl.provider.entity.ReaderProvider
  com.sun.jersey.core.impl.provider.entity.DocumentProvider
  com.sun.jersey.core.impl.provider.entity.SourceProvider$StreamSourceReader
  com.sun.jersey.core.impl.provider.entity.SourceProvider$SAXSourceReader
  com.sun.jersey.core.impl.provider.entity.SourceProvider$DOMSourceReader
  com.sun.jersey.core.impl.provider.entity.XMLRootElementProvider$General
  com.sun.jersey.core.impl.provider.entity.XMLListElementProvider$General
  com.sun.jersey.core.impl.provider.entity.XMLRootObjectProvider$General
  com.sun.jersey.core.impl.provider.entity.EntityHolderReader

19-Sep-2016 18:06:19.458 INFO [http-nio-8080-exec-72] org.apache.catalina.startup.HostConfig.undeploy Undeploying context [/mycontext]
19-Sep-2016 18:06:20.471 INFO [http-nio-8080-exec-72] org.apache.catalina.startup.HostConfig.deployWAR Deploying web application archive /home/ubuntu/workspace/tomcat-mysql-c9-master/tomcat/webapps/mycontext.war
19-Sep-2016 18:06:55.952 INFO [http-nio-8080-exec-72] org.apache.catalina.startup.HostConfig.deployWAR Deployment of web application archive /home/ubuntu/workspace/tomcat-mysql-c9-master/tomcat/webapps/mycontext.war has finished in 35,478 ms
19-Sep-2016 18:11:29.306 INFO [http-nio-8080-exec-82] org.apache.catalina.startup.HostConfig.undeploy Undeploying context [/mycontext]
19-Sep-2016 18:11:30.152 INFO [http-nio-8080-exec-82] org.apache.catalina.startup.HostConfig.deployWAR Deploying web application archive /home/ubuntu/workspace/tomcat-mysql-c9-master/tomcat/webapps/mycontext.war
19-Sep-2016 18:11:37.759 INFO [http-nio-8080-exec-82] org.apache.catalina.startup.HostConfig.deployWAR Deployment of web application archive /home/ubuntu/workspace/tomcat-mysql-c9-master/tomcat/webapps/mycontext.war has finished in 7,608 ms
19-Sep-2016 18:12:46.185 SEVERE [http-nio-8080-exec-89] com.sun.jersey.api.client.ClientResponse.getEntity A message body reader for Java class org.sonatype.mavenbook.web.ResData, and Java type class org.sonatype.mavenbook.web.ResData, and MIME media type application/json; charset=utf-8 was not found
19-Sep-2016 18:12:46.188 SEVERE [http-nio-8080-exec-89] com.sun.jersey.api.client.ClientResponse.getEntity The registered message body readers compatible with the MIME media type are:
*/* ->
  com.sun.jersey.core.impl.provider.entity.FormProvider
  com.sun.jersey.core.impl.provider.entity.StringProvider
  com.sun.jersey.core.impl.provider.entity.ByteArrayProvider
  com.sun.jersey.core.impl.provider.entity.FileProvider
  com.sun.jersey.core.impl.provider.entity.InputStreamProvider
  com.sun.jersey.core.impl.provider.entity.DataSourceProvider
  com.sun.jersey.core.impl.provider.entity.XMLJAXBElementProvider$General
  com.sun.jersey.core.impl.provider.entity.ReaderProvider
  com.sun.jersey.core.impl.provider.entity.DocumentProvider
  com.sun.jersey.core.impl.provider.entity.SourceProvider$StreamSourceReader
  com.sun.jersey.core.impl.provider.entity.SourceProvider$SAXSourceReader
  com.sun.jersey.core.impl.provider.entity.SourceProvider$DOMSourceReader
  com.sun.jersey.core.impl.provider.entity.XMLRootElementProvider$General
  com.sun.jersey.core.impl.provider.entity.XMLListElementProvider$General
  com.sun.jersey.core.impl.provider.entity.XMLRootObjectProvider$General
  com.sun.jersey.core.impl.provider.entity.EntityHolderReader

19-Sep-2016 18:35:44.612 SEVERE [http-nio-8080-exec-91] com.sun.jersey.api.client.ClientResponse.getEntity A message body reader for Java class org.sonatype.mavenbook.web.ResData, and Java type class org.sonatype.mavenbook.web.ResData, and MIME media type application/json; charset=utf-8 was not found
19-Sep-2016 18:35:44.613 SEVERE [http-nio-8080-exec-91] com.sun.jersey.api.client.ClientResponse.getEntity The registered message body readers compatible with the MIME media type are:
*/* ->
  com.sun.jersey.core.impl.provider.entity.FormProvider
  com.sun.jersey.core.impl.provider.entity.StringProvider
  com.sun.jersey.core.impl.provider.entity.ByteArrayProvider
  com.sun.jersey.core.impl.provider.entity.FileProvider
  com.sun.jersey.core.impl.provider.entity.InputStreamProvider
  com.sun.jersey.core.impl.provider.entity.DataSourceProvider
  com.sun.jersey.core.impl.provider.entity.XMLJAXBElementProvider$General
  com.sun.jersey.core.impl.provider.entity.ReaderProvider
  com.sun.jersey.core.impl.provider.entity.DocumentProvider
  com.sun.jersey.core.impl.provider.entity.SourceProvider$StreamSourceReader
  com.sun.jersey.core.impl.provider.entity.SourceProvider$SAXSourceReader
  com.sun.jersey.core.impl.provider.entity.SourceProvider$DOMSourceReader
  com.sun.jersey.core.impl.provider.entity.XMLRootElementProvider$General
  com.sun.jersey.core.impl.provider.entity.XMLListElementProvider$General
  com.sun.jersey.core.impl.provider.entity.XMLRootObjectProvider$General
  com.sun.jersey.core.impl.provider.entity.EntityHolderReader

19-Sep-2016 18:45:37.770 INFO [http-nio-8080-exec-90] org.apache.catalina.startup.HostConfig.undeploy Undeploying context [/mycontext]
19-Sep-2016 18:45:39.668 INFO [http-nio-8080-exec-90] org.apache.catalina.startup.HostConfig.deployWAR Deploying web application archive /home/ubuntu/workspace/tomcat-mysql-c9-master/tomcat/webapps/mycontext.war
19-Sep-2016 18:45:50.695 INFO [http-nio-8080-exec-90] org.apache.catalina.startup.HostConfig.deployWAR Deployment of web application archive /home/ubuntu/workspace/tomcat-mysql-c9-master/tomcat/webapps/mycontext.war has finished in 11,019 ms
19-Sep-2016 18:55:57.261 INFO [http-nio-8080-exec-103] org.apache.catalina.startup.HostConfig.undeploy Undeploying context [/mycontext]
19-Sep-2016 18:55:58.569 INFO [http-nio-8080-exec-103] org.apache.catalina.startup.HostConfig.deployWAR Deploying web application archive /home/ubuntu/workspace/tomcat-mysql-c9-master/tomcat/webapps/mycontext.war
19-Sep-2016 18:56:09.533 INFO [http-nio-8080-exec-103] org.apache.catalina.startup.HostConfig.deployWAR Deployment of web application archive /home/ubuntu/workspace/tomcat-mysql-c9-master/tomcat/webapps/mycontext.war has finished in 10,963 ms
19-Sep-2016 18:57:07.546 SEVERE [http-nio-8080-exec-109] com.sun.jersey.api.client.ClientResponse.getEntity A message body reader for Java class org.sonatype.mavenbook.web.ServerResponseString, and Java type class org.sonatype.mavenbook.web.ServerResponseString, and MIME media type application/json; charset=utf-8 was not found
19-Sep-2016 18:57:07.552 SEVERE [http-nio-8080-exec-109] com.sun.jersey.api.client.ClientResponse.getEntity The registered message body readers compatible with the MIME media type are:
*/* ->
  com.sun.jersey.core.impl.provider.entity.FormProvider
  com.sun.jersey.core.impl.provider.entity.StringProvider
  com.sun.jersey.core.impl.provider.entity.ByteArrayProvider
  com.sun.jersey.core.impl.provider.entity.FileProvider
  com.sun.jersey.core.impl.provider.entity.InputStreamProvider
  com.sun.jersey.core.impl.provider.entity.DataSourceProvider
  com.sun.jersey.core.impl.provider.entity.XMLJAXBElementProvider$General
  com.sun.jersey.core.impl.provider.entity.ReaderProvider
  com.sun.jersey.core.impl.provider.entity.DocumentProvider
  com.sun.jersey.core.impl.provider.entity.SourceProvider$StreamSourceReader
  com.sun.jersey.core.impl.provider.entity.SourceProvider$SAXSourceReader
  com.sun.jersey.core.impl.provider.entity.SourceProvider$DOMSourceReader
  com.sun.jersey.core.impl.provider.entity.XMLRootElementProvider$General
  com.sun.jersey.core.impl.provider.entity.XMLListElementProvider$General
  com.sun.jersey.core.impl.provider.entity.XMLRootObjectProvider$General
  com.sun.jersey.core.impl.provider.entity.EntityHolderReader

19-Sep-2016 19:04:48.788 INFO [http-nio-8080-exec-111] org.apache.catalina.startup.HostConfig.undeploy Undeploying context [/mycontext]
19-Sep-2016 19:04:51.227 INFO [http-nio-8080-exec-111] org.apache.catalina.startup.HostConfig.deployWAR Deploying web application archive /home/ubuntu/workspace/tomcat-mysql-c9-master/tomcat/webapps/mycontext.war
19-Sep-2016 19:04:55.069 INFO [http-nio-8080-exec-111] org.apache.catalina.startup.HostConfig.deployWAR Deployment of web application archive /home/ubuntu/workspace/tomcat-mysql-c9-master/tomcat/webapps/mycontext.war has finished in 3,909 ms
19-Sep-2016 19:06:17.662 INFO [http-nio-8080-exec-119] org.apache.catalina.startup.HostConfig.undeploy Undeploying context [/mycontext]
19-Sep-2016 19:06:18.954 INFO [http-nio-8080-exec-119] org.apache.catalina.startup.HostConfig.deployWAR Deploying web application archive /home/ubuntu/workspace/tomcat-mysql-c9-master/tomcat/webapps/mycontext.war
19-Sep-2016 19:09:04.553 INFO [main] org.apache.catalina.startup.VersionLoggerListener.log Server version:        Apache Tomcat/8.0.28
19-Sep-2016 19:09:04.555 INFO [main] org.apache.catalina.startup.VersionLoggerListener.log Server built:          Oct 7 2015 18:25:21 UTC
19-Sep-2016 19:09:04.555 INFO [main] org.apache.catalina.startup.VersionLoggerListener.log Server number:         8.0.28.0
19-Sep-2016 19:09:04.555 INFO [main] org.apache.catalina.startup.VersionLoggerListener.log OS Name:               Linux
19-Sep-2016 19:09:04.555 INFO [main] org.apache.catalina.startup.VersionLoggerListener.log OS Version:            4.2.0-c9
19-Sep-2016 19:09:04.555 INFO [main] org.apache.catalina.startup.VersionLoggerListener.log Architecture:          amd64
19-Sep-2016 19:09:04.556 INFO [main] org.apache.catalina.startup.VersionLoggerListener.log Java Home:             /usr/lib/jvm/java-7-openjdk-amd64/jre
19-Sep-2016 19:09:04.556 INFO [main] org.apache.catalina.startup.VersionLoggerListener.log JVM Version:           1.7.0_111-b01
19-Sep-2016 19:09:04.556 INFO [main] org.apache.catalina.startup.VersionLoggerListener.log JVM Vendor:            Oracle Corporation
19-Sep-2016 19:09:04.556 INFO [main] org.apache.catalina.startup.VersionLoggerListener.log CATALINA_BASE:         /home/ubuntu/workspace/tomcat-mysql-c9-master/tomcat
19-Sep-2016 19:09:04.556 INFO [main] org.apache.catalina.startup.VersionLoggerListener.log CATALINA_HOME:         /home/ubuntu/workspace/tomcat-mysql-c9-master/tomcat
19-Sep-2016 19:09:04.557 INFO [main] org.apache.catalina.startup.VersionLoggerListener.log Command line argument: -Djava.util.logging.config.file=/home/ubuntu/workspace/tomcat-mysql-c9-master/tomcat/conf/logging.properties
19-Sep-2016 19:09:04.557 INFO [main] org.apache.catalina.startup.VersionLoggerListener.log Command line argument: -Djava.util.logging.manager=org.apache.juli.ClassLoaderLogManager
19-Sep-2016 19:09:04.557 INFO [main] org.apache.catalina.startup.VersionLoggerListener.log Command line argument: -Djava.endorsed.dirs=/home/ubuntu/workspace/tomcat-mysql-c9-master/tomcat/endorsed
19-Sep-2016 19:09:04.557 INFO [main] org.apache.catalina.startup.VersionLoggerListener.log Command line argument: -Dcatalina.base=/home/ubuntu/workspace/tomcat-mysql-c9-master/tomcat
19-Sep-2016 19:09:04.557 INFO [main] org.apache.catalina.startup.VersionLoggerListener.log Command line argument: -Dcatalina.home=/home/ubuntu/workspace/tomcat-mysql-c9-master/tomcat
19-Sep-2016 19:09:04.557 INFO [main] org.apache.catalina.startup.VersionLoggerListener.log Command line argument: -Djava.io.tmpdir=/home/ubuntu/workspace/tomcat-mysql-c9-master/tomcat/temp
19-Sep-2016 19:09:04.557 INFO [main] org.apache.catalina.core.AprLifecycleListener.lifecycleEvent The APR based Apache Tomcat Native library which allows optimal performance in production environments was not found on the java.library.path: ~/.c9/local/lib:/usr/java/packages/lib/amd64:/usr/lib/x86_64-linux-gnu/jni:/lib/x86_64-linux-gnu:/usr/lib/x86_64-linux-gnu:/usr/lib/jni:/lib:/usr/lib
19-Sep-2016 19:09:04.738 INFO [main] org.apache.coyote.AbstractProtocol.init Initializing ProtocolHandler ["http-nio-8080"]
19-Sep-2016 19:09:04.784 INFO [main] org.apache.tomcat.util.net.NioSelectorPool.getSharedSelector Using a shared selector for servlet write/read
19-Sep-2016 19:09:04.787 INFO [main] org.apache.coyote.AbstractProtocol.init Initializing ProtocolHandler ["ajp-nio-8009"]
19-Sep-2016 19:09:04.791 INFO [main] org.apache.tomcat.util.net.NioSelectorPool.getSharedSelector Using a shared selector for servlet write/read
19-Sep-2016 19:09:04.791 INFO [main] org.apache.catalina.startup.Catalina.load Initialization processed in 1101 ms
19-Sep-2016 19:09:04.887 INFO [main] org.apache.catalina.core.StandardService.startInternal Starting service Catalina
19-Sep-2016 19:09:04.887 INFO [main] org.apache.catalina.core.StandardEngine.startInternal Starting Servlet Engine: Apache Tomcat/8.0.28
19-Sep-2016 19:09:04.974 INFO [localhost-startStop-1] org.apache.catalina.startup.HostConfig.deployWAR Deploying web application archive /home/ubuntu/workspace/tomcat-mysql-c9-master/tomcat/webapps/mycontext.war
19-Sep-2016 19:09:10.260 INFO [localhost-startStop-1] org.apache.jasper.servlet.TldScanner.scanJars At least one JAR was scanned for TLDs yet contained no TLDs. Enable debug logging for this logger for a complete list of JARs that were scanned but no TLDs were found in them. Skipping unneeded JARs during scanning can improve startup time and JSP compilation time.
19-Sep-2016 19:09:10.613 INFO [localhost-startStop-1] org.apache.catalina.startup.HostConfig.deployWAR Deployment of web application archive /home/ubuntu/workspace/tomcat-mysql-c9-master/tomcat/webapps/mycontext.war has finished in 5,637 ms
19-Sep-2016 19:09:10.614 INFO [localhost-startStop-1] org.apache.catalina.startup.HostConfig.deployWAR Deploying web application archive /home/ubuntu/workspace/tomcat-mysql-c9-master/tomcat/webapps/survey.war
19-Sep-2016 19:09:11.028 INFO [localhost-startStop-1] org.apache.jasper.servlet.TldScanner.scanJars At least one JAR was scanned for TLDs yet contained no TLDs. Enable debug logging for this logger for a complete list of JARs that were scanned but no TLDs were found in them. Skipping unneeded JARs during scanning can improve startup time and JSP compilation time.
19-Sep-2016 19:09:11.078 INFO [localhost-startStop-1] org.apache.catalina.startup.HostConfig.deployWAR Deployment of web application archive /home/ubuntu/workspace/tomcat-mysql-c9-master/tomcat/webapps/survey.war has finished in 464 ms
19-Sep-2016 19:09:11.079 INFO [localhost-startStop-1] org.apache.catalina.startup.HostConfig.deployDirectory Deploying web application directory /home/ubuntu/workspace/tomcat-mysql-c9-master/tomcat/webapps/manager
19-Sep-2016 19:09:11.401 INFO [localhost-startStop-1] org.apache.catalina.startup.HostConfig.deployDirectory Deployment of web application directory /home/ubuntu/workspace/tomcat-mysql-c9-master/tomcat/webapps/manager has finished in 322 ms
19-Sep-2016 19:09:11.401 INFO [localhost-startStop-1] org.apache.catalina.startup.HostConfig.deployDirectory Deploying web application directory /home/ubuntu/workspace/tomcat-mysql-c9-master/tomcat/webapps/host-manager
19-Sep-2016 19:09:11.607 INFO [localhost-startStop-1] org.apache.catalina.startup.HostConfig.deployDirectory Deployment of web application directory /home/ubuntu/workspace/tomcat-mysql-c9-master/tomcat/webapps/host-manager has finished in 205 ms
19-Sep-2016 19:09:11.607 INFO [localhost-startStop-1] org.apache.catalina.startup.HostConfig.deployDirectory Deploying web application directory /home/ubuntu/workspace/tomcat-mysql-c9-master/tomcat/webapps/docs
19-Sep-2016 19:09:11.637 INFO [localhost-startStop-1] org.apache.catalina.startup.HostConfig.deployDirectory Deployment of web application directory /home/ubuntu/workspace/tomcat-mysql-c9-master/tomcat/webapps/docs has finished in 30 ms
19-Sep-2016 19:09:11.637 INFO [localhost-startStop-1] org.apache.catalina.startup.HostConfig.deployDirectory Deploying web application directory /home/ubuntu/workspace/tomcat-mysql-c9-master/tomcat/webapps/ROOT
19-Sep-2016 19:09:11.686 INFO [localhost-startStop-1] org.apache.catalina.startup.HostConfig.deployDirectory Deployment of web application directory /home/ubuntu/workspace/tomcat-mysql-c9-master/tomcat/webapps/ROOT has finished in 48 ms
19-Sep-2016 19:09:11.686 INFO [localhost-startStop-1] org.apache.catalina.startup.HostConfig.deployDirectory Deploying web application directory /home/ubuntu/workspace/tomcat-mysql-c9-master/tomcat/webapps/examples
19-Sep-2016 19:09:13.281 INFO [localhost-startStop-1] org.apache.catalina.startup.HostConfig.deployDirectory Deployment of web application directory /home/ubuntu/workspace/tomcat-mysql-c9-master/tomcat/webapps/examples has finished in 1,595 ms
19-Sep-2016 19:09:13.291 INFO [main] org.apache.coyote.AbstractProtocol.start Starting ProtocolHandler ["http-nio-8080"]
19-Sep-2016 19:09:13.476 INFO [main] org.apache.coyote.AbstractProtocol.start Starting ProtocolHandler ["ajp-nio-8009"]
19-Sep-2016 19:09:13.478 INFO [main] org.apache.catalina.startup.Catalina.start Server startup in 8686 ms
19-Sep-2016 19:09:36.824 INFO [http-nio-8080-exec-1] org.apache.catalina.startup.HostConfig.undeploy Undeploying context [/mycontext]
19-Sep-2016 19:09:37.549 INFO [http-nio-8080-exec-1] org.apache.catalina.startup.HostConfig.deployWAR Deploying web application archive /home/ubuntu/workspace/tomcat-mysql-c9-master/tomcat/webapps/mycontext.war
19-Sep-2016 19:09:47.723 INFO [http-nio-8080-exec-1] org.apache.catalina.startup.HostConfig.deployWAR Deployment of web application archive /home/ubuntu/workspace/tomcat-mysql-c9-master/tomcat/webapps/mycontext.war has finished in 10,173 ms
19-Sep-2016 19:13:40.495 INFO [http-nio-8080-exec-8] org.apache.catalina.startup.HostConfig.undeploy Undeploying context [/mycontext]
19-Sep-2016 19:13:41.749 INFO [http-nio-8080-exec-8] org.apache.catalina.startup.HostConfig.deployWAR Deploying web application archive /home/ubuntu/workspace/tomcat-mysql-c9-master/tomcat/webapps/mycontext.war
19-Sep-2016 19:14:00.672 INFO [http-nio-8080-exec-8] org.apache.catalina.startup.HostConfig.deployWAR Deployment of web application archive /home/ubuntu/workspace/tomcat-mysql-c9-master/tomcat/webapps/mycontext.war has finished in 18,924 ms
19-Sep-2016 19:15:55.270 INFO [http-nio-8080-exec-9] org.apache.catalina.startup.HostConfig.undeploy Undeploying context [/mycontext]
19-Sep-2016 19:15:56.371 INFO [http-nio-8080-exec-9] org.apache.catalina.startup.HostConfig.deployWAR Deploying web application archive /home/ubuntu/workspace/tomcat-mysql-c9-master/tomcat/webapps/mycontext.war
19-Sep-2016 19:16:19.215 INFO [http-nio-8080-exec-9] org.apache.catalina.startup.HostConfig.deployWAR Deployment of web application archive /home/ubuntu/workspace/tomcat-mysql-c9-master/tomcat/webapps/mycontext.war has finished in 22,842 ms
19-Sep-2016 19:32:57.641 INFO [http-nio-8080-exec-17] org.apache.catalina.startup.HostConfig.undeploy Undeploying context [/mycontext]
19-Sep-2016 19:32:58.780 INFO [http-nio-8080-exec-17] org.apache.catalina.startup.HostConfig.deployWAR Deploying web application archive /home/ubuntu/workspace/tomcat-mysql-c9-master/tomcat/webapps/mycontext.war
19-Sep-2016 19:33:08.756 INFO [http-nio-8080-exec-17] org.apache.catalina.startup.HostConfig.deployWAR Deployment of web application archive /home/ubuntu/workspace/tomcat-mysql-c9-master/tomcat/webapps/mycontext.war has finished in 9,950 ms
19-Sep-2016 19:39:55.128 INFO [http-nio-8080-exec-25] org.apache.catalina.startup.HostConfig.undeploy Undeploying context [/mycontext]
19-Sep-2016 19:39:56.914 INFO [http-nio-8080-exec-25] org.apache.catalina.startup.HostConfig.deployWAR Deploying web application archive /home/ubuntu/workspace/tomcat-mysql-c9-master/tomcat/webapps/mycontext.war
19-Sep-2016 19:40:04.957 INFO [http-nio-8080-exec-25] org.apache.catalina.startup.HostConfig.deployWAR Deployment of web application archive /home/ubuntu/workspace/tomcat-mysql-c9-master/tomcat/webapps/mycontext.war has finished in 8,035 ms
19-Sep-2016 19:50:38.870 INFO [http-nio-8080-exec-35] org.apache.catalina.startup.HostConfig.undeploy Undeploying context [/mycontext]
19-Sep-2016 19:50:40.620 INFO [http-nio-8080-exec-35] org.apache.catalina.startup.HostConfig.deployWAR Deploying web application archive /home/ubuntu/workspace/tomcat-mysql-c9-master/tomcat/webapps/mycontext.war
19-Sep-2016 19:50:49.831 INFO [http-nio-8080-exec-35] org.apache.catalina.startup.HostConfig.deployWAR Deployment of web application archive /home/ubuntu/workspace/tomcat-mysql-c9-master/tomcat/webapps/mycontext.war has finished in 9,206 ms
19-Sep-2016 19:52:29.145 INFO [http-nio-8080-exec-45] org.apache.catalina.startup.HostConfig.undeploy Undeploying context [/mycontext]
19-Sep-2016 19:52:30.705 INFO [http-nio-8080-exec-45] org.apache.catalina.startup.HostConfig.deployWAR Deploying web application archive /home/ubuntu/workspace/tomcat-mysql-c9-master/tomcat/webapps/mycontext.war
19-Sep-2016 19:52:37.780 INFO [http-nio-8080-exec-45] org.apache.catalina.startup.HostConfig.deployWAR Deployment of web application archive /home/ubuntu/workspace/tomcat-mysql-c9-master/tomcat/webapps/mycontext.war has finished in 7,076 ms
19-Sep-2016 20:03:40.608 INFO [http-nio-8080-exec-55] org.apache.catalina.startup.HostConfig.undeploy Undeploying context [/mycontext]
19-Sep-2016 20:03:41.655 INFO [http-nio-8080-exec-55] org.apache.catalina.startup.HostConfig.deployWAR Deploying web application archive /home/ubuntu/workspace/tomcat-mysql-c9-master/tomcat/webapps/mycontext.war
19-Sep-2016 20:04:30.772 INFO [http-nio-8080-exec-55] org.apache.catalina.startup.HostConfig.deployWAR Deployment of web application archive /home/ubuntu/workspace/tomcat-mysql-c9-master/tomcat/webapps/mycontext.war has finished in 49,121 ms
19-Sep-2016 20:12:55.584 INFO [http-nio-8080-exec-65] org.apache.catalina.startup.HostConfig.undeploy Undeploying context [/mycontext]
19-Sep-2016 20:12:56.675 INFO [http-nio-8080-exec-65] org.apache.catalina.startup.HostConfig.deployWAR Deploying web application archive /home/ubuntu/workspace/tomcat-mysql-c9-master/tomcat/webapps/mycontext.war
19-Sep-2016 20:13:08.223 INFO [http-nio-8080-exec-65] org.apache.catalina.startup.HostConfig.deployWAR Deployment of web application archive /home/ubuntu/workspace/tomcat-mysql-c9-master/tomcat/webapps/mycontext.war has finished in 11,543 ms
19-Sep-2016 20:16:57.851 INFO [http-nio-8080-exec-75] org.apache.catalina.startup.HostConfig.undeploy Undeploying context [/mycontext]
19-Sep-2016 20:16:58.849 INFO [http-nio-8080-exec-75] org.apache.catalina.startup.HostConfig.deployWAR Deploying web application archive /home/ubuntu/workspace/tomcat-mysql-c9-master/tomcat/webapps/mycontext.war
19-Sep-2016 20:17:09.724 INFO [http-nio-8080-exec-75] org.apache.catalina.startup.HostConfig.deployWAR Deployment of web application archive /home/ubuntu/workspace/tomcat-mysql-c9-master/tomcat/webapps/mycontext.war has finished in 10,870 ms
19-Sep-2016 20:24:26.636 INFO [http-nio-8080-exec-85] org.apache.catalina.startup.HostConfig.undeploy Undeploying context [/mycontext]
19-Sep-2016 20:24:27.742 INFO [http-nio-8080-exec-85] org.apache.catalina.startup.HostConfig.deployWAR Deploying web application archive /home/ubuntu/workspace/tomcat-mysql-c9-master/tomcat/webapps/mycontext.war
19-Sep-2016 20:25:12.645 INFO [http-nio-8080-exec-85] org.apache.catalina.startup.HostConfig.deployWAR Deployment of web application archive /home/ubuntu/workspace/tomcat-mysql-c9-master/tomcat/webapps/mycontext.war has finished in 44,902 ms
19-Sep-2016 20:26:18.994 SEVERE [http-nio-8080-exec-95] com.sun.jersey.api.client.ClientResponse.getEntity A message body reader for Java class org.sonatype.mavenbook.web.Example, and Java type class org.sonatype.mavenbook.web.Example, and MIME media type application/json; charset=utf-8 was not found
19-Sep-2016 20:26:19.003 SEVERE [http-nio-8080-exec-95] com.sun.jersey.api.client.ClientResponse.getEntity The registered message body readers compatible with the MIME media type are:
*/* ->
  com.sun.jersey.core.impl.provider.entity.FormProvider
  com.sun.jersey.core.impl.provider.entity.StringProvider
  com.sun.jersey.core.impl.provider.entity.ByteArrayProvider
  com.sun.jersey.core.impl.provider.entity.FileProvider
  com.sun.jersey.core.impl.provider.entity.InputStreamProvider
  com.sun.jersey.core.impl.provider.entity.DataSourceProvider
  com.sun.jersey.core.impl.provider.entity.XMLJAXBElementProvider$General
  com.sun.jersey.core.impl.provider.entity.ReaderProvider
  com.sun.jersey.core.impl.provider.entity.DocumentProvider
  com.sun.jersey.core.impl.provider.entity.SourceProvider$StreamSourceReader
  com.sun.jersey.core.impl.provider.entity.SourceProvider$SAXSourceReader
  com.sun.jersey.core.impl.provider.entity.SourceProvider$DOMSourceReader
  com.sun.jersey.core.impl.provider.entity.XMLRootElementProvider$General
  com.sun.jersey.core.impl.provider.entity.XMLListElementProvider$General
  com.sun.jersey.core.impl.provider.entity.XMLRootObjectProvider$General
  com.sun.jersey.core.impl.provider.entity.EntityHolderReader

