19-Sep-2016 16:21:59.553 INFO [http-nio-8080-exec-3] org.apache.catalina.core.ApplicationContext.log Manager: init: Associated with Deployer 'Catalina:type=Deployer,host=localhost'
19-Sep-2016 16:21:59.557 INFO [http-nio-8080-exec-3] org.apache.catalina.core.ApplicationContext.log Manager: init: Global resources are available
19-Sep-2016 16:21:59.567 INFO [http-nio-8080-exec-3] org.apache.catalina.core.ApplicationContext.log Manager: undeploy: Undeploying web application at '/mycontext'
19-Sep-2016 16:23:12.421 INFO [http-nio-8080-exec-7] org.apache.catalina.core.ApplicationContext.log Manager: deploy: Deploying web application '/mycontext'
19-Sep-2016 16:23:12.422 INFO [http-nio-8080-exec-7] org.apache.catalina.core.ApplicationContext.log Manager: Uploading WAR file to /home/ubuntu/workspace/tomcat-mysql-c9-master/tomcat/webapps/mycontext.war
19-Sep-2016 16:24:05.573 INFO [http-nio-8080-exec-12] org.apache.catalina.core.ApplicationContext.log Manager: undeploy: Undeploying web application at '/mycontext'
19-Sep-2016 16:24:09.719 INFO [http-nio-8080-exec-4] org.apache.catalina.core.ApplicationContext.log Manager: deploy: Deploying web application '/mycontext'
19-Sep-2016 16:24:09.719 INFO [http-nio-8080-exec-4] org.apache.catalina.core.ApplicationContext.log Manager: Uploading WAR file to /home/ubuntu/workspace/tomcat-mysql-c9-master/tomcat/webapps/mycontext.war
19-Sep-2016 16:27:09.816 INFO [http-nio-8080-exec-17] org.apache.catalina.core.ApplicationContext.log Manager: undeploy: Undeploying web application at '/mycontext'
19-Sep-2016 16:27:14.057 INFO [http-nio-8080-exec-20] org.apache.catalina.core.ApplicationContext.log Manager: deploy: Deploying web application '/mycontext'
19-Sep-2016 16:27:14.057 INFO [http-nio-8080-exec-20] org.apache.catalina.core.ApplicationContext.log Manager: Uploading WAR file to /home/ubuntu/workspace/tomcat-mysql-c9-master/tomcat/webapps/mycontext.war
19-Sep-2016 16:28:59.465 INFO [http-nio-8080-exec-22] org.apache.catalina.core.ApplicationContext.log Manager: deploy: Deploying web application '/mycontext'
19-Sep-2016 16:28:59.485 INFO [http-nio-8080-exec-22] org.apache.catalina.core.ApplicationContext.log Manager: Uploading WAR file to /home/ubuntu/workspace/tomcat-mysql-c9-master/tomcat/webapps/mycontext.war.tmp
19-Sep-2016 16:30:51.567 INFO [http-nio-8080-exec-6] org.apache.catalina.core.ApplicationContext.log Manager: deploy: Deploying web application '/mycontext'
19-Sep-2016 16:30:51.580 INFO [http-nio-8080-exec-6] org.apache.catalina.core.ApplicationContext.log Manager: Uploading WAR file to /home/ubuntu/workspace/tomcat-mysql-c9-master/tomcat/webapps/mycontext.war.tmp
19-Sep-2016 16:32:57.945 INFO [http-nio-8080-exec-37] org.apache.catalina.core.ApplicationContext.log Manager: deploy: Deploying web application '/mycontext'
19-Sep-2016 16:32:57.945 INFO [http-nio-8080-exec-37] org.apache.catalina.core.ApplicationContext.log Manager: Uploading WAR file to /home/ubuntu/workspace/tomcat-mysql-c9-master/tomcat/webapps/mycontext.war.tmp
19-Sep-2016 16:35:22.180 INFO [http-nio-8080-exec-43] org.apache.catalina.core.ApplicationContext.log Manager: deploy: Deploying web application '/mycontext'
19-Sep-2016 16:35:22.199 INFO [http-nio-8080-exec-43] org.apache.catalina.core.ApplicationContext.log Manager: Uploading WAR file to /home/ubuntu/workspace/tomcat-mysql-c9-master/tomcat/webapps/mycontext.war.tmp
19-Sep-2016 16:37:25.692 INFO [http-nio-8080-exec-49] org.apache.catalina.core.ApplicationContext.log Manager: deploy: Deploying web application '/mycontext'
19-Sep-2016 16:37:25.699 INFO [http-nio-8080-exec-49] org.apache.catalina.core.ApplicationContext.log Manager: Uploading WAR file to /home/ubuntu/workspace/tomcat-mysql-c9-master/tomcat/webapps/mycontext.war.tmp
19-Sep-2016 16:38:11.291 INFO [http-nio-8080-exec-51] org.apache.catalina.core.ApplicationContext.log Manager: deploy: Deploying web application '/mycontext'
19-Sep-2016 16:38:11.314 INFO [http-nio-8080-exec-51] org.apache.catalina.core.ApplicationContext.log Manager: Uploading WAR file to /home/ubuntu/workspace/tomcat-mysql-c9-master/tomcat/webapps/mycontext.war.tmp
19-Sep-2016 16:42:10.263 INFO [http-nio-8080-exec-56] org.apache.catalina.core.ApplicationContext.log Manager: deploy: Deploying web application '/mycontext'
19-Sep-2016 16:42:10.292 INFO [http-nio-8080-exec-56] org.apache.catalina.core.ApplicationContext.log Manager: Uploading WAR file to /home/ubuntu/workspace/tomcat-mysql-c9-master/tomcat/webapps/mycontext.war.tmp
19-Sep-2016 18:00:43.351 INFO [http-nio-8080-exec-62] org.apache.catalina.core.ApplicationContext.log Manager: deploy: Deploying web application '/mycontext'
19-Sep-2016 18:00:43.373 INFO [http-nio-8080-exec-62] org.apache.catalina.core.ApplicationContext.log Manager: Uploading WAR file to /home/ubuntu/workspace/tomcat-mysql-c9-master/tomcat/webapps/mycontext.war.tmp
19-Sep-2016 18:06:19.304 INFO [http-nio-8080-exec-72] org.apache.catalina.core.ApplicationContext.log Manager: deploy: Deploying web application '/mycontext'
19-Sep-2016 18:06:19.315 INFO [http-nio-8080-exec-72] org.apache.catalina.core.ApplicationContext.log Manager: Uploading WAR file to /home/ubuntu/workspace/tomcat-mysql-c9-master/tomcat/webapps/mycontext.war.tmp
19-Sep-2016 18:11:28.795 INFO [http-nio-8080-exec-82] org.apache.catalina.core.ApplicationContext.log Manager: deploy: Deploying web application '/mycontext'
19-Sep-2016 18:11:28.827 INFO [http-nio-8080-exec-82] org.apache.catalina.core.ApplicationContext.log Manager: Uploading WAR file to /home/ubuntu/workspace/tomcat-mysql-c9-master/tomcat/webapps/mycontext.war.tmp
19-Sep-2016 18:45:37.357 INFO [http-nio-8080-exec-90] org.apache.catalina.core.ApplicationContext.log Manager: deploy: Deploying web application '/mycontext'
19-Sep-2016 18:45:37.391 INFO [http-nio-8080-exec-90] org.apache.catalina.core.ApplicationContext.log Manager: Uploading WAR file to /home/ubuntu/workspace/tomcat-mysql-c9-master/tomcat/webapps/mycontext.war.tmp
19-Sep-2016 18:55:56.911 INFO [http-nio-8080-exec-103] org.apache.catalina.core.ApplicationContext.log Manager: deploy: Deploying web application '/mycontext'
19-Sep-2016 18:55:56.953 INFO [http-nio-8080-exec-103] org.apache.catalina.core.ApplicationContext.log Manager: Uploading WAR file to /home/ubuntu/workspace/tomcat-mysql-c9-master/tomcat/webapps/mycontext.war.tmp
19-Sep-2016 19:04:48.545 INFO [http-nio-8080-exec-111] org.apache.catalina.core.ApplicationContext.log Manager: deploy: Deploying web application '/mycontext'
19-Sep-2016 19:04:48.561 INFO [http-nio-8080-exec-111] org.apache.catalina.core.ApplicationContext.log Manager: Uploading WAR file to /home/ubuntu/workspace/tomcat-mysql-c9-master/tomcat/webapps/mycontext.war.tmp
19-Sep-2016 19:06:17.370 INFO [http-nio-8080-exec-119] org.apache.catalina.core.ApplicationContext.log Manager: deploy: Deploying web application '/mycontext'
19-Sep-2016 19:06:17.384 INFO [http-nio-8080-exec-119] org.apache.catalina.core.ApplicationContext.log Manager: Uploading WAR file to /home/ubuntu/workspace/tomcat-mysql-c9-master/tomcat/webapps/mycontext.war.tmp
19-Sep-2016 19:09:35.798 INFO [http-nio-8080-exec-1] org.apache.catalina.core.ApplicationContext.log Manager: init: Associated with Deployer 'Catalina:type=Deployer,host=localhost'
19-Sep-2016 19:09:35.812 INFO [http-nio-8080-exec-1] org.apache.catalina.core.ApplicationContext.log Manager: init: Global resources are available
19-Sep-2016 19:09:36.399 INFO [http-nio-8080-exec-1] org.apache.catalina.core.ApplicationContext.log Manager: deploy: Deploying web application '/mycontext'
19-Sep-2016 19:09:36.400 INFO [http-nio-8080-exec-1] org.apache.catalina.core.ApplicationContext.log Manager: Uploading WAR file to /home/ubuntu/workspace/tomcat-mysql-c9-master/tomcat/webapps/mycontext.war.tmp
19-Sep-2016 19:13:40.260 INFO [http-nio-8080-exec-8] org.apache.catalina.core.ApplicationContext.log Manager: deploy: Deploying web application '/mycontext'
19-Sep-2016 19:13:40.268 INFO [http-nio-8080-exec-8] org.apache.catalina.core.ApplicationContext.log Manager: Uploading WAR file to /home/ubuntu/workspace/tomcat-mysql-c9-master/tomcat/webapps/mycontext.war.tmp
19-Sep-2016 19:15:55.060 INFO [http-nio-8080-exec-9] org.apache.catalina.core.ApplicationContext.log Manager: deploy: Deploying web application '/mycontext'
19-Sep-2016 19:15:55.075 INFO [http-nio-8080-exec-9] org.apache.catalina.core.ApplicationContext.log Manager: Uploading WAR file to /home/ubuntu/workspace/tomcat-mysql-c9-master/tomcat/webapps/mycontext.war.tmp
19-Sep-2016 19:32:57.370 INFO [http-nio-8080-exec-17] org.apache.catalina.core.ApplicationContext.log Manager: deploy: Deploying web application '/mycontext'
19-Sep-2016 19:32:57.400 INFO [http-nio-8080-exec-17] org.apache.catalina.core.ApplicationContext.log Manager: Uploading WAR file to /home/ubuntu/workspace/tomcat-mysql-c9-master/tomcat/webapps/mycontext.war.tmp
19-Sep-2016 19:39:54.188 INFO [http-nio-8080-exec-25] org.apache.catalina.core.ApplicationContext.log Manager: deploy: Deploying web application '/mycontext'
19-Sep-2016 19:39:54.211 INFO [http-nio-8080-exec-25] org.apache.catalina.core.ApplicationContext.log Manager: Uploading WAR file to /home/ubuntu/workspace/tomcat-mysql-c9-master/tomcat/webapps/mycontext.war.tmp
19-Sep-2016 19:50:38.534 INFO [http-nio-8080-exec-35] org.apache.catalina.core.ApplicationContext.log Manager: deploy: Deploying web application '/mycontext'
19-Sep-2016 19:50:38.545 INFO [http-nio-8080-exec-35] org.apache.catalina.core.ApplicationContext.log Manager: Uploading WAR file to /home/ubuntu/workspace/tomcat-mysql-c9-master/tomcat/webapps/mycontext.war.tmp
19-Sep-2016 19:52:28.847 INFO [http-nio-8080-exec-45] org.apache.catalina.core.ApplicationContext.log Manager: deploy: Deploying web application '/mycontext'
19-Sep-2016 19:52:28.878 INFO [http-nio-8080-exec-45] org.apache.catalina.core.ApplicationContext.log Manager: Uploading WAR file to /home/ubuntu/workspace/tomcat-mysql-c9-master/tomcat/webapps/mycontext.war.tmp
19-Sep-2016 20:03:40.369 INFO [http-nio-8080-exec-55] org.apache.catalina.core.ApplicationContext.log Manager: deploy: Deploying web application '/mycontext'
19-Sep-2016 20:03:40.400 INFO [http-nio-8080-exec-55] org.apache.catalina.core.ApplicationContext.log Manager: Uploading WAR file to /home/ubuntu/workspace/tomcat-mysql-c9-master/tomcat/webapps/mycontext.war.tmp
19-Sep-2016 20:12:55.351 INFO [http-nio-8080-exec-65] org.apache.catalina.core.ApplicationContext.log Manager: deploy: Deploying web application '/mycontext'
19-Sep-2016 20:12:55.371 INFO [http-nio-8080-exec-65] org.apache.catalina.core.ApplicationContext.log Manager: Uploading WAR file to /home/ubuntu/workspace/tomcat-mysql-c9-master/tomcat/webapps/mycontext.war.tmp
19-Sep-2016 20:16:57.661 INFO [http-nio-8080-exec-75] org.apache.catalina.core.ApplicationContext.log Manager: deploy: Deploying web application '/mycontext'
19-Sep-2016 20:16:57.675 INFO [http-nio-8080-exec-75] org.apache.catalina.core.ApplicationContext.log Manager: Uploading WAR file to /home/ubuntu/workspace/tomcat-mysql-c9-master/tomcat/webapps/mycontext.war.tmp
19-Sep-2016 20:24:26.296 INFO [http-nio-8080-exec-85] org.apache.catalina.core.ApplicationContext.log Manager: deploy: Deploying web application '/mycontext'
19-Sep-2016 20:24:26.328 INFO [http-nio-8080-exec-85] org.apache.catalina.core.ApplicationContext.log Manager: Uploading WAR file to /home/ubuntu/workspace/tomcat-mysql-c9-master/tomcat/webapps/mycontext.war.tmp
